This file contains any messages produced by compilers while
running configure, to aid debugging if configure makes a mistake.

It was created by configure, which was
generated by GNU Autoconf 2.69.  Invocation command line was

  $ /home/stu/binutils-2.39/intl/configure --srcdir=.././intl --cache-file=./config.cache --with-gnu-as --with-gnu-ld --prefix=/home/stu/binutils-2.39/target --program-transform-name=s,y,y, --disable-option-checking --build=x86_64-pc-linux-gnu --host=riscv64-buildroot-linux-musl --target=riscv64-buildroot-linux-musl

## --------- ##
## Platform. ##
## --------- ##

hostname = gwins7-ubuntu
uname -m = x86_64
uname -r = 5.4.0-124-generic
uname -s = Linux
uname -v = #140-Ubuntu SMP Thu Aug 4 02:23:37 UTC 2022

/usr/bin/uname -p = x86_64
/bin/uname -X     = unknown

/bin/arch              = x86_64
/usr/bin/arch -k       = unknown
/usr/convex/getsysinfo = unknown
/usr/bin/hostinfo      = unknown
/bin/machine           = unknown
/usr/bin/oslevel       = unknown
/bin/universe          = unknown

PATH: /opt/riscv64-linux/bin
PATH: /usr/local/sbin
PATH: /usr/local/bin
PATH: /usr/sbin
PATH: /usr/bin
PATH: /sbin
PATH: /bin
PATH: /usr/games
PATH: /usr/local/games
PATH: /snap/bin
PATH: /home/stu/kendryte-toolchain/bin
PATH: /home/stu/riscv64--musl--bleeding-edge-2020.08-1/bin
PATH: /opt/qemu/bin
PATH: /home/stu/musl_gcc_x86/bin
PATH: /home/stu/good_gdb/bin


## ----------- ##
## Core tests. ##
## ----------- ##

configure:2133: creating cache ./config.cache
configure:2220: checking for riscv64-buildroot-linux-musl-gcc
configure:2247: result: riscv64-buildroot-linux-musl-gcc
configure:2516: checking for C compiler version
configure:2525: riscv64-buildroot-linux-musl-gcc --version >&5
riscv64-buildroot-linux-musl-gcc.br_real (Buildroot 2020.08-14-ge5a2a90) 10.2.0
Copyright (C) 2020 Free Software Foundation, Inc.
This is free software; see the source for copying conditions.  There is NO
warranty; not even for MERCHANTABILITY or FITNESS FOR A PARTICULAR PURPOSE.

configure:2536: $? = 0
configure:2525: riscv64-buildroot-linux-musl-gcc -v >&5
Using built-in specs.
COLLECT_GCC=/home/stu/riscv64--musl--bleeding-edge-2020.08-1/bin/riscv64-buildroot-linux-musl-gcc.br_real
COLLECT_LTO_WRAPPER=/home/stu/riscv64--musl--bleeding-edge-2020.08-1/bin/../libexec/gcc/riscv64-buildroot-linux-musl/10.2.0/lto-wrapper
Target: riscv64-buildroot-linux-musl
Configured with: ./configure --prefix=/opt/riscv64--musl--bleeding-edge-2020.08-1 --sysconfdir=/opt/riscv64--musl--bleeding-edge-2020.08-1/etc --enable-static --target=riscv64-buildroot-linux-musl --with-sysroot=/opt/riscv64--musl--bleeding-edge-2020.08-1/riscv64-buildroot-linux-musl/sysroot --enable-__cxa_atexit --with-gnu-ld --disable-libssp --disable-multilib --disable-decimal-float --with-gmp=/opt/riscv64--musl--bleeding-edge-2020.08-1 --with-mpc=/opt/riscv64--musl--bleeding-edge-2020.08-1 --with-mpfr=/opt/riscv64--musl--bleeding-edge-2020.08-1 --with-pkgversion='Buildroot 2020.08-14-ge5a2a90' --with-bugurl=http://bugs.buildroot.net/ --without-zstd --disable-libmpx --disable-libquadmath --disable-libquadmath-support --disable-libsanitizer --enable-tls --enable-threads --without-isl --without-cloog --with-arch=rv64imafd --with-abi=lp64 --enable-languages=c,c++,fortran --with-build-time-tools=/opt/riscv64--musl--bleeding-edge-2020.08-1/riscv64-buildroot-linux-musl/bin --enable-shared --disable-libgomp
Thread model: posix
Supported LTO compression algorithms: zlib
gcc version 10.2.0 (Buildroot 2020.08-14-ge5a2a90) 
configure:2536: $? = 0
configure:2525: riscv64-buildroot-linux-musl-gcc -V >&5
riscv64-buildroot-linux-musl-gcc.br_real: error: unrecognized command-line option '-V'
riscv64-buildroot-linux-musl-gcc.br_real: fatal error: no input files
compilation terminated.
configure:2536: $? = 1
configure:2525: riscv64-buildroot-linux-musl-gcc -qversion >&5
riscv64-buildroot-linux-musl-gcc.br_real: error: unrecognized command-line option '-qversion'; did you mean '--version'?
riscv64-buildroot-linux-musl-gcc.br_real: fatal error: no input files
compilation terminated.
configure:2536: $? = 1
configure:2556: checking whether the C compiler works
configure:2578: riscv64-buildroot-linux-musl-gcc -static       -static conftest.c  >&5
configure:2582: $? = 0
configure:2630: result: yes
configure:2633: checking for C compiler default output file name
configure:2635: result: a.out
configure:2641: checking for suffix of executables
configure:2648: riscv64-buildroot-linux-musl-gcc -o conftest -static       -static conftest.c  >&5
configure:2652: $? = 0
configure:2674: result: 
configure:2696: checking whether we are cross compiling
configure:2734: result: yes
configure:2739: checking for suffix of object files
configure:2761: riscv64-buildroot-linux-musl-gcc -c -static      conftest.c >&5
configure:2765: $? = 0
configure:2786: result: o
configure:2790: checking whether we are using the GNU C compiler
configure:2809: riscv64-buildroot-linux-musl-gcc -c -static      conftest.c >&5
configure:2809: $? = 0
configure:2818: result: yes
configure:2827: checking whether riscv64-buildroot-linux-musl-gcc accepts -g
configure:2847: riscv64-buildroot-linux-musl-gcc -c -g  conftest.c >&5
configure:2847: $? = 0
configure:2888: result: yes
configure:2905: checking for riscv64-buildroot-linux-musl-gcc option to accept ISO C89
configure:2968: riscv64-buildroot-linux-musl-gcc  -c -static      conftest.c >&5
configure:2968: $? = 0
configure:2981: result: none needed
configure:3007: checking how to run the C preprocessor
configure:3038: riscv64-buildroot-linux-musl-gcc -E  conftest.c
configure:3038: $? = 0
configure:3052: riscv64-buildroot-linux-musl-gcc -E  conftest.c
conftest.c:9:10: fatal error: ac_nonexistent.h: No such file or directory
    9 | #include <ac_nonexistent.h>
      |          ^~~~~~~~~~~~~~~~~~
compilation terminated.
configure:3052: $? = 1
configure: failed program was:
| /* confdefs.h */
| #define PACKAGE_NAME ""
| #define PACKAGE_TARNAME ""
| #define PACKAGE_VERSION ""
| #define PACKAGE_STRING ""
| #define PACKAGE_BUGREPORT ""
| #define PACKAGE_URL ""
| /* end confdefs.h.  */
| #include <ac_nonexistent.h>
configure:3077: result: riscv64-buildroot-linux-musl-gcc -E
configure:3097: riscv64-buildroot-linux-musl-gcc -E  conftest.c
configure:3097: $? = 0
configure:3111: riscv64-buildroot-linux-musl-gcc -E  conftest.c
conftest.c:9:10: fatal error: ac_nonexistent.h: No such file or directory
    9 | #include <ac_nonexistent.h>
      |          ^~~~~~~~~~~~~~~~~~
compilation terminated.
configure:3111: $? = 1
configure: failed program was:
| /* confdefs.h */
| #define PACKAGE_NAME ""
| #define PACKAGE_TARNAME ""
| #define PACKAGE_VERSION ""
| #define PACKAGE_STRING ""
| #define PACKAGE_BUGREPORT ""
| #define PACKAGE_URL ""
| /* end confdefs.h.  */
| #include <ac_nonexistent.h>
configure:3140: checking for grep that handles long lines and -e
configure:3198: result: /usr/bin/grep
configure:3203: checking for egrep
configure:3265: result: /usr/bin/grep -E
configure:3270: checking for ANSI C header files
configure:3290: riscv64-buildroot-linux-musl-gcc -c -static      conftest.c >&5
configure:3290: $? = 0
configure:3374: result: yes
configure:3387: checking for sys/types.h
configure:3387: riscv64-buildroot-linux-musl-gcc -c -static      conftest.c >&5
configure:3387: $? = 0
configure:3387: result: yes
configure:3387: checking for sys/stat.h
configure:3387: riscv64-buildroot-linux-musl-gcc -c -static      conftest.c >&5
configure:3387: $? = 0
configure:3387: result: yes
configure:3387: checking for stdlib.h
configure:3387: riscv64-buildroot-linux-musl-gcc -c -static      conftest.c >&5
configure:3387: $? = 0
configure:3387: result: yes
configure:3387: checking for string.h
configure:3387: riscv64-buildroot-linux-musl-gcc -c -static      conftest.c >&5
configure:3387: $? = 0
configure:3387: result: yes
configure:3387: checking for memory.h
configure:3387: riscv64-buildroot-linux-musl-gcc -c -static      conftest.c >&5
configure:3387: $? = 0
configure:3387: result: yes
configure:3387: checking for strings.h
configure:3387: riscv64-buildroot-linux-musl-gcc -c -static      conftest.c >&5
configure:3387: $? = 0
configure:3387: result: yes
configure:3387: checking for inttypes.h
configure:3387: riscv64-buildroot-linux-musl-gcc -c -static      conftest.c >&5
configure:3387: $? = 0
configure:3387: result: yes
configure:3387: checking for stdint.h
configure:3387: riscv64-buildroot-linux-musl-gcc -c -static      conftest.c >&5
configure:3387: $? = 0
configure:3387: result: yes
configure:3387: checking for unistd.h
configure:3387: riscv64-buildroot-linux-musl-gcc -c -static      conftest.c >&5
configure:3387: $? = 0
configure:3387: result: yes
configure:3400: checking minix/config.h usability
configure:3400: riscv64-buildroot-linux-musl-gcc -c -static      conftest.c >&5
conftest.c:52:10: fatal error: minix/config.h: No such file or directory
   52 | #include <minix/config.h>
      |          ^~~~~~~~~~~~~~~~
compilation terminated.
configure:3400: $? = 1
configure: failed program was:
| /* confdefs.h */
| #define PACKAGE_NAME ""
| #define PACKAGE_TARNAME ""
| #define PACKAGE_VERSION ""
| #define PACKAGE_STRING ""
| #define PACKAGE_BUGREPORT ""
| #define PACKAGE_URL ""
| #define STDC_HEADERS 1
| #define HAVE_SYS_TYPES_H 1
| #define HAVE_SYS_STAT_H 1
| #define HAVE_STDLIB_H 1
| #define HAVE_STRING_H 1
| #define HAVE_MEMORY_H 1
| #define HAVE_STRINGS_H 1
| #define HAVE_INTTYPES_H 1
| #define HAVE_STDINT_H 1
| #define HAVE_UNISTD_H 1
| /* end confdefs.h.  */
| #include <stdio.h>
| #ifdef HAVE_SYS_TYPES_H
| # include <sys/types.h>
| #endif
| #ifdef HAVE_SYS_STAT_H
| # include <sys/stat.h>
| #endif
| #ifdef STDC_HEADERS
| # include <stdlib.h>
| # include <stddef.h>
| #else
| # ifdef HAVE_STDLIB_H
| #  include <stdlib.h>
| # endif
| #endif
| #ifdef HAVE_STRING_H
| # if !defined STDC_HEADERS && defined HAVE_MEMORY_H
| #  include <memory.h>
| # endif
| # include <string.h>
| #endif
| #ifdef HAVE_STRINGS_H
| # include <strings.h>
| #endif
| #ifdef HAVE_INTTYPES_H
| # include <inttypes.h>
| #endif
| #ifdef HAVE_STDINT_H
| # include <stdint.h>
| #endif
| #ifdef HAVE_UNISTD_H
| # include <unistd.h>
| #endif
| #include <minix/config.h>
configure:3400: result: no
configure:3400: checking minix/config.h presence
configure:3400: riscv64-buildroot-linux-musl-gcc -E  conftest.c
conftest.c:19:10: fatal error: minix/config.h: No such file or directory
   19 | #include <minix/config.h>
      |          ^~~~~~~~~~~~~~~~
compilation terminated.
configure:3400: $? = 1
configure: failed program was:
| /* confdefs.h */
| #define PACKAGE_NAME ""
| #define PACKAGE_TARNAME ""
| #define PACKAGE_VERSION ""
| #define PACKAGE_STRING ""
| #define PACKAGE_BUGREPORT ""
| #define PACKAGE_URL ""
| #define STDC_HEADERS 1
| #define HAVE_SYS_TYPES_H 1
| #define HAVE_SYS_STAT_H 1
| #define HAVE_STDLIB_H 1
| #define HAVE_STRING_H 1
| #define HAVE_MEMORY_H 1
| #define HAVE_STRINGS_H 1
| #define HAVE_INTTYPES_H 1
| #define HAVE_STDINT_H 1
| #define HAVE_UNISTD_H 1
| /* end confdefs.h.  */
| #include <minix/config.h>
configure:3400: result: no
configure:3400: checking for minix/config.h
configure:3400: result: no
configure:3421: checking whether it is safe to define __EXTENSIONS__
configure:3439: riscv64-buildroot-linux-musl-gcc -c -static      conftest.c >&5
configure:3439: $? = 0
configure:3446: result: yes
configure:3465: checking whether make sets $(MAKE)
configure:3487: result: yes
configure:3539: checking for a BSD-compatible install
configure:3607: result: /usr/bin/install -c
configure:3632: checking whether NLS is requested
configure:3641: result: yes
configure:3679: checking for msgfmt
configure:3710: result: /usr/bin/msgfmt
configure:3719: checking for gmsgfmt
configure:3750: result: /usr/bin/msgfmt
configure:3790: checking for xgettext
configure:3821: result: /usr/bin/xgettext
configure:3861: checking for msgmerge
configure:3891: result: /usr/bin/msgmerge
configure:3930: checking build system type
configure:3944: result: x86_64-pc-linux-gnu
configure:3964: checking host system type
configure:3977: result: riscv64-buildroot-linux-musl
configure:4000: checking for riscv64-buildroot-linux-musl-ranlib
configure:4027: result: riscv64-buildroot-linux-musl-ranlib --plugin /home/stu/riscv64--musl--bleeding-edge-2020.08-1/bin/../libexec/gcc/riscv64-buildroot-linux-musl/10.2.0/liblto_plugin.so
configure:4089: checking for library containing strerror
configure:4120: riscv64-buildroot-linux-musl-gcc -o conftest -static       -static conftest.c  >&5
configure:4120: $? = 0
configure:4137: result: none required
configure:4145: checking for an ANSI C-conforming const
configure:4211: riscv64-buildroot-linux-musl-gcc -c -static      conftest.c >&5
configure:4211: $? = 0
configure:4218: result: yes
configure:4226: checking for inline
configure:4242: riscv64-buildroot-linux-musl-gcc -c -static      conftest.c >&5
configure:4242: $? = 0
configure:4250: result: inline
configure:4268: checking for off_t
configure:4268: riscv64-buildroot-linux-musl-gcc -c -static      conftest.c >&5
configure:4268: $? = 0
configure:4268: riscv64-buildroot-linux-musl-gcc -c -static      conftest.c >&5
conftest.c: In function 'main':
conftest.c:60:20: error: expected expression before ')' token
   60 | if (sizeof ((off_t)))
      |                    ^
configure:4268: $? = 1
configure: failed program was:
| /* confdefs.h */
| #define PACKAGE_NAME ""
| #define PACKAGE_TARNAME ""
| #define PACKAGE_VERSION ""
| #define PACKAGE_STRING ""
| #define PACKAGE_BUGREPORT ""
| #define PACKAGE_URL ""
| #define STDC_HEADERS 1
| #define HAVE_SYS_TYPES_H 1
| #define HAVE_SYS_STAT_H 1
| #define HAVE_STDLIB_H 1
| #define HAVE_STRING_H 1
| #define HAVE_MEMORY_H 1
| #define HAVE_STRINGS_H 1
| #define HAVE_INTTYPES_H 1
| #define HAVE_STDINT_H 1
| #define HAVE_UNISTD_H 1
| #define __EXTENSIONS__ 1
| #define _ALL_SOURCE 1
| #define _GNU_SOURCE 1
| #define _POSIX_PTHREAD_SEMANTICS 1
| #define _TANDEM_SOURCE 1
| /* end confdefs.h.  */
| #include <stdio.h>
| #ifdef HAVE_SYS_TYPES_H
| # include <sys/types.h>
| #endif
| #ifdef HAVE_SYS_STAT_H
| # include <sys/stat.h>
| #endif
| #ifdef STDC_HEADERS
| # include <stdlib.h>
| # include <stddef.h>
| #else
| # ifdef HAVE_STDLIB_H
| #  include <stdlib.h>
| # endif
| #endif
| #ifdef HAVE_STRING_H
| # if !defined STDC_HEADERS && defined HAVE_MEMORY_H
| #  include <memory.h>
| # endif
| # include <string.h>
| #endif
| #ifdef HAVE_STRINGS_H
| # include <strings.h>
| #endif
| #ifdef HAVE_INTTYPES_H
| # include <inttypes.h>
| #endif
| #ifdef HAVE_STDINT_H
| # include <stdint.h>
| #endif
| #ifdef HAVE_UNISTD_H
| # include <unistd.h>
| #endif
| int
| main ()
| {
| if (sizeof ((off_t)))
| 	    return 0;
|   ;
|   return 0;
| }
configure:4268: result: yes
configure:4279: checking for size_t
configure:4279: riscv64-buildroot-linux-musl-gcc -c -static      conftest.c >&5
configure:4279: $? = 0
configure:4279: riscv64-buildroot-linux-musl-gcc -c -static      conftest.c >&5
conftest.c: In function 'main':
conftest.c:60:21: error: expected expression before ')' token
   60 | if (sizeof ((size_t)))
      |                     ^
configure:4279: $? = 1
configure: failed program was:
| /* confdefs.h */
| #define PACKAGE_NAME ""
| #define PACKAGE_TARNAME ""
| #define PACKAGE_VERSION ""
| #define PACKAGE_STRING ""
| #define PACKAGE_BUGREPORT ""
| #define PACKAGE_URL ""
| #define STDC_HEADERS 1
| #define HAVE_SYS_TYPES_H 1
| #define HAVE_SYS_STAT_H 1
| #define HAVE_STDLIB_H 1
| #define HAVE_STRING_H 1
| #define HAVE_MEMORY_H 1
| #define HAVE_STRINGS_H 1
| #define HAVE_INTTYPES_H 1
| #define HAVE_STDINT_H 1
| #define HAVE_UNISTD_H 1
| #define __EXTENSIONS__ 1
| #define _ALL_SOURCE 1
| #define _GNU_SOURCE 1
| #define _POSIX_PTHREAD_SEMANTICS 1
| #define _TANDEM_SOURCE 1
| /* end confdefs.h.  */
| #include <stdio.h>
| #ifdef HAVE_SYS_TYPES_H
| # include <sys/types.h>
| #endif
| #ifdef HAVE_SYS_STAT_H
| # include <sys/stat.h>
| #endif
| #ifdef STDC_HEADERS
| # include <stdlib.h>
| # include <stddef.h>
| #else
| # ifdef HAVE_STDLIB_H
| #  include <stdlib.h>
| # endif
| #endif
| #ifdef HAVE_STRING_H
| # if !defined STDC_HEADERS && defined HAVE_MEMORY_H
| #  include <memory.h>
| # endif
| # include <string.h>
| #endif
| #ifdef HAVE_STRINGS_H
| # include <strings.h>
| #endif
| #ifdef HAVE_INTTYPES_H
| # include <inttypes.h>
| #endif
| #ifdef HAVE_STDINT_H
| # include <stdint.h>
| #endif
| #ifdef HAVE_UNISTD_H
| # include <unistd.h>
| #endif
| int
| main ()
| {
| if (sizeof ((size_t)))
| 	    return 0;
|   ;
|   return 0;
| }
configure:4279: result: yes
configure:4292: checking for working alloca.h
configure:4309: riscv64-buildroot-linux-musl-gcc -o conftest -static       -static conftest.c  >&5
configure:4309: $? = 0
configure:4317: result: yes
configure:4325: checking for alloca
configure:4362: riscv64-buildroot-linux-musl-gcc -o conftest -static       -static conftest.c  >&5
configure:4362: $? = 0
configure:4370: result: yes
configure:4482: checking for stdlib.h
configure:4482: result: yes
configure:4482: checking for unistd.h
configure:4482: result: yes
configure:4482: checking for sys/param.h
configure:4482: riscv64-buildroot-linux-musl-gcc -c -static      conftest.c >&5
configure:4482: $? = 0
configure:4482: result: yes
configure:4502: checking for getpagesize
configure:4502: riscv64-buildroot-linux-musl-gcc -o conftest -static       -static conftest.c  >&5
configure:4502: $? = 0
configure:4502: result: yes
configure:4511: checking for working mmap
configure:4668: result: no
configure:4678: checking whether we are using the GNU C Library 2.1 or newer
configure:4705: result: no
configure:4713: checking whether integer division by zero raises SIGFPE
configure:4781: result: guessing no
configure:4794: checking for inttypes.h
configure:4811: riscv64-buildroot-linux-musl-gcc -c -static      conftest.c >&5
configure:4811: $? = 0
configure:4818: result: yes
configure:4829: checking for stdint.h
configure:4846: riscv64-buildroot-linux-musl-gcc -c -static      conftest.c >&5
configure:4846: $? = 0
configure:4853: result: yes
configure:4864: checking for unsigned long long
configure:4881: riscv64-buildroot-linux-musl-gcc -o conftest -static       -static conftest.c  >&5
configure:4881: $? = 0
configure:4889: result: yes
configure:4917: checking for inttypes.h
configure:4935: riscv64-buildroot-linux-musl-gcc -c -static      conftest.c >&5
configure:4935: $? = 0
configure:4943: result: yes
configure:4956: checking whether the inttypes.h PRIxNN macros are broken
configure:4977: riscv64-buildroot-linux-musl-gcc -c -static      conftest.c >&5
configure:4977: $? = 0
configure:4985: result: no
configure:5036: checking for ld used by GCC
configure:5099: result: /home/stu/riscv64--musl--bleeding-edge-2020.08-1/bin/../lib/gcc/riscv64-buildroot-linux-musl/10.2.0/../../../../riscv64-buildroot-linux-musl/bin/ld
configure:5106: checking if the linker (/home/stu/riscv64--musl--bleeding-edge-2020.08-1/bin/../lib/gcc/riscv64-buildroot-linux-musl/10.2.0/../../../../riscv64-buildroot-linux-musl/bin/ld) is GNU ld
GNU ld (GNU Binutils) 2.34
configure:5118: result: yes
configure:5124: checking for shared library run path origin
configure:5137: result: done
configure:5558: checking argz.h usability
configure:5558: riscv64-buildroot-linux-musl-gcc -c -static      conftest.c >&5
conftest.c:69:10: fatal error: argz.h: No such file or directory
   69 | #include <argz.h>
      |          ^~~~~~~~
compilation terminated.
configure:5558: $? = 1
configure: failed program was:
| /* confdefs.h */
| #define PACKAGE_NAME ""
| #define PACKAGE_TARNAME ""
| #define PACKAGE_VERSION ""
| #define PACKAGE_STRING ""
| #define PACKAGE_BUGREPORT ""
| #define PACKAGE_URL ""
| #define STDC_HEADERS 1
| #define HAVE_SYS_TYPES_H 1
| #define HAVE_SYS_STAT_H 1
| #define HAVE_STDLIB_H 1
| #define HAVE_STRING_H 1
| #define HAVE_MEMORY_H 1
| #define HAVE_STRINGS_H 1
| #define HAVE_INTTYPES_H 1
| #define HAVE_STDINT_H 1
| #define HAVE_UNISTD_H 1
| #define __EXTENSIONS__ 1
| #define _ALL_SOURCE 1
| #define _GNU_SOURCE 1
| #define _POSIX_PTHREAD_SEMANTICS 1
| #define _TANDEM_SOURCE 1
| #define HAVE_ALLOCA_H 1
| #define HAVE_ALLOCA 1
| #define HAVE_STDLIB_H 1
| #define HAVE_UNISTD_H 1
| #define HAVE_SYS_PARAM_H 1
| #define HAVE_GETPAGESIZE 1
| #define INTDIV0_RAISES_SIGFPE 0
| #define HAVE_INTTYPES_H_WITH_UINTMAX 1
| #define HAVE_STDINT_H_WITH_UINTMAX 1
| #define HAVE_UNSIGNED_LONG_LONG 1
| #define HAVE_UINTMAX_T 1
| #define HAVE_INTTYPES_H 1
| /* end confdefs.h.  */
| #include <stdio.h>
| #ifdef HAVE_SYS_TYPES_H
| # include <sys/types.h>
| #endif
| #ifdef HAVE_SYS_STAT_H
| # include <sys/stat.h>
| #endif
| #ifdef STDC_HEADERS
| # include <stdlib.h>
| # include <stddef.h>
| #else
| # ifdef HAVE_STDLIB_H
| #  include <stdlib.h>
| # endif
| #endif
| #ifdef HAVE_STRING_H
| # if !defined STDC_HEADERS && defined HAVE_MEMORY_H
| #  include <memory.h>
| # endif
| # include <string.h>
| #endif
| #ifdef HAVE_STRINGS_H
| # include <strings.h>
| #endif
| #ifdef HAVE_INTTYPES_H
| # include <inttypes.h>
| #endif
| #ifdef HAVE_STDINT_H
| # include <stdint.h>
| #endif
| #ifdef HAVE_UNISTD_H
| # include <unistd.h>
| #endif
| #include <argz.h>
configure:5558: result: no
configure:5558: checking argz.h presence
configure:5558: riscv64-buildroot-linux-musl-gcc -E  conftest.c
conftest.c:36:10: fatal error: argz.h: No such file or directory
   36 | #include <argz.h>
      |          ^~~~~~~~
compilation terminated.
configure:5558: $? = 1
configure: failed program was:
| /* confdefs.h */
| #define PACKAGE_NAME ""
| #define PACKAGE_TARNAME ""
| #define PACKAGE_VERSION ""
| #define PACKAGE_STRING ""
| #define PACKAGE_BUGREPORT ""
| #define PACKAGE_URL ""
| #define STDC_HEADERS 1
| #define HAVE_SYS_TYPES_H 1
| #define HAVE_SYS_STAT_H 1
| #define HAVE_STDLIB_H 1
| #define HAVE_STRING_H 1
| #define HAVE_MEMORY_H 1
| #define HAVE_STRINGS_H 1
| #define HAVE_INTTYPES_H 1
| #define HAVE_STDINT_H 1
| #define HAVE_UNISTD_H 1
| #define __EXTENSIONS__ 1
| #define _ALL_SOURCE 1
| #define _GNU_SOURCE 1
| #define _POSIX_PTHREAD_SEMANTICS 1
| #define _TANDEM_SOURCE 1
| #define HAVE_ALLOCA_H 1
| #define HAVE_ALLOCA 1
| #define HAVE_STDLIB_H 1
| #define HAVE_UNISTD_H 1
| #define HAVE_SYS_PARAM_H 1
| #define HAVE_GETPAGESIZE 1
| #define INTDIV0_RAISES_SIGFPE 0
| #define HAVE_INTTYPES_H_WITH_UINTMAX 1
| #define HAVE_STDINT_H_WITH_UINTMAX 1
| #define HAVE_UNSIGNED_LONG_LONG 1
| #define HAVE_UINTMAX_T 1
| #define HAVE_INTTYPES_H 1
| /* end confdefs.h.  */
| #include <argz.h>
configure:5558: result: no
configure:5558: checking for argz.h
configure:5558: result: no
configure:5558: checking limits.h usability
configure:5558: riscv64-buildroot-linux-musl-gcc -c -static      conftest.c >&5
configure:5558: $? = 0
configure:5558: result: yes
configure:5558: checking limits.h presence
configure:5558: riscv64-buildroot-linux-musl-gcc -E  conftest.c
configure:5558: $? = 0
configure:5558: result: yes
configure:5558: checking for limits.h
configure:5558: result: yes
configure:5558: checking locale.h usability
configure:5558: riscv64-buildroot-linux-musl-gcc -c -static      conftest.c >&5
configure:5558: $? = 0
configure:5558: result: yes
configure:5558: checking locale.h presence
configure:5558: riscv64-buildroot-linux-musl-gcc -E  conftest.c
configure:5558: $? = 0
configure:5558: result: yes
configure:5558: checking for locale.h
configure:5558: result: yes
configure:5558: checking nl_types.h usability
configure:5558: riscv64-buildroot-linux-musl-gcc -c -static      conftest.c >&5
configure:5558: $? = 0
configure:5558: result: yes
configure:5558: checking nl_types.h presence
configure:5558: riscv64-buildroot-linux-musl-gcc -E  conftest.c
configure:5558: $? = 0
configure:5558: result: yes
configure:5558: checking for nl_types.h
configure:5558: result: yes
configure:5558: checking malloc.h usability
configure:5558: riscv64-buildroot-linux-musl-gcc -c -static      conftest.c >&5
configure:5558: $? = 0
configure:5558: result: yes
configure:5558: checking malloc.h presence
configure:5558: riscv64-buildroot-linux-musl-gcc -E  conftest.c
configure:5558: $? = 0
configure:5558: result: yes
configure:5558: checking for malloc.h
configure:5558: result: yes
configure:5558: checking stddef.h usability
configure:5558: riscv64-buildroot-linux-musl-gcc -c -static      conftest.c >&5
configure:5558: $? = 0
configure:5558: result: yes
configure:5558: checking stddef.h presence
configure:5558: riscv64-buildroot-linux-musl-gcc -E  conftest.c
configure:5558: $? = 0
configure:5558: result: yes
configure:5558: checking for stddef.h
configure:5558: result: yes
configure:5558: checking for stdlib.h
configure:5558: result: yes
configure:5558: checking for string.h
configure:5558: result: yes
configure:5558: checking for unistd.h
configure:5558: result: yes
configure:5558: checking for sys/param.h
configure:5558: result: yes
configure:5574: checking for feof_unlocked
configure:5574: riscv64-buildroot-linux-musl-gcc -o conftest -static       -static conftest.c  >&5
configure:5574: $? = 0
configure:5574: result: yes
configure:5574: checking for fgets_unlocked
configure:5574: riscv64-buildroot-linux-musl-gcc -o conftest -static       -static conftest.c  >&5
configure:5574: $? = 0
configure:5574: result: yes
configure:5574: checking for getc_unlocked
configure:5574: riscv64-buildroot-linux-musl-gcc -o conftest -static       -static conftest.c  >&5
configure:5574: $? = 0
configure:5574: result: yes
configure:5574: checking for getcwd
configure:5574: riscv64-buildroot-linux-musl-gcc -o conftest -static       -static conftest.c  >&5
configure:5574: $? = 0
configure:5574: result: yes
configure:5574: checking for getegid
configure:5574: riscv64-buildroot-linux-musl-gcc -o conftest -static       -static conftest.c  >&5
configure:5574: $? = 0
configure:5574: result: yes
configure:5574: checking for geteuid
configure:5574: riscv64-buildroot-linux-musl-gcc -o conftest -static       -static conftest.c  >&5
configure:5574: $? = 0
configure:5574: result: yes
configure:5574: checking for getgid
configure:5574: riscv64-buildroot-linux-musl-gcc -o conftest -static       -static conftest.c  >&5
configure:5574: $? = 0
configure:5574: result: yes
configure:5574: checking for getuid
configure:5574: riscv64-buildroot-linux-musl-gcc -o conftest -static       -static conftest.c  >&5
configure:5574: $? = 0
configure:5574: result: yes
configure:5574: checking for mempcpy
configure:5574: riscv64-buildroot-linux-musl-gcc -o conftest -static       -static conftest.c  >&5
conftest.c:76:6: warning: conflicting types for built-in function 'mempcpy'; expected 'void *(void *, const void *, long unsigned int)' [-Wbuiltin-declaration-mismatch]
   76 | char mempcpy ();
      |      ^~~~~~~
configure:5574: $? = 0
configure:5574: result: yes
configure:5574: checking for munmap
configure:5574: riscv64-buildroot-linux-musl-gcc -o conftest -static       -static conftest.c  >&5
configure:5574: $? = 0
configure:5574: result: yes
configure:5574: checking for putenv
configure:5574: riscv64-buildroot-linux-musl-gcc -o conftest -static       -static conftest.c  >&5
configure:5574: $? = 0
configure:5574: result: yes
configure:5574: checking for setenv
configure:5574: riscv64-buildroot-linux-musl-gcc -o conftest -static       -static conftest.c  >&5
configure:5574: $? = 0
configure:5574: result: yes
configure:5574: checking for setlocale
configure:5574: riscv64-buildroot-linux-musl-gcc -o conftest -static       -static conftest.c  >&5
configure:5574: $? = 0
configure:5574: result: yes
configure:5574: checking for stpcpy
configure:5574: riscv64-buildroot-linux-musl-gcc -o conftest -static       -static conftest.c  >&5
conftest.c:81:6: warning: conflicting types for built-in function 'stpcpy'; expected 'char *(char *, const char *)' [-Wbuiltin-declaration-mismatch]
   81 | char stpcpy ();
      |      ^~~~~~
configure:5574: $? = 0
configure:5574: result: yes
configure:5574: checking for strcasecmp
configure:5574: riscv64-buildroot-linux-musl-gcc -o conftest -static       -static conftest.c  >&5
conftest.c:82:6: warning: conflicting types for built-in function 'strcasecmp'; expected 'int(const char *, const char *)' [-Wbuiltin-declaration-mismatch]
   82 | char strcasecmp ();
      |      ^~~~~~~~~~
configure:5574: $? = 0
configure:5574: result: yes
configure:5574: checking for strdup
configure:5574: riscv64-buildroot-linux-musl-gcc -o conftest -static       -static conftest.c  >&5
conftest.c:83:6: warning: conflicting types for built-in function 'strdup'; expected 'char *(const char *)' [-Wbuiltin-declaration-mismatch]
   83 | char strdup ();
      |      ^~~~~~
configure:5574: $? = 0
configure:5574: result: yes
configure:5574: checking for strtoul
configure:5574: riscv64-buildroot-linux-musl-gcc -o conftest -static       -static conftest.c  >&5
configure:5574: $? = 0
configure:5574: result: yes
configure:5574: checking for tsearch
configure:5574: riscv64-buildroot-linux-musl-gcc -o conftest -static       -static conftest.c  >&5
configure:5574: $? = 0
configure:5574: result: yes
configure:5574: checking for __argz_count
configure:5574: riscv64-buildroot-linux-musl-gcc -o conftest -static       -static conftest.c  >&5
/home/stu/riscv64--musl--bleeding-edge-2020.08-1/bin/../lib/gcc/riscv64-buildroot-linux-musl/10.2.0/../../../../riscv64-buildroot-linux-musl/bin/ld: /tmp/cc6K87PD.o: in function `main':
conftest.c:(.text+0x10): undefined reference to `__argz_count'
collect2: error: ld returned 1 exit status
configure:5574: $? = 1
configure: failed program was:
| /* confdefs.h */
| #define PACKAGE_NAME ""
| #define PACKAGE_TARNAME ""
| #define PACKAGE_VERSION ""
| #define PACKAGE_STRING ""
| #define PACKAGE_BUGREPORT ""
| #define PACKAGE_URL ""
| #define STDC_HEADERS 1
| #define HAVE_SYS_TYPES_H 1
| #define HAVE_SYS_STAT_H 1
| #define HAVE_STDLIB_H 1
| #define HAVE_STRING_H 1
| #define HAVE_MEMORY_H 1
| #define HAVE_STRINGS_H 1
| #define HAVE_INTTYPES_H 1
| #define HAVE_STDINT_H 1
| #define HAVE_UNISTD_H 1
| #define __EXTENSIONS__ 1
| #define _ALL_SOURCE 1
| #define _GNU_SOURCE 1
| #define _POSIX_PTHREAD_SEMANTICS 1
| #define _TANDEM_SOURCE 1
| #define HAVE_ALLOCA_H 1
| #define HAVE_ALLOCA 1
| #define HAVE_STDLIB_H 1
| #define HAVE_UNISTD_H 1
| #define HAVE_SYS_PARAM_H 1
| #define HAVE_GETPAGESIZE 1
| #define INTDIV0_RAISES_SIGFPE 0
| #define HAVE_INTTYPES_H_WITH_UINTMAX 1
| #define HAVE_STDINT_H_WITH_UINTMAX 1
| #define HAVE_UNSIGNED_LONG_LONG 1
| #define HAVE_UINTMAX_T 1
| #define HAVE_INTTYPES_H 1
| #define HAVE_LIMITS_H 1
| #define HAVE_LOCALE_H 1
| #define HAVE_NL_TYPES_H 1
| #define HAVE_MALLOC_H 1
| #define HAVE_STDDEF_H 1
| #define HAVE_STDLIB_H 1
| #define HAVE_STRING_H 1
| #define HAVE_UNISTD_H 1
| #define HAVE_SYS_PARAM_H 1
| #define HAVE_FEOF_UNLOCKED 1
| #define HAVE_FGETS_UNLOCKED 1
| #define HAVE_GETC_UNLOCKED 1
| #define HAVE_GETCWD 1
| #define HAVE_GETEGID 1
| #define HAVE_GETEUID 1
| #define HAVE_GETGID 1
| #define HAVE_GETUID 1
| #define HAVE_MEMPCPY 1
| #define HAVE_MUNMAP 1
| #define HAVE_PUTENV 1
| #define HAVE_SETENV 1
| #define HAVE_SETLOCALE 1
| #define HAVE_STPCPY 1
| #define HAVE_STRCASECMP 1
| #define HAVE_STRDUP 1
| #define HAVE_STRTOUL 1
| #define HAVE_TSEARCH 1
| /* end confdefs.h.  */
| /* Define __argz_count to an innocuous variant, in case <limits.h> declares __argz_count.
|    For example, HP-UX 11i <limits.h> declares gettimeofday.  */
| #define __argz_count innocuous___argz_count
| 
| /* System header to define __stub macros and hopefully few prototypes,
|     which can conflict with char __argz_count (); below.
|     Prefer <limits.h> to <assert.h> if __STDC__ is defined, since
|     <limits.h> exists even on freestanding compilers.  */
| 
| #ifdef __STDC__
| # include <limits.h>
| #else
| # include <assert.h>
| #endif
| 
| #undef __argz_count
| 
| /* Override any GCC internal prototype to avoid an error.
|    Use char because int might match the return type of a GCC
|    builtin and then its argument prototype would still apply.  */
| #ifdef __cplusplus
| extern "C"
| #endif
| char __argz_count ();
| /* The GNU C library defines this for functions which it implements
|     to always fail with ENOSYS.  Some functions are actually named
|     something starting with __ and the normal name is an alias.  */
| #if defined __stub___argz_count || defined __stub_____argz_count
| choke me
| #endif
| 
| int
| main ()
| {
| return __argz_count ();
|   ;
|   return 0;
| }
configure:5574: result: no
configure:5574: checking for __argz_stringify
configure:5574: riscv64-buildroot-linux-musl-gcc -o conftest -static       -static conftest.c  >&5
/home/stu/riscv64--musl--bleeding-edge-2020.08-1/bin/../lib/gcc/riscv64-buildroot-linux-musl/10.2.0/../../../../riscv64-buildroot-linux-musl/bin/ld: /tmp/ccqjzdIX.o: in function `main':
conftest.c:(.text+0x10): undefined reference to `__argz_stringify'
collect2: error: ld returned 1 exit status
configure:5574: $? = 1
configure: failed program was:
| /* confdefs.h */
| #define PACKAGE_NAME ""
| #define PACKAGE_TARNAME ""
| #define PACKAGE_VERSION ""
| #define PACKAGE_STRING ""
| #define PACKAGE_BUGREPORT ""
| #define PACKAGE_URL ""
| #define STDC_HEADERS 1
| #define HAVE_SYS_TYPES_H 1
| #define HAVE_SYS_STAT_H 1
| #define HAVE_STDLIB_H 1
| #define HAVE_STRING_H 1
| #define HAVE_MEMORY_H 1
| #define HAVE_STRINGS_H 1
| #define HAVE_INTTYPES_H 1
| #define HAVE_STDINT_H 1
| #define HAVE_UNISTD_H 1
| #define __EXTENSIONS__ 1
| #define _ALL_SOURCE 1
| #define _GNU_SOURCE 1
| #define _POSIX_PTHREAD_SEMANTICS 1
| #define _TANDEM_SOURCE 1
| #define HAVE_ALLOCA_H 1
| #define HAVE_ALLOCA 1
| #define HAVE_STDLIB_H 1
| #define HAVE_UNISTD_H 1
| #define HAVE_SYS_PARAM_H 1
| #define HAVE_GETPAGESIZE 1
| #define INTDIV0_RAISES_SIGFPE 0
| #define HAVE_INTTYPES_H_WITH_UINTMAX 1
| #define HAVE_STDINT_H_WITH_UINTMAX 1
| #define HAVE_UNSIGNED_LONG_LONG 1
| #define HAVE_UINTMAX_T 1
| #define HAVE_INTTYPES_H 1
| #define HAVE_LIMITS_H 1
| #define HAVE_LOCALE_H 1
| #define HAVE_NL_TYPES_H 1
| #define HAVE_MALLOC_H 1
| #define HAVE_STDDEF_H 1
| #define HAVE_STDLIB_H 1
| #define HAVE_STRING_H 1
| #define HAVE_UNISTD_H 1
| #define HAVE_SYS_PARAM_H 1
| #define HAVE_FEOF_UNLOCKED 1
| #define HAVE_FGETS_UNLOCKED 1
| #define HAVE_GETC_UNLOCKED 1
| #define HAVE_GETCWD 1
| #define HAVE_GETEGID 1
| #define HAVE_GETEUID 1
| #define HAVE_GETGID 1
| #define HAVE_GETUID 1
| #define HAVE_MEMPCPY 1
| #define HAVE_MUNMAP 1
| #define HAVE_PUTENV 1
| #define HAVE_SETENV 1
| #define HAVE_SETLOCALE 1
| #define HAVE_STPCPY 1
| #define HAVE_STRCASECMP 1
| #define HAVE_STRDUP 1
| #define HAVE_STRTOUL 1
| #define HAVE_TSEARCH 1
| /* end confdefs.h.  */
| /* Define __argz_stringify to an innocuous variant, in case <limits.h> declares __argz_stringify.
|    For example, HP-UX 11i <limits.h> declares gettimeofday.  */
| #define __argz_stringify innocuous___argz_stringify
| 
| /* System header to define __stub macros and hopefully few prototypes,
|     which can conflict with char __argz_stringify (); below.
|     Prefer <limits.h> to <assert.h> if __STDC__ is defined, since
|     <limits.h> exists even on freestanding compilers.  */
| 
| #ifdef __STDC__
| # include <limits.h>
| #else
| # include <assert.h>
| #endif
| 
| #undef __argz_stringify
| 
| /* Override any GCC internal prototype to avoid an error.
|    Use char because int might match the return type of a GCC
|    builtin and then its argument prototype would still apply.  */
| #ifdef __cplusplus
| extern "C"
| #endif
| char __argz_stringify ();
| /* The GNU C library defines this for functions which it implements
|     to always fail with ENOSYS.  Some functions are actually named
|     something starting with __ and the normal name is an alias.  */
| #if defined __stub___argz_stringify || defined __stub_____argz_stringify
| choke me
| #endif
| 
| int
| main ()
| {
| return __argz_stringify ();
|   ;
|   return 0;
| }
configure:5574: result: no
configure:5574: checking for __argz_next
configure:5574: riscv64-buildroot-linux-musl-gcc -o conftest -static       -static conftest.c  >&5
/home/stu/riscv64--musl--bleeding-edge-2020.08-1/bin/../lib/gcc/riscv64-buildroot-linux-musl/10.2.0/../../../../riscv64-buildroot-linux-musl/bin/ld: /tmp/ccqAELVl.o: in function `main':
conftest.c:(.text+0x10): undefined reference to `__argz_next'
collect2: error: ld returned 1 exit status
configure:5574: $? = 1
configure: failed program was:
| /* confdefs.h */
| #define PACKAGE_NAME ""
| #define PACKAGE_TARNAME ""
| #define PACKAGE_VERSION ""
| #define PACKAGE_STRING ""
| #define PACKAGE_BUGREPORT ""
| #define PACKAGE_URL ""
| #define STDC_HEADERS 1
| #define HAVE_SYS_TYPES_H 1
| #define HAVE_SYS_STAT_H 1
| #define HAVE_STDLIB_H 1
| #define HAVE_STRING_H 1
| #define HAVE_MEMORY_H 1
| #define HAVE_STRINGS_H 1
| #define HAVE_INTTYPES_H 1
| #define HAVE_STDINT_H 1
| #define HAVE_UNISTD_H 1
| #define __EXTENSIONS__ 1
| #define _ALL_SOURCE 1
| #define _GNU_SOURCE 1
| #define _POSIX_PTHREAD_SEMANTICS 1
| #define _TANDEM_SOURCE 1
| #define HAVE_ALLOCA_H 1
| #define HAVE_ALLOCA 1
| #define HAVE_STDLIB_H 1
| #define HAVE_UNISTD_H 1
| #define HAVE_SYS_PARAM_H 1
| #define HAVE_GETPAGESIZE 1
| #define INTDIV0_RAISES_SIGFPE 0
| #define HAVE_INTTYPES_H_WITH_UINTMAX 1
| #define HAVE_STDINT_H_WITH_UINTMAX 1
| #define HAVE_UNSIGNED_LONG_LONG 1
| #define HAVE_UINTMAX_T 1
| #define HAVE_INTTYPES_H 1
| #define HAVE_LIMITS_H 1
| #define HAVE_LOCALE_H 1
| #define HAVE_NL_TYPES_H 1
| #define HAVE_MALLOC_H 1
| #define HAVE_STDDEF_H 1
| #define HAVE_STDLIB_H 1
| #define HAVE_STRING_H 1
| #define HAVE_UNISTD_H 1
| #define HAVE_SYS_PARAM_H 1
| #define HAVE_FEOF_UNLOCKED 1
| #define HAVE_FGETS_UNLOCKED 1
| #define HAVE_GETC_UNLOCKED 1
| #define HAVE_GETCWD 1
| #define HAVE_GETEGID 1
| #define HAVE_GETEUID 1
| #define HAVE_GETGID 1
| #define HAVE_GETUID 1
| #define HAVE_MEMPCPY 1
| #define HAVE_MUNMAP 1
| #define HAVE_PUTENV 1
| #define HAVE_SETENV 1
| #define HAVE_SETLOCALE 1
| #define HAVE_STPCPY 1
| #define HAVE_STRCASECMP 1
| #define HAVE_STRDUP 1
| #define HAVE_STRTOUL 1
| #define HAVE_TSEARCH 1
| /* end confdefs.h.  */
| /* Define __argz_next to an innocuous variant, in case <limits.h> declares __argz_next.
|    For example, HP-UX 11i <limits.h> declares gettimeofday.  */
| #define __argz_next innocuous___argz_next
| 
| /* System header to define __stub macros and hopefully few prototypes,
|     which can conflict with char __argz_next (); below.
|     Prefer <limits.h> to <assert.h> if __STDC__ is defined, since
|     <limits.h> exists even on freestanding compilers.  */
| 
| #ifdef __STDC__
| # include <limits.h>
| #else
| # include <assert.h>
| #endif
| 
| #undef __argz_next
| 
| /* Override any GCC internal prototype to avoid an error.
|    Use char because int might match the return type of a GCC
|    builtin and then its argument prototype would still apply.  */
| #ifdef __cplusplus
| extern "C"
| #endif
| char __argz_next ();
| /* The GNU C library defines this for functions which it implements
|     to always fail with ENOSYS.  Some functions are actually named
|     something starting with __ and the normal name is an alias.  */
| #if defined __stub___argz_next || defined __stub_____argz_next
| choke me
| #endif
| 
| int
| main ()
| {
| return __argz_next ();
|   ;
|   return 0;
| }
configure:5574: result: no
configure:5574: checking for __fsetlocking
configure:5574: riscv64-buildroot-linux-musl-gcc -o conftest -static       -static conftest.c  >&5
configure:5574: $? = 0
configure:5574: result: yes
configure:5589: checking for iconv
configure:5613: riscv64-buildroot-linux-musl-gcc -o conftest -static        -static conftest.c  >&5
configure:5613: $? = 0
configure:5687: result: yes
configure:5730: checking for iconv declaration
configure:5759: riscv64-buildroot-linux-musl-gcc -c -static      conftest.c >&5
configure:5759: $? = 0
configure:5770: result: 
         extern size_t iconv (iconv_t cd, char * *inbuf, size_t *inbytesleft, char * *outbuf, size_t *outbytesleft);
configure:5781: checking for nl_langinfo and CODESET
configure:5797: riscv64-buildroot-linux-musl-gcc -o conftest -static       -static conftest.c  >&5
configure:5797: $? = 0
configure:5806: result: yes
configure:5816: checking for LC_MESSAGES
configure:5832: riscv64-buildroot-linux-musl-gcc -o conftest -static       -static conftest.c  >&5
configure:5832: $? = 0
configure:5840: result: yes
configure:5854: checking for bison
configure:5870: found /usr/bin/bison
configure:5881: result: bison
configure:5895: checking version of bison
configure:5904: result: 3.5.1, ok
configure:5926: checking whether NLS is requested
configure:5935: result: yes
configure:5951: checking whether included gettext is requested
configure:5961: result: no
configure:5972: checking for GNU gettext in libc
configure:5997: riscv64-buildroot-linux-musl-gcc -o conftest -static       -static conftest.c  >&5
conftest.c: In function 'main':
conftest.c:81:8: warning: cast from pointer to integer of different size [-Wpointer-to-int-cast]
   81 | return (int) gettext ("") + (int) ngettext ("", "", 0) + __GNU_GETTEXT_SYMBOL_EXPRESSION
      |        ^
conftest.c:81:29: warning: cast from pointer to integer of different size [-Wpointer-to-int-cast]
   81 | return (int) gettext ("") + (int) ngettext ("", "", 0) + __GNU_GETTEXT_SYMBOL_EXPRESSION
      |                             ^
configure:5997: $? = 0
configure:6005: result: yes
configure:6526: checking whether to use NLS
configure:6528: result: yes
configure:6531: checking where the gettext function comes from
configure:6542: result: libc
configure:6656: checking for aclocal
configure:6672: found /usr/bin/aclocal
configure:6683: result: aclocal
configure:6699: checking for autoconf
configure:6715: found /usr/bin/autoconf
configure:6726: result: autoconf
configure:6742: checking for autoheader
configure:6758: found /usr/bin/autoheader
configure:6769: result: autoheader
configure:6897: checking bison 3 or later
configure:6905: result: 3.5.1, bison3
configure:6974: updating cache ./config.cache
configure:7023: creating ./config.status

## ---------------------- ##
## Running config.status. ##
## ---------------------- ##

This file was extended by config.status, which was
generated by GNU Autoconf 2.69.  Invocation command line was

  CONFIG_FILES    = 
  CONFIG_HEADERS  = 
  CONFIG_LINKS    = 
  CONFIG_COMMANDS = 
  $ ./config.status 

on gwins7-ubuntu

config.status:917: creating Makefile
config.status:917: creating config.intl
config.status:917: creating config.h
config.status:1106: executing default-1 commands

## ---------------- ##
## Cache variables. ##
## ---------------- ##

ac_cv_build=x86_64-pc-linux-gnu
ac_cv_c_compiler_gnu=yes
ac_cv_c_const=yes
ac_cv_c_inline=inline
ac_cv_env_CC_set=set
ac_cv_env_CC_value=riscv64-buildroot-linux-musl-gcc
ac_cv_env_CFLAGS_set=set
ac_cv_env_CFLAGS_value='-static    '
ac_cv_env_CPPFLAGS_set=
ac_cv_env_CPPFLAGS_value=
ac_cv_env_CPP_set=
ac_cv_env_CPP_value=
ac_cv_env_LDFLAGS_set=set
ac_cv_env_LDFLAGS_value=' -static'
ac_cv_env_LIBS_set=
ac_cv_env_LIBS_value=
ac_cv_env_build_alias_set=set
ac_cv_env_build_alias_value=x86_64-pc-linux-gnu
ac_cv_env_host_alias_set=set
ac_cv_env_host_alias_value=riscv64-buildroot-linux-musl
ac_cv_env_target_alias_set=set
ac_cv_env_target_alias_value=riscv64-buildroot-linux-musl
ac_cv_func___argz_count=no
ac_cv_func___argz_next=no
ac_cv_func___argz_stringify=no
ac_cv_func___fsetlocking=yes
ac_cv_func_alloca_works=yes
ac_cv_func_feof_unlocked=yes
ac_cv_func_fgets_unlocked=yes
ac_cv_func_getc_unlocked=yes
ac_cv_func_getcwd=yes
ac_cv_func_getegid=yes
ac_cv_func_geteuid=yes
ac_cv_func_getgid=yes
ac_cv_func_getpagesize=yes
ac_cv_func_getuid=yes
ac_cv_func_mempcpy=yes
ac_cv_func_mmap_fixed_mapped=no
ac_cv_func_munmap=yes
ac_cv_func_putenv=yes
ac_cv_func_setenv=yes
ac_cv_func_setlocale=yes
ac_cv_func_stpcpy=yes
ac_cv_func_strcasecmp=yes
ac_cv_func_strdup=yes
ac_cv_func_strtoul=yes
ac_cv_func_tsearch=yes
ac_cv_gnu_library_2_1=no
ac_cv_header_argz_h=no
ac_cv_header_inttypes_h=yes
ac_cv_header_limits_h=yes
ac_cv_header_locale_h=yes
ac_cv_header_malloc_h=yes
ac_cv_header_memory_h=yes
ac_cv_header_minix_config_h=no
ac_cv_header_nl_types_h=yes
ac_cv_header_stdc=yes
ac_cv_header_stddef_h=yes
ac_cv_header_stdint_h=yes
ac_cv_header_stdlib_h=yes
ac_cv_header_string_h=yes
ac_cv_header_strings_h=yes
ac_cv_header_sys_param_h=yes
ac_cv_header_sys_stat_h=yes
ac_cv_header_sys_types_h=yes
ac_cv_header_unistd_h=yes
ac_cv_host=riscv64-buildroot-linux-musl
ac_cv_objext=o
ac_cv_path_EGREP='/usr/bin/grep -E'
ac_cv_path_GMSGFMT=/usr/bin/msgfmt
ac_cv_path_GREP=/usr/bin/grep
ac_cv_path_MSGFMT=/usr/bin/msgfmt
ac_cv_path_MSGMERGE=/usr/bin/msgmerge
ac_cv_path_XGETTEXT=/usr/bin/xgettext
ac_cv_prog_ACLOCAL=aclocal
ac_cv_prog_AUTOCONF=autoconf
ac_cv_prog_AUTOHEADER=autoheader
ac_cv_prog_CC=riscv64-buildroot-linux-musl-gcc
ac_cv_prog_CPP='riscv64-buildroot-linux-musl-gcc -E'
ac_cv_prog_INTLBISON=bison
ac_cv_prog_RANLIB='riscv64-buildroot-linux-musl-ranlib --plugin /home/stu/riscv64--musl--bleeding-edge-2020.08-1/bin/../libexec/gcc/riscv64-buildroot-linux-musl/10.2.0/liblto_plugin.so'
ac_cv_prog_cc_c89=
ac_cv_prog_cc_g=yes
ac_cv_prog_make_make_set=yes
ac_cv_safe_to_define___extensions__=yes
ac_cv_search_strerror='none required'
ac_cv_type_off_t=yes
ac_cv_type_size_t=yes
ac_cv_type_unsigned_long_long=yes
ac_cv_working_alloca_h=yes
acl_cv_hardcode_direct=no
acl_cv_hardcode_libdir_flag_spec='${wl}-rpath ${wl}$libdir'
acl_cv_hardcode_libdir_separator=
acl_cv_hardcode_minus_L=no
acl_cv_libext=a
acl_cv_path_LD=/home/stu/riscv64--musl--bleeding-edge-2020.08-1/bin/../lib/gcc/riscv64-buildroot-linux-musl/10.2.0/../../../../riscv64-buildroot-linux-musl/bin/ld
acl_cv_prog_gnu_ld=yes
acl_cv_rpath=done
acl_cv_shlibext=so
acl_cv_wl=-Wl,
am_cv_func_iconv=yes
am_cv_langinfo_codeset=yes
am_cv_lib_iconv=no
am_cv_proto_iconv='extern size_t iconv (iconv_t cd, char * *inbuf, size_t *inbytesleft, char * *outbuf, size_t *outbytesleft);'
am_cv_proto_iconv_arg1=
am_cv_val_LC_MESSAGES=yes
gt_cv_func_gnugettext2_libc=yes
gt_cv_header_inttypes_h=yes
gt_cv_int_divbyzero_sigfpe='guessing no'
gt_cv_inttypes_pri_broken=no
jm_ac_cv_header_inttypes_h=yes
jm_ac_cv_header_stdint_h=yes
nls_cv_force_use_gnu_gettext=no
nls_cv_header_intl=
nls_cv_header_libgt=
nls_cv_use_gnu_gettext=no

## ----------------- ##
## Output variables. ##
## ----------------- ##

ACLOCAL='aclocal'
ALLOCA=''
AUTOCONF='autoconf'
AUTOHEADER='autoheader'
BISON3_NO='#'
BISON3_YES=''
BUILD_INCLUDED_LIBINTL='no'
CATOBJEXT='.gmo'
CC='riscv64-buildroot-linux-musl-gcc'
CFLAGS='-static    '
CPP='riscv64-buildroot-linux-musl-gcc -E'
CPPFLAGS=''
DATADIRNAME='share'
DEFS='-DHAVE_CONFIG_H'
ECHO_C=''
ECHO_N='-n'
ECHO_T=''
EGREP='/usr/bin/grep -E'
EXEEXT=''
GENCAT='gencat'
GLIBC21='no'
GMSGFMT='/usr/bin/msgfmt'
GREP='/usr/bin/grep'
INCINTL=''
INSTALL_DATA='/usr/bin/install -c -m 644'
INSTALL_PROGRAM='/usr/bin/install -c'
INSTALL_SCRIPT='/usr/bin/install -c'
INSTOBJEXT='.mo'
INTLBISON='bison'
INTLLIBS=''
INTLOBJS=''
INTL_LIBTOOL_SUFFIX_PREFIX=''
LDFLAGS=' -static'
LIBICONV=''
LIBINTL=''
LIBINTL_DEP=''
LIBOBJS=''
LIBS=''
LTLIBICONV=''
LTLIBINTL=''
LTLIBOBJS=''
MAINT='#'
MKINSTALLDIRS='$(top_builddir)/./../mkinstalldirs'
MSGFMT='/usr/bin/msgfmt'
MSGMERGE='/usr/bin/msgmerge'
OBJEXT='o'
PACKAGE_BUGREPORT=''
PACKAGE_NAME=''
PACKAGE_STRING=''
PACKAGE_TARNAME=''
PACKAGE_URL=''
PACKAGE_VERSION=''
PATH_SEPARATOR=':'
PICFLAG='-fPIC'
POSUB='po'
RANLIB='riscv64-buildroot-linux-musl-ranlib --plugin /home/stu/riscv64--musl--bleeding-edge-2020.08-1/bin/../libexec/gcc/riscv64-buildroot-linux-musl/10.2.0/liblto_plugin.so'
SET_MAKE=''
SHELL='/bin/bash'
USE_INCLUDED_LIBINTL='no'
USE_NLS='yes'
XGETTEXT='/usr/bin/xgettext'
ac_ct_CC=''
bindir='${exec_prefix}/bin'
build='x86_64-pc-linux-gnu'
build_alias='x86_64-pc-linux-gnu'
build_cpu='x86_64'
build_os='linux-gnu'
build_vendor='pc'
datadir='${datarootdir}'
datarootdir='${prefix}/share'
docdir='${datarootdir}/doc/${PACKAGE}'
dvidir='${docdir}'
exec_prefix='${prefix}'
host='riscv64-buildroot-linux-musl'
host_alias='riscv64-buildroot-linux-musl'
host_cpu='riscv64'
host_os='linux-musl'
host_vendor='buildroot'
htmldir='${docdir}'
includedir='${prefix}/include'
infodir='${datarootdir}/info'
libdir='${exec_prefix}/lib'
libexecdir='${exec_prefix}/libexec'
localedir='${datarootdir}/locale'
localstatedir='${prefix}/var'
mandir='${datarootdir}/man'
oldincludedir='/usr/include'
pdfdir='${docdir}'
prefix='/home/stu/binutils-2.39/target'
program_transform_name='s,y,y,'
psdir='${docdir}'
sbindir='${exec_prefix}/sbin'
sharedstatedir='${prefix}/com'
sysconfdir='${prefix}/etc'
target_alias='riscv64-buildroot-linux-musl'

## ----------- ##
## confdefs.h. ##
## ----------- ##

/* confdefs.h */
#define PACKAGE_NAME ""
#define PACKAGE_TARNAME ""
#define PACKAGE_VERSION ""
#define PACKAGE_STRING ""
#define PACKAGE_BUGREPORT ""
#define PACKAGE_URL ""
#define STDC_HEADERS 1
#define HAVE_SYS_TYPES_H 1
#define HAVE_SYS_STAT_H 1
#define HAVE_STDLIB_H 1
#define HAVE_STRING_H 1
#define HAVE_MEMORY_H 1
#define HAVE_STRINGS_H 1
#define HAVE_INTTYPES_H 1
#define HAVE_STDINT_H 1
#define HAVE_UNISTD_H 1
#define __EXTENSIONS__ 1
#define _ALL_SOURCE 1
#define _GNU_SOURCE 1
#define _POSIX_PTHREAD_SEMANTICS 1
#define _TANDEM_SOURCE 1
#define HAVE_ALLOCA_H 1
#define HAVE_ALLOCA 1
#define HAVE_STDLIB_H 1
#define HAVE_UNISTD_H 1
#define HAVE_SYS_PARAM_H 1
#define HAVE_GETPAGESIZE 1
#define INTDIV0_RAISES_SIGFPE 0
#define HAVE_INTTYPES_H_WITH_UINTMAX 1
#define HAVE_STDINT_H_WITH_UINTMAX 1
#define HAVE_UNSIGNED_LONG_LONG 1
#define HAVE_UINTMAX_T 1
#define HAVE_INTTYPES_H 1
#define HAVE_LIMITS_H 1
#define HAVE_LOCALE_H 1
#define HAVE_NL_TYPES_H 1
#define HAVE_MALLOC_H 1
#define HAVE_STDDEF_H 1
#define HAVE_STDLIB_H 1
#define HAVE_STRING_H 1
#define HAVE_UNISTD_H 1
#define HAVE_SYS_PARAM_H 1
#define HAVE_FEOF_UNLOCKED 1
#define HAVE_FGETS_UNLOCKED 1
#define HAVE_GETC_UNLOCKED 1
#define HAVE_GETCWD 1
#define HAVE_GETEGID 1
#define HAVE_GETEUID 1
#define HAVE_GETGID 1
#define HAVE_GETUID 1
#define HAVE_MEMPCPY 1
#define HAVE_MUNMAP 1
#define HAVE_PUTENV 1
#define HAVE_SETENV 1
#define HAVE_SETLOCALE 1
#define HAVE_STPCPY 1
#define HAVE_STRCASECMP 1
#define HAVE_STRDUP 1
#define HAVE_STRTOUL 1
#define HAVE_TSEARCH 1
#define HAVE___FSETLOCKING 1
#define HAVE_ICONV 1
#define ICONV_CONST 
#define HAVE_LANGINFO_CODESET 1
#define HAVE_LC_MESSAGES 1
#define ENABLE_NLS 1
#define HAVE_GETTEXT 1
#define HAVE_DCGETTEXT 1
#define IN_LIBINTL 1
#define IN_LIBRARY 1
#define DEPENDS_ON_LIBICONV 1
#define ENABLE_RELOCATABLE 1
#define NO_XMALLOC 1
#define set_relocation_prefix libintl_set_relocation_prefix
#define relocate libintl_relocate

configure: exit 0
