This file contains any messages produced by compilers while
running configure, to aid debugging if configure makes a mistake.

It was created by zlib configure 1.1.4, which was
generated by GNU Autoconf 2.69.  Invocation command line was

  $ /home/stu/binutils-2.39/zlib/configure --srcdir=.././zlib --cache-file=./config.cache --with-gnu-as --with-gnu-ld --prefix=/home/stu/binutils-2.39/target --program-transform-name=s,y,y, --disable-option-checking --build=x86_64-pc-linux-gnu --host=riscv64-buildroot-linux-musl --target=riscv64-buildroot-linux-musl

## --------- ##
## Platform. ##
## --------- ##

hostname = gwins7-ubuntu
uname -m = x86_64
uname -r = 5.4.0-124-generic
uname -s = Linux
uname -v = #140-Ubuntu SMP Thu Aug 4 02:23:37 UTC 2022

/usr/bin/uname -p = x86_64
/bin/uname -X     = unknown

/bin/arch              = x86_64
/usr/bin/arch -k       = unknown
/usr/convex/getsysinfo = unknown
/usr/bin/hostinfo      = unknown
/bin/machine           = unknown
/usr/bin/oslevel       = unknown
/bin/universe          = unknown

PATH: /opt/riscv64-linux/bin
PATH: /usr/local/sbin
PATH: /usr/local/bin
PATH: /usr/sbin
PATH: /usr/bin
PATH: /sbin
PATH: /bin
PATH: /usr/games
PATH: /usr/local/games
PATH: /snap/bin
PATH: /home/stu/kendryte-toolchain/bin
PATH: /home/stu/riscv64--musl--bleeding-edge-2020.08-1/bin
PATH: /opt/qemu/bin
PATH: /home/stu/musl_gcc_x86/bin
PATH: /home/stu/good_gdb/bin


## ----------- ##
## Core tests. ##
## ----------- ##

configure:2150: creating cache ./config.cache
configure:2304: checking build system type
configure:2318: result: x86_64-pc-linux-gnu
configure:2338: checking host system type
configure:2351: result: riscv64-buildroot-linux-musl
configure:2371: checking target system type
configure:2384: result: riscv64-buildroot-linux-musl
configure:2432: checking for a BSD-compatible install
configure:2500: result: /usr/bin/install -c
configure:2511: checking whether build environment is sane
configure:2566: result: yes
configure:2618: checking for riscv64-buildroot-linux-musl-strip
configure:2634: found /home/stu/riscv64--musl--bleeding-edge-2020.08-1/bin/riscv64-buildroot-linux-musl-strip
configure:2645: result: riscv64-buildroot-linux-musl-strip
configure:2710: checking for a thread-safe mkdir -p
configure:2749: result: /usr/bin/mkdir -p
configure:2756: checking for gawk
configure:2783: result: gawk
configure:2794: checking whether make sets $(MAKE)
configure:2816: result: yes
configure:2845: checking whether make supports nested variables
configure:2862: result: yes
configure:3013: checking whether make supports nested variables
configure:3030: result: yes
configure:3043: checking whether to enable maintainer-specific portions of Makefiles
configure:3052: result: no
configure:3123: checking for riscv64-buildroot-linux-musl-gcc
configure:3150: result: riscv64-buildroot-linux-musl-gcc
configure:3419: checking for C compiler version
configure:3428: riscv64-buildroot-linux-musl-gcc --version >&5
riscv64-buildroot-linux-musl-gcc.br_real (Buildroot 2020.08-14-ge5a2a90) 10.2.0
Copyright (C) 2020 Free Software Foundation, Inc.
This is free software; see the source for copying conditions.  There is NO
warranty; not even for MERCHANTABILITY or FITNESS FOR A PARTICULAR PURPOSE.

configure:3439: $? = 0
configure:3428: riscv64-buildroot-linux-musl-gcc -v >&5
Using built-in specs.
COLLECT_GCC=/home/stu/riscv64--musl--bleeding-edge-2020.08-1/bin/riscv64-buildroot-linux-musl-gcc.br_real
COLLECT_LTO_WRAPPER=/home/stu/riscv64--musl--bleeding-edge-2020.08-1/bin/../libexec/gcc/riscv64-buildroot-linux-musl/10.2.0/lto-wrapper
Target: riscv64-buildroot-linux-musl
Configured with: ./configure --prefix=/opt/riscv64--musl--bleeding-edge-2020.08-1 --sysconfdir=/opt/riscv64--musl--bleeding-edge-2020.08-1/etc --enable-static --target=riscv64-buildroot-linux-musl --with-sysroot=/opt/riscv64--musl--bleeding-edge-2020.08-1/riscv64-buildroot-linux-musl/sysroot --enable-__cxa_atexit --with-gnu-ld --disable-libssp --disable-multilib --disable-decimal-float --with-gmp=/opt/riscv64--musl--bleeding-edge-2020.08-1 --with-mpc=/opt/riscv64--musl--bleeding-edge-2020.08-1 --with-mpfr=/opt/riscv64--musl--bleeding-edge-2020.08-1 --with-pkgversion='Buildroot 2020.08-14-ge5a2a90' --with-bugurl=http://bugs.buildroot.net/ --without-zstd --disable-libmpx --disable-libquadmath --disable-libquadmath-support --disable-libsanitizer --enable-tls --enable-threads --without-isl --without-cloog --with-arch=rv64imafd --with-abi=lp64 --enable-languages=c,c++,fortran --with-build-time-tools=/opt/riscv64--musl--bleeding-edge-2020.08-1/riscv64-buildroot-linux-musl/bin --enable-shared --disable-libgomp
Thread model: posix
Supported LTO compression algorithms: zlib
gcc version 10.2.0 (Buildroot 2020.08-14-ge5a2a90) 
configure:3439: $? = 0
configure:3428: riscv64-buildroot-linux-musl-gcc -V >&5
riscv64-buildroot-linux-musl-gcc.br_real: error: unrecognized command-line option '-V'
riscv64-buildroot-linux-musl-gcc.br_real: fatal error: no input files
compilation terminated.
configure:3439: $? = 1
configure:3428: riscv64-buildroot-linux-musl-gcc -qversion >&5
riscv64-buildroot-linux-musl-gcc.br_real: error: unrecognized command-line option '-qversion'; did you mean '--version'?
riscv64-buildroot-linux-musl-gcc.br_real: fatal error: no input files
compilation terminated.
configure:3439: $? = 1
configure:3455: riscv64-buildroot-linux-musl-gcc -o conftest -static       -static conftest.c  >&5
configure:3458: $? = 0
configure:3487: checking whether the C compiler works
configure:3509: riscv64-buildroot-linux-musl-gcc -static       -static conftest.c  >&5
configure:3513: $? = 0
configure:3561: result: yes
configure:3564: checking for C compiler default output file name
configure:3566: result: a.out
configure:3572: checking for suffix of executables
configure:3579: riscv64-buildroot-linux-musl-gcc -o conftest -static       -static conftest.c  >&5
configure:3583: $? = 0
configure:3605: result: 
configure:3627: checking whether we are cross compiling
configure:3665: result: yes
configure:3671: checking for suffix of object files
configure:3693: riscv64-buildroot-linux-musl-gcc -c -static      conftest.c >&5
configure:3697: $? = 0
configure:3718: result: o
configure:3722: checking whether we are using the GNU C compiler
configure:3741: riscv64-buildroot-linux-musl-gcc -c -static      conftest.c >&5
configure:3741: $? = 0
configure:3750: result: yes
configure:3759: checking whether riscv64-buildroot-linux-musl-gcc accepts -g
configure:3779: riscv64-buildroot-linux-musl-gcc -c -g  conftest.c >&5
configure:3779: $? = 0
configure:3820: result: yes
configure:3837: checking for riscv64-buildroot-linux-musl-gcc option to accept ISO C89
configure:3900: riscv64-buildroot-linux-musl-gcc  -c -static      conftest.c >&5
configure:3900: $? = 0
configure:3913: result: none needed
configure:3938: checking whether riscv64-buildroot-linux-musl-gcc understands -c and -o together
configure:3960: riscv64-buildroot-linux-musl-gcc -c conftest.c -o conftest2.o
configure:3963: $? = 0
configure:3960: riscv64-buildroot-linux-musl-gcc -c conftest.c -o conftest2.o
configure:3963: $? = 0
configure:3975: result: yes
configure:3995: checking whether make supports the include directive
configure:4010: make -f confmf.GNU && cat confinc.out
make[2]: Entering directory '/home/stu/binutils-2.39/zlib'
make[2]: Leaving directory '/home/stu/binutils-2.39/zlib'
this is the am__doit target
configure:4013: $? = 0
configure:4032: result: yes (GNU style)
configure:4057: checking dependency style of riscv64-buildroot-linux-musl-gcc
configure:4168: result: gcc3
configure:4233: checking how to print strings
configure:4260: result: printf
configure:4281: checking for a sed that does not truncate output
configure:4345: result: /usr/bin/sed
configure:4363: checking for grep that handles long lines and -e
configure:4421: result: /usr/bin/grep
configure:4426: checking for egrep
configure:4488: result: /usr/bin/grep -E
configure:4493: checking for fgrep
configure:4555: result: /usr/bin/grep -F
configure:4590: checking for ld used by riscv64-buildroot-linux-musl-gcc
configure:4657: result: /home/stu/riscv64--musl--bleeding-edge-2020.08-1/bin/../lib/gcc/riscv64-buildroot-linux-musl/10.2.0/../../../../riscv64-buildroot-linux-musl/bin/ld
configure:4664: checking if the linker (/home/stu/riscv64--musl--bleeding-edge-2020.08-1/bin/../lib/gcc/riscv64-buildroot-linux-musl/10.2.0/../../../../riscv64-buildroot-linux-musl/bin/ld) is GNU ld
configure:4679: result: yes
configure:4691: checking for BSD- or MS-compatible name lister (nm)
configure:4747: result: /home/stu/riscv64--musl--bleeding-edge-2020.08-1/bin/riscv64-buildroot-linux-musl-nm
configure:4877: checking the name lister (/home/stu/riscv64--musl--bleeding-edge-2020.08-1/bin/riscv64-buildroot-linux-musl-nm) interface
configure:4884: riscv64-buildroot-linux-musl-gcc -c -static      conftest.c >&5
configure:4887: /home/stu/riscv64--musl--bleeding-edge-2020.08-1/bin/riscv64-buildroot-linux-musl-nm "conftest.o"
configure:4890: output
0000000000000000 B some_variable
configure:4891: result: BSD nm
configure:4894: checking whether ln -s works
configure:4898: result: yes
configure:4906: checking the maximum length of command line arguments
configure:5031: result: 1572864
configure:5048: checking whether the shell understands some XSI constructs
configure:5057: result: yes
configure:5061: checking whether the shell understands "+="
configure:5065: result: yes
configure:5100: checking for /home/stu/riscv64--musl--bleeding-edge-2020.08-1/bin/../lib/gcc/riscv64-buildroot-linux-musl/10.2.0/../../../../riscv64-buildroot-linux-musl/bin/ld option to reload object files
configure:5107: result: -r
configure:5136: checking for riscv64-buildroot-linux-musl-objdump
configure:5163: result: riscv64-buildroot-linux-musl-objdump
configure:5235: checking how to recognize dependent libraries
configure:5436: result: pass_all
configure:5469: checking for riscv64-buildroot-linux-musl-ar
configure:5496: result: riscv64-buildroot-linux-musl-ar --plugin /home/stu/riscv64--musl--bleeding-edge-2020.08-1/bin/../libexec/gcc/riscv64-buildroot-linux-musl/10.2.0/liblto_plugin.so
configure:5587: checking for riscv64-buildroot-linux-musl-strip
configure:5614: result: riscv64-buildroot-linux-musl-strip
configure:5686: checking for riscv64-buildroot-linux-musl-ranlib
configure:5713: result: riscv64-buildroot-linux-musl-ranlib --plugin /home/stu/riscv64--musl--bleeding-edge-2020.08-1/bin/../libexec/gcc/riscv64-buildroot-linux-musl/10.2.0/liblto_plugin.so
configure:5860: checking command to parse /home/stu/riscv64--musl--bleeding-edge-2020.08-1/bin/riscv64-buildroot-linux-musl-nm output from riscv64-buildroot-linux-musl-gcc object
configure:5978: riscv64-buildroot-linux-musl-gcc -c -static      conftest.c >&5
configure:5981: $? = 0
configure:5985: /home/stu/riscv64--musl--bleeding-edge-2020.08-1/bin/riscv64-buildroot-linux-musl-nm conftest.o \| sed -n -e 's/^.*[ ]\([ABCDGIRSTW][ABCDGIRSTW]*\)[ ][ ]*\([_A-Za-z][_A-Za-z0-9]*\)$/\1 \2 \2/p' \> conftest.nm
configure:5988: $? = 0
configure:6042: riscv64-buildroot-linux-musl-gcc -o conftest -static       -static conftest.c conftstm.o >&5
configure:6045: $? = 0
configure:6083: result: ok
configure:6941: checking how to run the C preprocessor
configure:6972: riscv64-buildroot-linux-musl-gcc -E  conftest.c
configure:6972: $? = 0
configure:6986: riscv64-buildroot-linux-musl-gcc -E  conftest.c
conftest.c:11:10: fatal error: ac_nonexistent.h: No such file or directory
   11 | #include <ac_nonexistent.h>
      |          ^~~~~~~~~~~~~~~~~~
compilation terminated.
configure:6986: $? = 1
configure: failed program was:
| /* confdefs.h */
| #define PACKAGE_NAME "zlib"
| #define PACKAGE_TARNAME "zlib"
| #define PACKAGE_VERSION "1.1.4"
| #define PACKAGE_STRING "zlib 1.1.4"
| #define PACKAGE_BUGREPORT ""
| #define PACKAGE_URL ""
| #define PACKAGE "zlib"
| #define VERSION "1.1.4"
| /* end confdefs.h.  */
| #include <ac_nonexistent.h>
configure:7011: result: riscv64-buildroot-linux-musl-gcc -E
configure:7031: riscv64-buildroot-linux-musl-gcc -E  conftest.c
configure:7031: $? = 0
configure:7045: riscv64-buildroot-linux-musl-gcc -E  conftest.c
conftest.c:11:10: fatal error: ac_nonexistent.h: No such file or directory
   11 | #include <ac_nonexistent.h>
      |          ^~~~~~~~~~~~~~~~~~
compilation terminated.
configure:7045: $? = 1
configure: failed program was:
| /* confdefs.h */
| #define PACKAGE_NAME "zlib"
| #define PACKAGE_TARNAME "zlib"
| #define PACKAGE_VERSION "1.1.4"
| #define PACKAGE_STRING "zlib 1.1.4"
| #define PACKAGE_BUGREPORT ""
| #define PACKAGE_URL ""
| #define PACKAGE "zlib"
| #define VERSION "1.1.4"
| /* end confdefs.h.  */
| #include <ac_nonexistent.h>
configure:7074: checking for ANSI C header files
configure:7094: riscv64-buildroot-linux-musl-gcc -c -static      conftest.c >&5
configure:7094: $? = 0
configure:7178: result: yes
configure:7191: checking for sys/types.h
configure:7191: riscv64-buildroot-linux-musl-gcc -c -static      conftest.c >&5
configure:7191: $? = 0
configure:7191: result: yes
configure:7191: checking for sys/stat.h
configure:7191: riscv64-buildroot-linux-musl-gcc -c -static      conftest.c >&5
configure:7191: $? = 0
configure:7191: result: yes
configure:7191: checking for stdlib.h
configure:7191: riscv64-buildroot-linux-musl-gcc -c -static      conftest.c >&5
configure:7191: $? = 0
configure:7191: result: yes
configure:7191: checking for string.h
configure:7191: riscv64-buildroot-linux-musl-gcc -c -static      conftest.c >&5
configure:7191: $? = 0
configure:7191: result: yes
configure:7191: checking for memory.h
configure:7191: riscv64-buildroot-linux-musl-gcc -c -static      conftest.c >&5
configure:7191: $? = 0
configure:7191: result: yes
configure:7191: checking for strings.h
configure:7191: riscv64-buildroot-linux-musl-gcc -c -static      conftest.c >&5
configure:7191: $? = 0
configure:7191: result: yes
configure:7191: checking for inttypes.h
configure:7191: riscv64-buildroot-linux-musl-gcc -c -static      conftest.c >&5
configure:7191: $? = 0
configure:7191: result: yes
configure:7191: checking for stdint.h
configure:7191: riscv64-buildroot-linux-musl-gcc -c -static      conftest.c >&5
configure:7191: $? = 0
configure:7191: result: yes
configure:7191: checking for unistd.h
configure:7191: riscv64-buildroot-linux-musl-gcc -c -static      conftest.c >&5
configure:7191: $? = 0
configure:7191: result: yes
configure:7205: checking for dlfcn.h
configure:7205: riscv64-buildroot-linux-musl-gcc -c -static      conftest.c >&5
configure:7205: $? = 0
configure:7205: result: yes
configure:7392: checking for objdir
configure:7407: result: .libs
configure:7678: checking if riscv64-buildroot-linux-musl-gcc supports -fno-rtti -fno-exceptions
configure:7696: riscv64-buildroot-linux-musl-gcc -c -static      -fno-rtti -fno-exceptions conftest.c >&5
cc1: warning: command-line option '-fno-rtti' is valid for C++/D/ObjC++ but not for C
configure:7700: $? = 0
configure:7713: result: no
configure:7733: checking for riscv64-buildroot-linux-musl-gcc option to produce PIC
configure:8019: result: -fPIC -DPIC
configure:8031: checking if riscv64-buildroot-linux-musl-gcc PIC flag -fPIC -DPIC works
configure:8049: riscv64-buildroot-linux-musl-gcc -c -static      -fPIC -DPIC -DPIC conftest.c >&5
configure:8053: $? = 0
configure:8066: result: yes
configure:8090: checking if riscv64-buildroot-linux-musl-gcc static flag -static works
configure:8118: result: yes
configure:8133: checking if riscv64-buildroot-linux-musl-gcc supports -c -o file.o
configure:8154: riscv64-buildroot-linux-musl-gcc -c -static      -o out/conftest2.o conftest.c >&5
configure:8158: $? = 0
configure:8180: result: yes
configure:8188: checking if riscv64-buildroot-linux-musl-gcc supports -c -o file.o
configure:8235: result: yes
configure:8268: checking whether the riscv64-buildroot-linux-musl-gcc linker (/home/stu/riscv64--musl--bleeding-edge-2020.08-1/bin/../lib/gcc/riscv64-buildroot-linux-musl/10.2.0/../../../../riscv64-buildroot-linux-musl/bin/ld) supports shared libraries
configure:9348: result: yes
configure:9385: checking whether -lc should be explicitly linked in
configure:9393: riscv64-buildroot-linux-musl-gcc -c -static      conftest.c >&5
configure:9396: $? = 0
configure:9411: riscv64-buildroot-linux-musl-gcc -shared  -fPIC -DPIC conftest.o  -v -Wl,-soname -Wl,conftest -o conftest 2\>\&1 \| /usr/bin/grep  -lc  \>/dev/null 2\>\&1
configure:9414: $? = 0
configure:9428: result: no
configure:9593: checking dynamic linker characteristics
configure:10037: riscv64-buildroot-linux-musl-gcc -o conftest -static       -static -Wl,-rpath -Wl,/foo conftest.c  >&5
configure:10037: $? = 0
configure:10259: result: GNU/Linux ld.so
configure:10366: checking how to hardcode library paths into programs
configure:10391: result: immediate
configure:10946: checking whether stripping libraries is possible
configure:10951: result: yes
configure:10986: checking if libtool supports shared libraries
configure:10988: result: yes
configure:10991: checking whether to build shared libraries
configure:11012: result: yes
configure:11015: checking whether to build static libraries
configure:11019: result: yes
configure:8192: checking how to run the C preprocessor
configure:8262: result: riscv64-buildroot-linux-musl-gcc -E
configure:8282: riscv64-buildroot-linux-musl-gcc -E  conftest.c
configure:8282: $? = 0
configure:8296: riscv64-buildroot-linux-musl-gcc -E  conftest.c
conftest.c:23:10: fatal error: ac_nonexistent.h: No such file or directory
   23 | #include <ac_nonexistent.h>
      |          ^~~~~~~~~~~~~~~~~~
compilation terminated.
configure:8296: $? = 1
configure: failed program was:
| /* confdefs.h */
| #define PACKAGE_NAME "zlib"
| #define PACKAGE_TARNAME "zlib"
| #define PACKAGE_VERSION "1.1.4"
| #define PACKAGE_STRING "zlib 1.1.4"
| #define PACKAGE_BUGREPORT ""
| #define PACKAGE_URL ""
| #define PACKAGE "zlib"
| #define VERSION "1.1.4"
| #define STDC_HEADERS 1
| #define HAVE_SYS_TYPES_H 1
| #define HAVE_SYS_STAT_H 1
| #define HAVE_STDLIB_H 1
| #define HAVE_STRING_H 1
| #define HAVE_MEMORY_H 1
| #define HAVE_STRINGS_H 1
| #define HAVE_INTTYPES_H 1
| #define HAVE_STDINT_H 1
| #define HAVE_UNISTD_H 1
| #define HAVE_DLFCN_H 1
| #define LT_OBJDIR ".libs/"
| /* end confdefs.h.  */
| #include <ac_nonexistent.h>
configure:8352: checking for stdlib.h
configure:8352: result: yes
configure:8352: checking for unistd.h
configure:8352: result: yes
configure:8352: checking for sys/param.h
configure:8352: riscv64-buildroot-linux-musl-gcc -c -static      conftest.c >&5
configure:8352: $? = 0
configure:8352: result: yes
configure:8372: checking for getpagesize
configure:8372: riscv64-buildroot-linux-musl-gcc -o conftest -static       -static conftest.c  >&5
configure:8372: $? = 0
configure:8372: result: yes
configure:8381: checking for working mmap
configure:8538: result: no
configure:8551: checking for memcpy
configure:8551: riscv64-buildroot-linux-musl-gcc -o conftest -static       -static conftest.c  >&5
conftest.c:50:6: warning: conflicting types for built-in function 'memcpy'; expected 'void *(void *, const void *, long unsigned int)' [-Wbuiltin-declaration-mismatch]
   50 | char memcpy ();
      |      ^~~~~~
conftest.c:38:1: note: 'memcpy' is declared in header '<string.h>'
   37 | # include <limits.h>
   38 | #else
configure:8551: $? = 0
configure:8551: result: yes
configure:8551: checking for strerror
configure:8551: riscv64-buildroot-linux-musl-gcc -o conftest -static       -static conftest.c  >&5
configure:8551: $? = 0
configure:8551: result: yes
configure:8616: checking for unistd.h
configure:8616: result: yes
configure:8730: updating cache ./config.cache
configure:8810: checking that generated files are newer than configure
configure:8816: result: done
configure:8847: creating ./config.status

## ---------------------- ##
## Running config.status. ##
## ---------------------- ##

This file was extended by zlib config.status 1.1.4, which was
generated by GNU Autoconf 2.69.  Invocation command line was

  CONFIG_FILES    = 
  CONFIG_HEADERS  = 
  CONFIG_LINKS    = 
  CONFIG_COMMANDS = 
  $ ./config.status 

on gwins7-ubuntu

config.status:1022: creating Makefile
config.status:1194: executing depfiles commands
config.status:1279: cd .       && sed -e '/# am--include-marker/d' Makefile         | make -f - am--depfiles
make[2]: Entering directory '/home/stu/binutils-2.39/zlib'
make[2]: Leaving directory '/home/stu/binutils-2.39/zlib'
config.status:1284: $? = 0
config.status:1194: executing libtool commands

## ---------------- ##
## Cache variables. ##
## ---------------- ##

ac_cv_build=x86_64-pc-linux-gnu
ac_cv_c_compiler_gnu=yes
ac_cv_env_CPPFLAGS_set=
ac_cv_env_CPPFLAGS_value=
ac_cv_env_CPP_set=
ac_cv_env_CPP_value=
ac_cv_env_build_alias_set=set
ac_cv_env_build_alias_value=x86_64-pc-linux-gnu
ac_cv_env_host_alias_set=set
ac_cv_env_host_alias_value=riscv64-buildroot-linux-musl
ac_cv_env_target_alias_set=set
ac_cv_env_target_alias_value=riscv64-buildroot-linux-musl
ac_cv_func_getpagesize=yes
ac_cv_func_memcpy=yes
ac_cv_func_mmap_fixed_mapped=no
ac_cv_func_strerror=yes
ac_cv_header_dlfcn_h=yes
ac_cv_header_inttypes_h=yes
ac_cv_header_memory_h=yes
ac_cv_header_stdc=yes
ac_cv_header_stdint_h=yes
ac_cv_header_stdlib_h=yes
ac_cv_header_string_h=yes
ac_cv_header_strings_h=yes
ac_cv_header_sys_param_h=yes
ac_cv_header_sys_stat_h=yes
ac_cv_header_sys_types_h=yes
ac_cv_header_unistd_h=yes
ac_cv_host=riscv64-buildroot-linux-musl
ac_cv_objext=o
ac_cv_path_EGREP='/usr/bin/grep -E'
ac_cv_path_FGREP='/usr/bin/grep -F'
ac_cv_path_GREP=/usr/bin/grep
ac_cv_path_SED=/usr/bin/sed
ac_cv_path_mkdir=/usr/bin/mkdir
ac_cv_prog_AR='riscv64-buildroot-linux-musl-ar --plugin /home/stu/riscv64--musl--bleeding-edge-2020.08-1/bin/../libexec/gcc/riscv64-buildroot-linux-musl/10.2.0/liblto_plugin.so'
ac_cv_prog_AWK=gawk
ac_cv_prog_CC=riscv64-buildroot-linux-musl-gcc
ac_cv_prog_CPP='riscv64-buildroot-linux-musl-gcc -E'
ac_cv_prog_OBJDUMP=riscv64-buildroot-linux-musl-objdump
ac_cv_prog_RANLIB='riscv64-buildroot-linux-musl-ranlib --plugin /home/stu/riscv64--musl--bleeding-edge-2020.08-1/bin/../libexec/gcc/riscv64-buildroot-linux-musl/10.2.0/liblto_plugin.so'
ac_cv_prog_STRIP=riscv64-buildroot-linux-musl-strip
ac_cv_prog_cc_c89=
ac_cv_prog_cc_g=yes
ac_cv_prog_make_make_set=yes
ac_cv_target=riscv64-buildroot-linux-musl
am_cv_CC_dependencies_compiler_type=gcc3
am_cv_make_support_nested_variables=yes
am_cv_prog_cc_c_o=yes
lt_cv_archive_cmds_need_lc=no
lt_cv_deplibs_check_method=pass_all
lt_cv_file_magic_cmd='$MAGIC_CMD'
lt_cv_file_magic_test_file=
lt_cv_ld_reload_flag=-r
lt_cv_nm_interface='BSD nm'
lt_cv_objdir=.libs
lt_cv_path_LD=/home/stu/riscv64--musl--bleeding-edge-2020.08-1/bin/../lib/gcc/riscv64-buildroot-linux-musl/10.2.0/../../../../riscv64-buildroot-linux-musl/bin/ld
lt_cv_path_NM=/home/stu/riscv64--musl--bleeding-edge-2020.08-1/bin/riscv64-buildroot-linux-musl-nm
lt_cv_prog_compiler_c_o=yes
lt_cv_prog_compiler_pic_works=yes
lt_cv_prog_compiler_rtti_exceptions=no
lt_cv_prog_compiler_static_works=yes
lt_cv_prog_gnu_ld=yes
lt_cv_shlibpath_overrides_runpath=no
lt_cv_sys_global_symbol_pipe='sed -n -e '\''s/^.*[	 ]\([ABCDGIRSTW][ABCDGIRSTW]*\)[	 ][	 ]*\([_A-Za-z][_A-Za-z0-9]*\)$/\1 \2 \2/p'\'''
lt_cv_sys_global_symbol_to_c_name_address='sed -n -e '\''s/^: \([^ ]*\) $/  {\"\1\", (void *) 0},/p'\'' -e '\''s/^[ABCDGIRSTW]* \([^ ]*\) \([^ ]*\)$/  {"\2", (void *) \&\2},/p'\'''
lt_cv_sys_global_symbol_to_c_name_address_lib_prefix='sed -n -e '\''s/^: \([^ ]*\) $/  {\"\1\", (void *) 0},/p'\'' -e '\''s/^[ABCDGIRSTW]* \([^ ]*\) \(lib[^ ]*\)$/  {"\2", (void *) \&\2},/p'\'' -e '\''s/^[ABCDGIRSTW]* \([^ ]*\) \([^ ]*\)$/  {"lib\2", (void *) \&\2},/p'\'''
lt_cv_sys_global_symbol_to_cdecl='sed -n -e '\''s/^T .* \(.*\)$/extern int \1();/p'\'' -e '\''s/^[ABCDGIRSTW]* .* \(.*\)$/extern char \1;/p'\'''
lt_cv_sys_max_cmd_len=1572864

## ----------------- ##
## Output variables. ##
## ----------------- ##

ACLOCAL='${SHELL} '\''/home/stu/binutils-2.39/missing'\'' aclocal-1.16'
AMDEPBACKSLASH='\'
AMDEP_FALSE='#'
AMDEP_TRUE=''
AMTAR='$${TAR-tar}'
AM_BACKSLASH='\'
AM_DEFAULT_V='$(AM_DEFAULT_VERBOSITY)'
AM_DEFAULT_VERBOSITY='0'
AM_V='$(V)'
AR='riscv64-buildroot-linux-musl-ar --plugin /home/stu/riscv64--musl--bleeding-edge-2020.08-1/bin/../libexec/gcc/riscv64-buildroot-linux-musl/10.2.0/liblto_plugin.so --plugin /home/stu/riscv64--musl--bleeding-edge-2020.08-1/bin/../libexec/gcc/riscv64-buildroot-linux-musl/10.2.0/liblto_plugin.so'
AUTOCONF='${SHELL} '\''/home/stu/binutils-2.39/missing'\'' autoconf'
AUTOHEADER='${SHELL} '\''/home/stu/binutils-2.39/missing'\'' autoheader'
AUTOMAKE='${SHELL} '\''/home/stu/binutils-2.39/missing'\'' automake-1.16'
AWK='gawk'
CC='riscv64-buildroot-linux-musl-gcc'
CCDEPMODE='depmode=gcc3'
CFLAGS='-static    '
COMPPATH='.'
CPP='riscv64-buildroot-linux-musl-gcc -E'
CPPFLAGS=''
CSCOPE='cscope'
CTAGS='ctags'
CYGPATH_W='echo'
DEFS='-DPACKAGE_NAME=\"zlib\" -DPACKAGE_TARNAME=\"zlib\" -DPACKAGE_VERSION=\"1.1.4\" -DPACKAGE_STRING=\"zlib\ 1.1.4\" -DPACKAGE_BUGREPORT=\"\" -DPACKAGE_URL=\"\" -DPACKAGE=\"zlib\" -DVERSION=\"1.1.4\" -DSTDC_HEADERS=1 -DHAVE_SYS_TYPES_H=1 -DHAVE_SYS_STAT_H=1 -DHAVE_STDLIB_H=1 -DHAVE_STRING_H=1 -DHAVE_MEMORY_H=1 -DHAVE_STRINGS_H=1 -DHAVE_INTTYPES_H=1 -DHAVE_STDINT_H=1 -DHAVE_UNISTD_H=1 -DHAVE_DLFCN_H=1 -DLT_OBJDIR=\".libs/\" -DHAVE_STDLIB_H=1 -DHAVE_UNISTD_H=1 -DHAVE_SYS_PARAM_H=1 -DHAVE_GETPAGESIZE=1 -DHAVE_MEMCPY=1 -DHAVE_STRERROR=1 -DHAVE_UNISTD_H=1'
DEPDIR='.deps'
DSYMUTIL='@DSYMUTIL@'
DUMPBIN=''
ECHO_C=''
ECHO_N='-n'
ECHO_T=''
EGREP='/usr/bin/grep -E'
ETAGS='etags'
EXEEXT=''
FGREP='/usr/bin/grep -F'
GREP='/usr/bin/grep'
INSTALL_DATA='/usr/bin/install -c -m 644'
INSTALL_PROGRAM='/usr/bin/install -c'
INSTALL_SCRIPT='/usr/bin/install -c'
INSTALL_STRIP_PROGRAM='$(install_sh) -c -s'
LD='/home/stu/riscv64--musl--bleeding-edge-2020.08-1/bin/../lib/gcc/riscv64-buildroot-linux-musl/10.2.0/../../../../riscv64-buildroot-linux-musl/bin/ld'
LDFLAGS=' -static'
LIBOBJS=''
LIBS=''
LIBTOOL='$(SHELL) $(top_builddir)/libtool'
LIPO=''
LN_S='ln -s'
LTLIBOBJS=''
MAINT='#'
MAINTAINER_MODE_FALSE=''
MAINTAINER_MODE_TRUE='#'
MAKEINFO='makeinfo --split-size=5000000'
MKDIR_P='/usr/bin/mkdir -p'
NM='/home/stu/riscv64--musl--bleeding-edge-2020.08-1/bin/riscv64-buildroot-linux-musl-nm'
NMEDIT=''
OBJDUMP='riscv64-buildroot-linux-musl-objdump'
OBJEXT='o'
OTOOL64=''
OTOOL='@OTOOL@'
PACKAGE='zlib'
PACKAGE_BUGREPORT=''
PACKAGE_NAME='zlib'
PACKAGE_STRING='zlib 1.1.4'
PACKAGE_TARNAME='zlib'
PACKAGE_URL=''
PACKAGE_VERSION='1.1.4'
PATH_SEPARATOR=':'
PICFLAG=''
RANLIB='riscv64-buildroot-linux-musl-ranlib --plugin /home/stu/riscv64--musl--bleeding-edge-2020.08-1/bin/../libexec/gcc/riscv64-buildroot-linux-musl/10.2.0/liblto_plugin.so --plugin /home/stu/riscv64--musl--bleeding-edge-2020.08-1/bin/../libexec/gcc/riscv64-buildroot-linux-musl/10.2.0/liblto_plugin.so'
SED='/usr/bin/sed'
SET_MAKE=''
SHELL='/bin/bash'
STRIP='riscv64-buildroot-linux-musl-strip'
TARGET_LIBRARY_FALSE=''
TARGET_LIBRARY_TRUE='#'
VERSION='1.1.4'
ac_ct_CC=''
ac_ct_DUMPBIN=''
am__EXEEXT_FALSE=''
am__EXEEXT_TRUE='#'
am__fastdepCC_FALSE='#'
am__fastdepCC_TRUE=''
am__include='include'
am__isrc=''
am__leading_dot='.'
am__nodep='_no'
am__quote=''
am__tar='$${TAR-tar} chof - "$$tardir"'
am__untar='$${TAR-tar} xf -'
bindir='${exec_prefix}/bin'
build='x86_64-pc-linux-gnu'
build_alias='x86_64-pc-linux-gnu'
build_cpu='x86_64'
build_os='linux-gnu'
build_vendor='pc'
datadir='${datarootdir}'
datarootdir='${prefix}/share'
docdir='${datarootdir}/doc/${PACKAGE_TARNAME}'
dvidir='${docdir}'
exec_prefix='${prefix}'
host='riscv64-buildroot-linux-musl'
host_alias='riscv64-buildroot-linux-musl'
host_cpu='riscv64'
host_os='linux-musl'
host_vendor='buildroot'
htmldir='${docdir}'
includedir='${prefix}/include'
infodir='${datarootdir}/info'
install_sh='${SHELL} /home/stu/binutils-2.39/install-sh'
libdir='${exec_prefix}/lib'
libexecdir='${exec_prefix}/libexec'
localedir='${datarootdir}/locale'
localstatedir='${prefix}/var'
mandir='${datarootdir}/man'
mkdir_p='$(MKDIR_P)'
mkinstalldirs='/home/stu/binutils-2.39/mkinstalldirs'
multi_basedir=''
oldincludedir='/usr/include'
pdfdir='${docdir}'
prefix='/home/stu/binutils-2.39/target'
program_transform_name='s,y,y,'
psdir='${docdir}'
sbindir='${exec_prefix}/sbin'
sharedstatedir='${prefix}/com'
sysconfdir='${prefix}/etc'
target='riscv64-buildroot-linux-musl'
target_alias='riscv64-buildroot-linux-musl'
target_all='libzgcj.la'
target_cpu='riscv64'
target_os='linux-musl'
target_vendor='buildroot'
toolexecdir='$(libdir)/gcc-lib/$(target_alias)'
toolexeclibdir='$(libdir)'

## ----------- ##
## confdefs.h. ##
## ----------- ##

/* confdefs.h */
#define PACKAGE_NAME "zlib"
#define PACKAGE_TARNAME "zlib"
#define PACKAGE_VERSION "1.1.4"
#define PACKAGE_STRING "zlib 1.1.4"
#define PACKAGE_BUGREPORT ""
#define PACKAGE_URL ""
#define PACKAGE "zlib"
#define VERSION "1.1.4"
#define STDC_HEADERS 1
#define HAVE_SYS_TYPES_H 1
#define HAVE_SYS_STAT_H 1
#define HAVE_STDLIB_H 1
#define HAVE_STRING_H 1
#define HAVE_MEMORY_H 1
#define HAVE_STRINGS_H 1
#define HAVE_INTTYPES_H 1
#define HAVE_STDINT_H 1
#define HAVE_UNISTD_H 1
#define HAVE_DLFCN_H 1
#define LT_OBJDIR ".libs/"
#define HAVE_STDLIB_H 1
#define HAVE_UNISTD_H 1
#define HAVE_SYS_PARAM_H 1
#define HAVE_GETPAGESIZE 1
#define HAVE_MEMCPY 1
#define HAVE_STRERROR 1
#define HAVE_UNISTD_H 1

configure: exit 0
