This file contains any messages produced by compilers while
running configure, to aid debugging if configure makes a mistake.

It was created by opcodes configure 2.39, which was
generated by GNU Autoconf 2.69.  Invocation command line was

  $ /home/stu/binutils-2.39/opcodes/configure --srcdir=.././opcodes --cache-file=./config.cache --with-gnu-as --with-gnu-ld --prefix=/home/stu/binutils-2.39/target --program-transform-name=s,y,y, --disable-option-checking --build=x86_64-pc-linux-gnu --host=riscv64-buildroot-linux-musl --target=riscv64-buildroot-linux-musl

## --------- ##
## Platform. ##
## --------- ##

hostname = gwins7-ubuntu
uname -m = x86_64
uname -r = 5.4.0-124-generic
uname -s = Linux
uname -v = #140-Ubuntu SMP Thu Aug 4 02:23:37 UTC 2022

/usr/bin/uname -p = x86_64
/bin/uname -X     = unknown

/bin/arch              = x86_64
/usr/bin/arch -k       = unknown
/usr/convex/getsysinfo = unknown
/usr/bin/hostinfo      = unknown
/bin/machine           = unknown
/usr/bin/oslevel       = unknown
/bin/universe          = unknown

PATH: /opt/riscv64-linux/bin
PATH: /usr/local/sbin
PATH: /usr/local/bin
PATH: /usr/sbin
PATH: /usr/bin
PATH: /sbin
PATH: /bin
PATH: /usr/games
PATH: /usr/local/games
PATH: /snap/bin
PATH: /home/stu/kendryte-toolchain/bin
PATH: /home/stu/riscv64--musl--bleeding-edge-2020.08-1/bin
PATH: /opt/qemu/bin
PATH: /home/stu/musl_gcc_x86/bin
PATH: /home/stu/good_gdb/bin


## ----------- ##
## Core tests. ##
## ----------- ##

configure:2413: creating cache ./config.cache
configure:2524: checking build system type
configure:2538: result: x86_64-pc-linux-gnu
configure:2558: checking host system type
configure:2571: result: riscv64-buildroot-linux-musl
configure:2591: checking target system type
configure:2604: result: riscv64-buildroot-linux-musl
configure:2647: checking for a BSD-compatible install
configure:2715: result: /usr/bin/install -c
configure:2726: checking whether build environment is sane
configure:2781: result: yes
configure:2838: checking for riscv64-buildroot-linux-musl-strip
configure:2854: found /home/stu/riscv64--musl--bleeding-edge-2020.08-1/bin/riscv64-buildroot-linux-musl-strip
configure:2865: result: riscv64-buildroot-linux-musl-strip
configure:2930: checking for a thread-safe mkdir -p
configure:2969: result: /usr/bin/mkdir -p
configure:2976: checking for gawk
configure:3003: result: gawk
configure:3014: checking whether make sets $(MAKE)
configure:3036: result: yes
configure:3065: checking whether make supports nested variables
configure:3082: result: yes
configure:3219: checking whether make supports nested variables
configure:3236: result: yes
configure:3256: checking for riscv64-buildroot-linux-musl-gcc
configure:3283: result: riscv64-buildroot-linux-musl-gcc
configure:3552: checking for C compiler version
configure:3561: riscv64-buildroot-linux-musl-gcc --version >&5
riscv64-buildroot-linux-musl-gcc.br_real (Buildroot 2020.08-14-ge5a2a90) 10.2.0
Copyright (C) 2020 Free Software Foundation, Inc.
This is free software; see the source for copying conditions.  There is NO
warranty; not even for MERCHANTABILITY or FITNESS FOR A PARTICULAR PURPOSE.

configure:3572: $? = 0
configure:3561: riscv64-buildroot-linux-musl-gcc -v >&5
Using built-in specs.
COLLECT_GCC=/home/stu/riscv64--musl--bleeding-edge-2020.08-1/bin/riscv64-buildroot-linux-musl-gcc.br_real
COLLECT_LTO_WRAPPER=/home/stu/riscv64--musl--bleeding-edge-2020.08-1/bin/../libexec/gcc/riscv64-buildroot-linux-musl/10.2.0/lto-wrapper
Target: riscv64-buildroot-linux-musl
Configured with: ./configure --prefix=/opt/riscv64--musl--bleeding-edge-2020.08-1 --sysconfdir=/opt/riscv64--musl--bleeding-edge-2020.08-1/etc --enable-static --target=riscv64-buildroot-linux-musl --with-sysroot=/opt/riscv64--musl--bleeding-edge-2020.08-1/riscv64-buildroot-linux-musl/sysroot --enable-__cxa_atexit --with-gnu-ld --disable-libssp --disable-multilib --disable-decimal-float --with-gmp=/opt/riscv64--musl--bleeding-edge-2020.08-1 --with-mpc=/opt/riscv64--musl--bleeding-edge-2020.08-1 --with-mpfr=/opt/riscv64--musl--bleeding-edge-2020.08-1 --with-pkgversion='Buildroot 2020.08-14-ge5a2a90' --with-bugurl=http://bugs.buildroot.net/ --without-zstd --disable-libmpx --disable-libquadmath --disable-libquadmath-support --disable-libsanitizer --enable-tls --enable-threads --without-isl --without-cloog --with-arch=rv64imafd --with-abi=lp64 --enable-languages=c,c++,fortran --with-build-time-tools=/opt/riscv64--musl--bleeding-edge-2020.08-1/riscv64-buildroot-linux-musl/bin --enable-shared --disable-libgomp
Thread model: posix
Supported LTO compression algorithms: zlib
gcc version 10.2.0 (Buildroot 2020.08-14-ge5a2a90) 
configure:3572: $? = 0
configure:3561: riscv64-buildroot-linux-musl-gcc -V >&5
riscv64-buildroot-linux-musl-gcc.br_real: error: unrecognized command-line option '-V'
riscv64-buildroot-linux-musl-gcc.br_real: fatal error: no input files
compilation terminated.
configure:3572: $? = 1
configure:3561: riscv64-buildroot-linux-musl-gcc -qversion >&5
riscv64-buildroot-linux-musl-gcc.br_real: error: unrecognized command-line option '-qversion'; did you mean '--version'?
riscv64-buildroot-linux-musl-gcc.br_real: fatal error: no input files
compilation terminated.
configure:3572: $? = 1
configure:3592: checking whether the C compiler works
configure:3614: riscv64-buildroot-linux-musl-gcc -static       -static conftest.c  >&5
configure:3618: $? = 0
configure:3666: result: yes
configure:3669: checking for C compiler default output file name
configure:3671: result: a.out
configure:3677: checking for suffix of executables
configure:3684: riscv64-buildroot-linux-musl-gcc -o conftest -static       -static conftest.c  >&5
configure:3688: $? = 0
configure:3710: result: 
configure:3732: checking whether we are cross compiling
configure:3770: result: yes
configure:3775: checking for suffix of object files
configure:3797: riscv64-buildroot-linux-musl-gcc -c -static      conftest.c >&5
configure:3801: $? = 0
configure:3822: result: o
configure:3826: checking whether we are using the GNU C compiler
configure:3845: riscv64-buildroot-linux-musl-gcc -c -static      conftest.c >&5
configure:3845: $? = 0
configure:3854: result: yes
configure:3863: checking whether riscv64-buildroot-linux-musl-gcc accepts -g
configure:3883: riscv64-buildroot-linux-musl-gcc -c -g  conftest.c >&5
configure:3883: $? = 0
configure:3924: result: yes
configure:3941: checking for riscv64-buildroot-linux-musl-gcc option to accept ISO C89
configure:4004: riscv64-buildroot-linux-musl-gcc  -c -static      conftest.c >&5
configure:4004: $? = 0
configure:4017: result: none needed
configure:4042: checking whether riscv64-buildroot-linux-musl-gcc understands -c and -o together
configure:4064: riscv64-buildroot-linux-musl-gcc -c conftest.c -o conftest2.o
configure:4067: $? = 0
configure:4064: riscv64-buildroot-linux-musl-gcc -c conftest.c -o conftest2.o
configure:4067: $? = 0
configure:4079: result: yes
configure:4107: checking for style of include used by make
configure:4135: result: GNU
configure:4161: checking dependency style of riscv64-buildroot-linux-musl-gcc
configure:4272: result: gcc3
configure:4293: checking how to run the C preprocessor
configure:4324: riscv64-buildroot-linux-musl-gcc -E  conftest.c
configure:4324: $? = 0
configure:4338: riscv64-buildroot-linux-musl-gcc -E  conftest.c
conftest.c:11:10: fatal error: ac_nonexistent.h: No such file or directory
   11 | #include <ac_nonexistent.h>
      |          ^~~~~~~~~~~~~~~~~~
compilation terminated.
configure:4338: $? = 1
configure: failed program was:
| /* confdefs.h */
| #define PACKAGE_NAME "opcodes"
| #define PACKAGE_TARNAME "opcodes"
| #define PACKAGE_VERSION "2.39"
| #define PACKAGE_STRING "opcodes 2.39"
| #define PACKAGE_BUGREPORT ""
| #define PACKAGE_URL ""
| #define PACKAGE "opcodes"
| #define VERSION "2.39"
| /* end confdefs.h.  */
| #include <ac_nonexistent.h>
configure:4363: result: riscv64-buildroot-linux-musl-gcc -E
configure:4383: riscv64-buildroot-linux-musl-gcc -E  conftest.c
configure:4383: $? = 0
configure:4397: riscv64-buildroot-linux-musl-gcc -E  conftest.c
conftest.c:11:10: fatal error: ac_nonexistent.h: No such file or directory
   11 | #include <ac_nonexistent.h>
      |          ^~~~~~~~~~~~~~~~~~
compilation terminated.
configure:4397: $? = 1
configure: failed program was:
| /* confdefs.h */
| #define PACKAGE_NAME "opcodes"
| #define PACKAGE_TARNAME "opcodes"
| #define PACKAGE_VERSION "2.39"
| #define PACKAGE_STRING "opcodes 2.39"
| #define PACKAGE_BUGREPORT ""
| #define PACKAGE_URL ""
| #define PACKAGE "opcodes"
| #define VERSION "2.39"
| /* end confdefs.h.  */
| #include <ac_nonexistent.h>
configure:4426: checking for grep that handles long lines and -e
configure:4484: result: /usr/bin/grep
configure:4489: checking for egrep
configure:4551: result: /usr/bin/grep -E
configure:4556: checking for ANSI C header files
configure:4576: riscv64-buildroot-linux-musl-gcc -c -static      conftest.c >&5
configure:4576: $? = 0
configure:4660: result: yes
configure:4673: checking for sys/types.h
configure:4673: riscv64-buildroot-linux-musl-gcc -c -static      conftest.c >&5
configure:4673: $? = 0
configure:4673: result: yes
configure:4673: checking for sys/stat.h
configure:4673: riscv64-buildroot-linux-musl-gcc -c -static      conftest.c >&5
configure:4673: $? = 0
configure:4673: result: yes
configure:4673: checking for stdlib.h
configure:4673: riscv64-buildroot-linux-musl-gcc -c -static      conftest.c >&5
configure:4673: $? = 0
configure:4673: result: yes
configure:4673: checking for string.h
configure:4673: riscv64-buildroot-linux-musl-gcc -c -static      conftest.c >&5
configure:4673: $? = 0
configure:4673: result: yes
configure:4673: checking for memory.h
configure:4673: riscv64-buildroot-linux-musl-gcc -c -static      conftest.c >&5
configure:4673: $? = 0
configure:4673: result: yes
configure:4673: checking for strings.h
configure:4673: riscv64-buildroot-linux-musl-gcc -c -static      conftest.c >&5
configure:4673: $? = 0
configure:4673: result: yes
configure:4673: checking for inttypes.h
configure:4673: riscv64-buildroot-linux-musl-gcc -c -static      conftest.c >&5
configure:4673: $? = 0
configure:4673: result: yes
configure:4673: checking for stdint.h
configure:4673: riscv64-buildroot-linux-musl-gcc -c -static      conftest.c >&5
configure:4673: $? = 0
configure:4673: result: yes
configure:4673: checking for unistd.h
configure:4673: riscv64-buildroot-linux-musl-gcc -c -static      conftest.c >&5
configure:4673: $? = 0
configure:4673: result: yes
configure:4686: checking minix/config.h usability
configure:4686: riscv64-buildroot-linux-musl-gcc -c -static      conftest.c >&5
conftest.c:54:10: fatal error: minix/config.h: No such file or directory
   54 | #include <minix/config.h>
      |          ^~~~~~~~~~~~~~~~
compilation terminated.
configure:4686: $? = 1
configure: failed program was:
| /* confdefs.h */
| #define PACKAGE_NAME "opcodes"
| #define PACKAGE_TARNAME "opcodes"
| #define PACKAGE_VERSION "2.39"
| #define PACKAGE_STRING "opcodes 2.39"
| #define PACKAGE_BUGREPORT ""
| #define PACKAGE_URL ""
| #define PACKAGE "opcodes"
| #define VERSION "2.39"
| #define STDC_HEADERS 1
| #define HAVE_SYS_TYPES_H 1
| #define HAVE_SYS_STAT_H 1
| #define HAVE_STDLIB_H 1
| #define HAVE_STRING_H 1
| #define HAVE_MEMORY_H 1
| #define HAVE_STRINGS_H 1
| #define HAVE_INTTYPES_H 1
| #define HAVE_STDINT_H 1
| #define HAVE_UNISTD_H 1
| /* end confdefs.h.  */
| #include <stdio.h>
| #ifdef HAVE_SYS_TYPES_H
| # include <sys/types.h>
| #endif
| #ifdef HAVE_SYS_STAT_H
| # include <sys/stat.h>
| #endif
| #ifdef STDC_HEADERS
| # include <stdlib.h>
| # include <stddef.h>
| #else
| # ifdef HAVE_STDLIB_H
| #  include <stdlib.h>
| # endif
| #endif
| #ifdef HAVE_STRING_H
| # if !defined STDC_HEADERS && defined HAVE_MEMORY_H
| #  include <memory.h>
| # endif
| # include <string.h>
| #endif
| #ifdef HAVE_STRINGS_H
| # include <strings.h>
| #endif
| #ifdef HAVE_INTTYPES_H
| # include <inttypes.h>
| #endif
| #ifdef HAVE_STDINT_H
| # include <stdint.h>
| #endif
| #ifdef HAVE_UNISTD_H
| # include <unistd.h>
| #endif
| #include <minix/config.h>
configure:4686: result: no
configure:4686: checking minix/config.h presence
configure:4686: riscv64-buildroot-linux-musl-gcc -E  conftest.c
conftest.c:21:10: fatal error: minix/config.h: No such file or directory
   21 | #include <minix/config.h>
      |          ^~~~~~~~~~~~~~~~
compilation terminated.
configure:4686: $? = 1
configure: failed program was:
| /* confdefs.h */
| #define PACKAGE_NAME "opcodes"
| #define PACKAGE_TARNAME "opcodes"
| #define PACKAGE_VERSION "2.39"
| #define PACKAGE_STRING "opcodes 2.39"
| #define PACKAGE_BUGREPORT ""
| #define PACKAGE_URL ""
| #define PACKAGE "opcodes"
| #define VERSION "2.39"
| #define STDC_HEADERS 1
| #define HAVE_SYS_TYPES_H 1
| #define HAVE_SYS_STAT_H 1
| #define HAVE_STDLIB_H 1
| #define HAVE_STRING_H 1
| #define HAVE_MEMORY_H 1
| #define HAVE_STRINGS_H 1
| #define HAVE_INTTYPES_H 1
| #define HAVE_STDINT_H 1
| #define HAVE_UNISTD_H 1
| /* end confdefs.h.  */
| #include <minix/config.h>
configure:4686: result: no
configure:4686: checking for minix/config.h
configure:4686: result: no
configure:4707: checking whether it is safe to define __EXTENSIONS__
configure:4725: riscv64-buildroot-linux-musl-gcc -c -static      conftest.c >&5
configure:4725: $? = 0
configure:4732: result: yes
configure:4752: checking for riscv64-buildroot-linux-musl-ar
configure:4779: result: riscv64-buildroot-linux-musl-ar --plugin /home/stu/riscv64--musl--bleeding-edge-2020.08-1/bin/../libexec/gcc/riscv64-buildroot-linux-musl/10.2.0/liblto_plugin.so
configure:4844: checking for riscv64-buildroot-linux-musl-ranlib
configure:4871: result: riscv64-buildroot-linux-musl-ranlib --plugin /home/stu/riscv64--musl--bleeding-edge-2020.08-1/bin/../libexec/gcc/riscv64-buildroot-linux-musl/10.2.0/liblto_plugin.so
configure:5012: checking how to print strings
configure:5039: result: printf
configure:5060: checking for a sed that does not truncate output
configure:5124: result: /usr/bin/sed
configure:5142: checking for fgrep
configure:5204: result: /usr/bin/grep -F
configure:5239: checking for ld used by riscv64-buildroot-linux-musl-gcc
configure:5306: result: /home/stu/riscv64--musl--bleeding-edge-2020.08-1/bin/../lib/gcc/riscv64-buildroot-linux-musl/10.2.0/../../../../riscv64-buildroot-linux-musl/bin/ld
configure:5313: checking if the linker (/home/stu/riscv64--musl--bleeding-edge-2020.08-1/bin/../lib/gcc/riscv64-buildroot-linux-musl/10.2.0/../../../../riscv64-buildroot-linux-musl/bin/ld) is GNU ld
configure:5328: result: yes
configure:5340: checking for BSD- or MS-compatible name lister (nm)
configure:5396: result: /home/stu/riscv64--musl--bleeding-edge-2020.08-1/bin/riscv64-buildroot-linux-musl-nm
configure:5526: checking the name lister (/home/stu/riscv64--musl--bleeding-edge-2020.08-1/bin/riscv64-buildroot-linux-musl-nm) interface
configure:5533: riscv64-buildroot-linux-musl-gcc -c -static      conftest.c >&5
configure:5536: /home/stu/riscv64--musl--bleeding-edge-2020.08-1/bin/riscv64-buildroot-linux-musl-nm "conftest.o"
configure:5539: output
0000000000000000 B some_variable
configure:5540: result: BSD nm
configure:5543: checking whether ln -s works
configure:5547: result: yes
configure:5555: checking the maximum length of command line arguments
configure:5680: result: 1572864
configure:5697: checking whether the shell understands some XSI constructs
configure:5706: result: yes
configure:5710: checking whether the shell understands "+="
configure:5714: result: yes
configure:5749: checking for /home/stu/riscv64--musl--bleeding-edge-2020.08-1/bin/../lib/gcc/riscv64-buildroot-linux-musl/10.2.0/../../../../riscv64-buildroot-linux-musl/bin/ld option to reload object files
configure:5756: result: -r
configure:5785: checking for riscv64-buildroot-linux-musl-objdump
configure:5812: result: riscv64-buildroot-linux-musl-objdump
configure:5884: checking how to recognize dependent libraries
configure:6085: result: pass_all
configure:6118: checking for riscv64-buildroot-linux-musl-ar
configure:6145: result: riscv64-buildroot-linux-musl-ar --plugin /home/stu/riscv64--musl--bleeding-edge-2020.08-1/bin/../libexec/gcc/riscv64-buildroot-linux-musl/10.2.0/liblto_plugin.so
configure:6236: checking for riscv64-buildroot-linux-musl-strip
configure:6263: result: riscv64-buildroot-linux-musl-strip
configure:6335: checking for riscv64-buildroot-linux-musl-ranlib
configure:6362: result: riscv64-buildroot-linux-musl-ranlib --plugin /home/stu/riscv64--musl--bleeding-edge-2020.08-1/bin/../libexec/gcc/riscv64-buildroot-linux-musl/10.2.0/liblto_plugin.so
configure:6509: checking command to parse /home/stu/riscv64--musl--bleeding-edge-2020.08-1/bin/riscv64-buildroot-linux-musl-nm output from riscv64-buildroot-linux-musl-gcc object
configure:6627: riscv64-buildroot-linux-musl-gcc -c -static      conftest.c >&5
configure:6630: $? = 0
configure:6634: /home/stu/riscv64--musl--bleeding-edge-2020.08-1/bin/riscv64-buildroot-linux-musl-nm conftest.o \| sed -n -e 's/^.*[ ]\([ABCDGIRSTW][ABCDGIRSTW]*\)[ ][ ]*\([_A-Za-z][_A-Za-z0-9]*\)$/\1 \2 \2/p' \> conftest.nm
configure:6637: $? = 0
configure:6691: riscv64-buildroot-linux-musl-gcc -o conftest -static       -static conftest.c conftstm.o >&5
configure:6694: $? = 0
configure:6732: result: ok
configure:7580: checking for dlfcn.h
configure:7580: riscv64-buildroot-linux-musl-gcc -c -static      conftest.c >&5
configure:7580: $? = 0
configure:7580: result: yes
configure:7737: checking for objdir
configure:7752: result: .libs
configure:8023: checking if riscv64-buildroot-linux-musl-gcc supports -fno-rtti -fno-exceptions
configure:8041: riscv64-buildroot-linux-musl-gcc -c -static      -fno-rtti -fno-exceptions conftest.c >&5
cc1: warning: command-line option '-fno-rtti' is valid for C++/D/ObjC++ but not for C
configure:8045: $? = 0
configure:8058: result: no
configure:8078: checking for riscv64-buildroot-linux-musl-gcc option to produce PIC
configure:8364: result: -fPIC -DPIC
configure:8376: checking if riscv64-buildroot-linux-musl-gcc PIC flag -fPIC -DPIC works
configure:8394: riscv64-buildroot-linux-musl-gcc -c -static      -fPIC -DPIC -DPIC conftest.c >&5
configure:8398: $? = 0
configure:8411: result: yes
configure:8435: checking if riscv64-buildroot-linux-musl-gcc static flag -static works
configure:8463: result: yes
configure:8478: checking if riscv64-buildroot-linux-musl-gcc supports -c -o file.o
configure:8499: riscv64-buildroot-linux-musl-gcc -c -static      -o out/conftest2.o conftest.c >&5
configure:8503: $? = 0
configure:8525: result: yes
configure:8533: checking if riscv64-buildroot-linux-musl-gcc supports -c -o file.o
configure:8580: result: yes
configure:8613: checking whether the riscv64-buildroot-linux-musl-gcc linker (/home/stu/riscv64--musl--bleeding-edge-2020.08-1/bin/../lib/gcc/riscv64-buildroot-linux-musl/10.2.0/../../../../riscv64-buildroot-linux-musl/bin/ld) supports shared libraries
configure:9684: result: yes
configure:9929: checking dynamic linker characteristics
configure:10370: riscv64-buildroot-linux-musl-gcc -o conftest -static       -static -Wl,-rpath -Wl,/foo conftest.c  >&5
configure:10370: $? = 0
configure:10592: result: GNU/Linux ld.so
configure:10699: checking how to hardcode library paths into programs
configure:10724: result: immediate
configure:11264: checking whether stripping libraries is possible
configure:11269: result: yes
configure:11304: checking if libtool supports shared libraries
configure:11306: result: yes
configure:11309: checking whether to build shared libraries
configure:11330: result: no
configure:11333: checking whether to build static libraries
configure:11337: result: yes
gcc: error: CPPFLAGS_FOR_BUILD@: No such file or directory
gcc: error: CPPFLAGS_FOR_BUILD@: No such file or directory
configure:8720: checking whether to enable maintainer-specific portions of Makefiles
configure:8729: result: no
configure:8757: checking whether to install libbfd
configure:8770: result: yes
configure:8816: checking whether NLS is requested
configure:8822: result: yes
configure:8828: checking for catalogs to be installed
configure:8860: result:  da de es fi fr ga id it nl pt_BR ro sr sv tr uk vi zh_CN da de es fi fr ga id it nl pt_BR ro sr sv tr uk vi zh_CN
configure:8887: checking whether NLS is requested
configure:8896: result: yes
configure:8934: checking for msgfmt
configure:8965: result: /usr/bin/msgfmt
configure:8974: checking for gmsgfmt
configure:9005: result: /usr/bin/msgfmt
configure:9045: checking for xgettext
configure:9076: result: /usr/bin/xgettext
configure:9116: checking for msgmerge
configure:9146: result: /usr/bin/msgmerge
configure:9197: checking for build system executable suffix
configure:9215: result: no
configure:9241: checking size of void *
configure:9246: riscv64-buildroot-linux-musl-gcc -c -static      conftest.c >&5
configure:9246: $? = 0
configure:9246: riscv64-buildroot-linux-musl-gcc -c -static      conftest.c >&5
conftest.c: In function 'main':
conftest.c:65:12: error: size of array 'test_array' is negative
   65 | static int test_array [1 - 2 * !(((long int) (sizeof (void *))) <= 0)];
      |            ^~~~~~~~~~
configure:9246: $? = 1
configure: failed program was:
| /* confdefs.h */
| #define PACKAGE_NAME "opcodes"
| #define PACKAGE_TARNAME "opcodes"
| #define PACKAGE_VERSION "2.39"
| #define PACKAGE_STRING "opcodes 2.39"
| #define PACKAGE_BUGREPORT ""
| #define PACKAGE_URL ""
| #define PACKAGE "opcodes"
| #define VERSION "2.39"
| #define STDC_HEADERS 1
| #define HAVE_SYS_TYPES_H 1
| #define HAVE_SYS_STAT_H 1
| #define HAVE_STDLIB_H 1
| #define HAVE_STRING_H 1
| #define HAVE_MEMORY_H 1
| #define HAVE_STRINGS_H 1
| #define HAVE_INTTYPES_H 1
| #define HAVE_STDINT_H 1
| #define HAVE_UNISTD_H 1
| #define __EXTENSIONS__ 1
| #define _ALL_SOURCE 1
| #define _GNU_SOURCE 1
| #define _POSIX_PTHREAD_SEMANTICS 1
| #define _TANDEM_SOURCE 1
| #define HAVE_DLFCN_H 1
| #define LT_OBJDIR ".libs/"
| #define ENABLE_NLS 1
| /* end confdefs.h.  */
| #include <stdio.h>
| #ifdef HAVE_SYS_TYPES_H
| # include <sys/types.h>
| #endif
| #ifdef HAVE_SYS_STAT_H
| # include <sys/stat.h>
| #endif
| #ifdef STDC_HEADERS
| # include <stdlib.h>
| # include <stddef.h>
| #else
| # ifdef HAVE_STDLIB_H
| #  include <stdlib.h>
| # endif
| #endif
| #ifdef HAVE_STRING_H
| # if !defined STDC_HEADERS && defined HAVE_MEMORY_H
| #  include <memory.h>
| # endif
| # include <string.h>
| #endif
| #ifdef HAVE_STRINGS_H
| # include <strings.h>
| #endif
| #ifdef HAVE_INTTYPES_H
| # include <inttypes.h>
| #endif
| #ifdef HAVE_STDINT_H
| # include <stdint.h>
| #endif
| #ifdef HAVE_UNISTD_H
| # include <unistd.h>
| #endif
| int
| main ()
| {
| static int test_array [1 - 2 * !(((long int) (sizeof (void *))) <= 0)];
| test_array [0] = 0;
| return test_array [0];
| 
|   ;
|   return 0;
| }
configure:9246: riscv64-buildroot-linux-musl-gcc -c -static      conftest.c >&5
conftest.c: In function 'main':
conftest.c:65:12: error: size of array 'test_array' is negative
   65 | static int test_array [1 - 2 * !(((long int) (sizeof (void *))) <= 1)];
      |            ^~~~~~~~~~
configure:9246: $? = 1
configure: failed program was:
| /* confdefs.h */
| #define PACKAGE_NAME "opcodes"
| #define PACKAGE_TARNAME "opcodes"
| #define PACKAGE_VERSION "2.39"
| #define PACKAGE_STRING "opcodes 2.39"
| #define PACKAGE_BUGREPORT ""
| #define PACKAGE_URL ""
| #define PACKAGE "opcodes"
| #define VERSION "2.39"
| #define STDC_HEADERS 1
| #define HAVE_SYS_TYPES_H 1
| #define HAVE_SYS_STAT_H 1
| #define HAVE_STDLIB_H 1
| #define HAVE_STRING_H 1
| #define HAVE_MEMORY_H 1
| #define HAVE_STRINGS_H 1
| #define HAVE_INTTYPES_H 1
| #define HAVE_STDINT_H 1
| #define HAVE_UNISTD_H 1
| #define __EXTENSIONS__ 1
| #define _ALL_SOURCE 1
| #define _GNU_SOURCE 1
| #define _POSIX_PTHREAD_SEMANTICS 1
| #define _TANDEM_SOURCE 1
| #define HAVE_DLFCN_H 1
| #define LT_OBJDIR ".libs/"
| #define ENABLE_NLS 1
| /* end confdefs.h.  */
| #include <stdio.h>
| #ifdef HAVE_SYS_TYPES_H
| # include <sys/types.h>
| #endif
| #ifdef HAVE_SYS_STAT_H
| # include <sys/stat.h>
| #endif
| #ifdef STDC_HEADERS
| # include <stdlib.h>
| # include <stddef.h>
| #else
| # ifdef HAVE_STDLIB_H
| #  include <stdlib.h>
| # endif
| #endif
| #ifdef HAVE_STRING_H
| # if !defined STDC_HEADERS && defined HAVE_MEMORY_H
| #  include <memory.h>
| # endif
| # include <string.h>
| #endif
| #ifdef HAVE_STRINGS_H
| # include <strings.h>
| #endif
| #ifdef HAVE_INTTYPES_H
| # include <inttypes.h>
| #endif
| #ifdef HAVE_STDINT_H
| # include <stdint.h>
| #endif
| #ifdef HAVE_UNISTD_H
| # include <unistd.h>
| #endif
| int
| main ()
| {
| static int test_array [1 - 2 * !(((long int) (sizeof (void *))) <= 1)];
| test_array [0] = 0;
| return test_array [0];
| 
|   ;
|   return 0;
| }
configure:9246: riscv64-buildroot-linux-musl-gcc -c -static      conftest.c >&5
conftest.c: In function 'main':
conftest.c:65:12: error: size of array 'test_array' is negative
   65 | static int test_array [1 - 2 * !(((long int) (sizeof (void *))) <= 3)];
      |            ^~~~~~~~~~
configure:9246: $? = 1
configure: failed program was:
| /* confdefs.h */
| #define PACKAGE_NAME "opcodes"
| #define PACKAGE_TARNAME "opcodes"
| #define PACKAGE_VERSION "2.39"
| #define PACKAGE_STRING "opcodes 2.39"
| #define PACKAGE_BUGREPORT ""
| #define PACKAGE_URL ""
| #define PACKAGE "opcodes"
| #define VERSION "2.39"
| #define STDC_HEADERS 1
| #define HAVE_SYS_TYPES_H 1
| #define HAVE_SYS_STAT_H 1
| #define HAVE_STDLIB_H 1
| #define HAVE_STRING_H 1
| #define HAVE_MEMORY_H 1
| #define HAVE_STRINGS_H 1
| #define HAVE_INTTYPES_H 1
| #define HAVE_STDINT_H 1
| #define HAVE_UNISTD_H 1
| #define __EXTENSIONS__ 1
| #define _ALL_SOURCE 1
| #define _GNU_SOURCE 1
| #define _POSIX_PTHREAD_SEMANTICS 1
| #define _TANDEM_SOURCE 1
| #define HAVE_DLFCN_H 1
| #define LT_OBJDIR ".libs/"
| #define ENABLE_NLS 1
| /* end confdefs.h.  */
| #include <stdio.h>
| #ifdef HAVE_SYS_TYPES_H
| # include <sys/types.h>
| #endif
| #ifdef HAVE_SYS_STAT_H
| # include <sys/stat.h>
| #endif
| #ifdef STDC_HEADERS
| # include <stdlib.h>
| # include <stddef.h>
| #else
| # ifdef HAVE_STDLIB_H
| #  include <stdlib.h>
| # endif
| #endif
| #ifdef HAVE_STRING_H
| # if !defined STDC_HEADERS && defined HAVE_MEMORY_H
| #  include <memory.h>
| # endif
| # include <string.h>
| #endif
| #ifdef HAVE_STRINGS_H
| # include <strings.h>
| #endif
| #ifdef HAVE_INTTYPES_H
| # include <inttypes.h>
| #endif
| #ifdef HAVE_STDINT_H
| # include <stdint.h>
| #endif
| #ifdef HAVE_UNISTD_H
| # include <unistd.h>
| #endif
| int
| main ()
| {
| static int test_array [1 - 2 * !(((long int) (sizeof (void *))) <= 3)];
| test_array [0] = 0;
| return test_array [0];
| 
|   ;
|   return 0;
| }
configure:9246: riscv64-buildroot-linux-musl-gcc -c -static      conftest.c >&5
conftest.c: In function 'main':
conftest.c:65:12: error: size of array 'test_array' is negative
   65 | static int test_array [1 - 2 * !(((long int) (sizeof (void *))) <= 7)];
      |            ^~~~~~~~~~
configure:9246: $? = 1
configure: failed program was:
| /* confdefs.h */
| #define PACKAGE_NAME "opcodes"
| #define PACKAGE_TARNAME "opcodes"
| #define PACKAGE_VERSION "2.39"
| #define PACKAGE_STRING "opcodes 2.39"
| #define PACKAGE_BUGREPORT ""
| #define PACKAGE_URL ""
| #define PACKAGE "opcodes"
| #define VERSION "2.39"
| #define STDC_HEADERS 1
| #define HAVE_SYS_TYPES_H 1
| #define HAVE_SYS_STAT_H 1
| #define HAVE_STDLIB_H 1
| #define HAVE_STRING_H 1
| #define HAVE_MEMORY_H 1
| #define HAVE_STRINGS_H 1
| #define HAVE_INTTYPES_H 1
| #define HAVE_STDINT_H 1
| #define HAVE_UNISTD_H 1
| #define __EXTENSIONS__ 1
| #define _ALL_SOURCE 1
| #define _GNU_SOURCE 1
| #define _POSIX_PTHREAD_SEMANTICS 1
| #define _TANDEM_SOURCE 1
| #define HAVE_DLFCN_H 1
| #define LT_OBJDIR ".libs/"
| #define ENABLE_NLS 1
| /* end confdefs.h.  */
| #include <stdio.h>
| #ifdef HAVE_SYS_TYPES_H
| # include <sys/types.h>
| #endif
| #ifdef HAVE_SYS_STAT_H
| # include <sys/stat.h>
| #endif
| #ifdef STDC_HEADERS
| # include <stdlib.h>
| # include <stddef.h>
| #else
| # ifdef HAVE_STDLIB_H
| #  include <stdlib.h>
| # endif
| #endif
| #ifdef HAVE_STRING_H
| # if !defined STDC_HEADERS && defined HAVE_MEMORY_H
| #  include <memory.h>
| # endif
| # include <string.h>
| #endif
| #ifdef HAVE_STRINGS_H
| # include <strings.h>
| #endif
| #ifdef HAVE_INTTYPES_H
| # include <inttypes.h>
| #endif
| #ifdef HAVE_STDINT_H
| # include <stdint.h>
| #endif
| #ifdef HAVE_UNISTD_H
| # include <unistd.h>
| #endif
| int
| main ()
| {
| static int test_array [1 - 2 * !(((long int) (sizeof (void *))) <= 7)];
| test_array [0] = 0;
| return test_array [0];
| 
|   ;
|   return 0;
| }
configure:9246: riscv64-buildroot-linux-musl-gcc -c -static      conftest.c >&5
configure:9246: $? = 0
configure:9246: riscv64-buildroot-linux-musl-gcc -c -static      conftest.c >&5
configure:9246: $? = 0
configure:9246: riscv64-buildroot-linux-musl-gcc -c -static      conftest.c >&5
configure:9246: $? = 0
configure:9246: riscv64-buildroot-linux-musl-gcc -c -static      conftest.c >&5
configure:9246: $? = 0
configure:9260: result: 8
configure:9289: checking whether basename is declared
configure:9289: riscv64-buildroot-linux-musl-gcc -c -static      conftest.c >&5
configure:9289: $? = 0
configure:9289: result: yes
configure:9299: checking whether stpcpy is declared
configure:9299: riscv64-buildroot-linux-musl-gcc -c -static      conftest.c >&5
configure:9299: $? = 0
configure:9299: result: yes
configure:9313: checking for sigsetjmp
configure:9331: riscv64-buildroot-linux-musl-gcc -c -static      conftest.c >&5
configure:9331: $? = 0
configure:9338: result: 
configure:9382: checking linker --as-needed support
configure:9393: result: yes
configure:9484: checking for cos in -lm
configure:9509: riscv64-buildroot-linux-musl-gcc -o conftest -static       -static conftest.c -lm   >&5
conftest.c:40:6: warning: conflicting types for built-in function 'cos'; expected 'double(double)' [-Wbuiltin-declaration-mismatch]
   40 | char cos ();
      |      ^~~
conftest.c:1:1: note: 'cos' is declared in header '<math.h>'
    1 | /* confdefs.h */
configure:9509: $? = 0
configure:9518: result: yes
configure:9829: updating cache ./config.cache
configure:9873: checking that generated files are newer than configure
configure:9879: result: done
configure:9918: creating ./config.status

## ---------------------- ##
## Running config.status. ##
## ---------------------- ##

This file was extended by opcodes config.status 2.39, which was
generated by GNU Autoconf 2.69.  Invocation command line was

  CONFIG_FILES    = 
  CONFIG_HEADERS  = 
  CONFIG_LINKS    = 
  CONFIG_COMMANDS = 
  $ ./config.status 

on gwins7-ubuntu

config.status:1133: creating Makefile
config.status:1133: creating po/Makefile.in
config.status:1133: creating config.h
config.status:1362: executing depfiles commands
config.status:1362: executing libtool commands
config.status:1362: executing default-1 commands

## ---------------- ##
## Cache variables. ##
## ---------------- ##

ac_cv_build=x86_64-pc-linux-gnu
ac_cv_c_compiler_gnu=yes
ac_cv_env_CC_set=set
ac_cv_env_CC_value=riscv64-buildroot-linux-musl-gcc
ac_cv_env_CFLAGS_set=set
ac_cv_env_CFLAGS_value='-static    '
ac_cv_env_CPPFLAGS_set=
ac_cv_env_CPPFLAGS_value=
ac_cv_env_CPP_set=
ac_cv_env_CPP_value=
ac_cv_env_LDFLAGS_set=set
ac_cv_env_LDFLAGS_value=' -static'
ac_cv_env_LIBS_set=
ac_cv_env_LIBS_value=
ac_cv_env_build_alias_set=set
ac_cv_env_build_alias_value=x86_64-pc-linux-gnu
ac_cv_env_host_alias_set=set
ac_cv_env_host_alias_value=riscv64-buildroot-linux-musl
ac_cv_env_target_alias_set=set
ac_cv_env_target_alias_value=riscv64-buildroot-linux-musl
ac_cv_have_decl_basename=yes
ac_cv_have_decl_stpcpy=yes
ac_cv_header_dlfcn_h=yes
ac_cv_header_inttypes_h=yes
ac_cv_header_memory_h=yes
ac_cv_header_minix_config_h=no
ac_cv_header_stdc=yes
ac_cv_header_stdint_h=yes
ac_cv_header_stdlib_h=yes
ac_cv_header_string_h=yes
ac_cv_header_strings_h=yes
ac_cv_header_sys_stat_h=yes
ac_cv_header_sys_types_h=yes
ac_cv_header_unistd_h=yes
ac_cv_host=riscv64-buildroot-linux-musl
ac_cv_lib_m_cos=yes
ac_cv_objext=o
ac_cv_path_EGREP='/usr/bin/grep -E'
ac_cv_path_FGREP='/usr/bin/grep -F'
ac_cv_path_GMSGFMT=/usr/bin/msgfmt
ac_cv_path_GREP=/usr/bin/grep
ac_cv_path_MSGFMT=/usr/bin/msgfmt
ac_cv_path_MSGMERGE=/usr/bin/msgmerge
ac_cv_path_SED=/usr/bin/sed
ac_cv_path_XGETTEXT=/usr/bin/xgettext
ac_cv_path_mkdir=/usr/bin/mkdir
ac_cv_prog_AR='riscv64-buildroot-linux-musl-ar --plugin /home/stu/riscv64--musl--bleeding-edge-2020.08-1/bin/../libexec/gcc/riscv64-buildroot-linux-musl/10.2.0/liblto_plugin.so'
ac_cv_prog_AWK=gawk
ac_cv_prog_CC=riscv64-buildroot-linux-musl-gcc
ac_cv_prog_CPP='riscv64-buildroot-linux-musl-gcc -E'
ac_cv_prog_OBJDUMP=riscv64-buildroot-linux-musl-objdump
ac_cv_prog_RANLIB='riscv64-buildroot-linux-musl-ranlib --plugin /home/stu/riscv64--musl--bleeding-edge-2020.08-1/bin/../libexec/gcc/riscv64-buildroot-linux-musl/10.2.0/liblto_plugin.so'
ac_cv_prog_STRIP=riscv64-buildroot-linux-musl-strip
ac_cv_prog_cc_c89=
ac_cv_prog_cc_g=yes
ac_cv_prog_make_make_set=yes
ac_cv_safe_to_define___extensions__=yes
ac_cv_sizeof_void_p=8
ac_cv_target=riscv64-buildroot-linux-musl
am_cv_CC_dependencies_compiler_type=gcc3
am_cv_make_support_nested_variables=yes
am_cv_prog_cc_c_o=yes
bfd_cv_build_exeext=no
bfd_cv_func_sigsetjmp=yes
bfd_cv_ld_as_needed=yes
lt_cv_deplibs_check_method=pass_all
lt_cv_file_magic_cmd='$MAGIC_CMD'
lt_cv_file_magic_test_file=
lt_cv_ld_reload_flag=-r
lt_cv_nm_interface='BSD nm'
lt_cv_objdir=.libs
lt_cv_path_LD=/home/stu/riscv64--musl--bleeding-edge-2020.08-1/bin/../lib/gcc/riscv64-buildroot-linux-musl/10.2.0/../../../../riscv64-buildroot-linux-musl/bin/ld
lt_cv_path_NM=/home/stu/riscv64--musl--bleeding-edge-2020.08-1/bin/riscv64-buildroot-linux-musl-nm
lt_cv_prog_compiler_c_o=yes
lt_cv_prog_compiler_pic_works=yes
lt_cv_prog_compiler_rtti_exceptions=no
lt_cv_prog_compiler_static_works=yes
lt_cv_prog_gnu_ld=yes
lt_cv_shlibpath_overrides_runpath=no
lt_cv_sys_global_symbol_pipe='sed -n -e '\''s/^.*[	 ]\([ABCDGIRSTW][ABCDGIRSTW]*\)[	 ][	 ]*\([_A-Za-z][_A-Za-z0-9]*\)$/\1 \2 \2/p'\'''
lt_cv_sys_global_symbol_to_c_name_address='sed -n -e '\''s/^: \([^ ]*\) $/  {\"\1\", (void *) 0},/p'\'' -e '\''s/^[ABCDGIRSTW]* \([^ ]*\) \([^ ]*\)$/  {"\2", (void *) \&\2},/p'\'''
lt_cv_sys_global_symbol_to_c_name_address_lib_prefix='sed -n -e '\''s/^: \([^ ]*\) $/  {\"\1\", (void *) 0},/p'\'' -e '\''s/^[ABCDGIRSTW]* \([^ ]*\) \(lib[^ ]*\)$/  {"\2", (void *) \&\2},/p'\'' -e '\''s/^[ABCDGIRSTW]* \([^ ]*\) \([^ ]*\)$/  {"lib\2", (void *) \&\2},/p'\'''
lt_cv_sys_global_symbol_to_cdecl='sed -n -e '\''s/^T .* \(.*\)$/extern int \1();/p'\'' -e '\''s/^[ABCDGIRSTW]* .* \(.*\)$/extern char \1;/p'\'''
lt_cv_sys_max_cmd_len=1572864

## ----------------- ##
## Output variables. ##
## ----------------- ##

ACLOCAL='${SHELL} /home/stu/binutils-2.39/missing aclocal-1.15'
AMDEPBACKSLASH='\'
AMDEP_FALSE='#'
AMDEP_TRUE=''
AMTAR='$${TAR-tar}'
AM_BACKSLASH='\'
AM_DEFAULT_V='$(AM_DEFAULT_VERBOSITY)'
AM_DEFAULT_VERBOSITY='0'
AM_V='$(V)'
AR='riscv64-buildroot-linux-musl-ar --plugin /home/stu/riscv64--musl--bleeding-edge-2020.08-1/bin/../libexec/gcc/riscv64-buildroot-linux-musl/10.2.0/liblto_plugin.so --plugin /home/stu/riscv64--musl--bleeding-edge-2020.08-1/bin/../libexec/gcc/riscv64-buildroot-linux-musl/10.2.0/liblto_plugin.so'
AUTOCONF='${SHELL} /home/stu/binutils-2.39/missing autoconf'
AUTOHEADER='${SHELL} /home/stu/binutils-2.39/missing autoheader'
AUTOMAKE='${SHELL} /home/stu/binutils-2.39/missing automake-1.15'
AWK='gawk'
BFD_MACHINES=' riscv-dis.lo riscv-opc.lo'
BUILD_LIBS='-liberty '
BUILD_LIB_DEPS=' '
CATALOGS=' da.gmo de.gmo es.gmo fi.gmo fr.gmo ga.gmo id.gmo it.gmo nl.gmo pt_BR.gmo ro.gmo sr.gmo sv.gmo tr.gmo uk.gmo vi.gmo zh_CN.gmo da.gmo de.gmo es.gmo fi.gmo fr.gmo ga.gmo id.gmo it.gmo nl.gmo pt_BR.gmo ro.gmo sr.gmo sv.gmo tr.gmo uk.gmo vi.gmo zh_CN.gmo'
CATOBJEXT='.gmo'
CC='riscv64-buildroot-linux-musl-gcc'
CCDEPMODE='depmode=gcc3'
CC_FOR_BUILD='gcc'
CFLAGS='-static    '
CGEN_MAINT_FALSE=''
CGEN_MAINT_TRUE='#'
CPP='riscv64-buildroot-linux-musl-gcc -E'
CPPFLAGS=''
CYGPATH_W='echo'
DATADIRNAME='share'
DEFS='-DHAVE_CONFIG_H'
DEPDIR='.deps'
DSYMUTIL='@DSYMUTIL@'
DUMPBIN=''
ECHO_C=''
ECHO_N='-n'
ECHO_T=''
EGREP='/usr/bin/grep -E'
ENABLE_BFD_64_BIT_FALSE='#'
ENABLE_BFD_64_BIT_TRUE=''
EXEEXT=''
EXEEXT_FOR_BUILD=''
FGREP='/usr/bin/grep -F'
GENCAT='gencat'
GMSGFMT='/usr/bin/msgfmt'
GREP='/usr/bin/grep'
HDEFINES=''
INCINTL=''
INSTALL_DATA='/usr/bin/install -c -m 644'
INSTALL_LIBBFD_FALSE='#'
INSTALL_LIBBFD_TRUE=''
INSTALL_PROGRAM='/usr/bin/install -c'
INSTALL_SCRIPT='/usr/bin/install -c'
INSTALL_STRIP_PROGRAM='$(install_sh) -c -s'
INSTOBJEXT='.mo'
LD='/home/stu/riscv64--musl--bleeding-edge-2020.08-1/bin/../lib/gcc/riscv64-buildroot-linux-musl/10.2.0/../../../../riscv64-buildroot-linux-musl/bin/ld'
LDFLAGS=' -static'
LIBINTL=''
LIBINTL_DEP=''
LIBM='-lm'
LIBOBJS=''
LIBS=''
LIBTOOL='$(SHELL) $(top_builddir)/libtool'
LIPO=''
LN_S='ln -s'
LTLIBOBJS=''
MAINT='#'
MAINTAINER_MODE_FALSE=''
MAINTAINER_MODE_TRUE='#'
MAKEINFO='makeinfo --split-size=5000000'
MKDIR_P='/usr/bin/mkdir -p'
MKINSTALLDIRS='$(top_builddir)/./../mkinstalldirs'
MSGFMT='/usr/bin/msgfmt'
MSGMERGE='/usr/bin/msgmerge'
NM='/home/stu/riscv64--musl--bleeding-edge-2020.08-1/bin/riscv64-buildroot-linux-musl-nm'
NMEDIT=''
NO_WERROR=''
OBJDUMP='riscv64-buildroot-linux-musl-objdump'
OBJEXT='o'
OTOOL64=''
OTOOL='@OTOOL@'
PACKAGE='opcodes'
PACKAGE_BUGREPORT=''
PACKAGE_NAME='opcodes'
PACKAGE_STRING='opcodes 2.39'
PACKAGE_TARNAME='opcodes'
PACKAGE_URL=''
PACKAGE_VERSION='2.39'
PATH_SEPARATOR=':'
POSUB='po'
RANLIB='riscv64-buildroot-linux-musl-ranlib --plugin /home/stu/riscv64--musl--bleeding-edge-2020.08-1/bin/../libexec/gcc/riscv64-buildroot-linux-musl/10.2.0/liblto_plugin.so --plugin /home/stu/riscv64--musl--bleeding-edge-2020.08-1/bin/../libexec/gcc/riscv64-buildroot-linux-musl/10.2.0/liblto_plugin.so'
SED='/usr/bin/sed'
SET_MAKE=''
SHARED_DEPENDENCIES=''
SHARED_LDFLAGS=''
SHARED_LIBADD=' '
SHELL='/bin/bash'
STRIP='riscv64-buildroot-linux-musl-strip'
USE_NLS='yes'
VERSION='2.39'
WARN_CFLAGS='-W -Wall -Wstrict-prototypes -Wmissing-prototypes -Wshadow -Wstack-usage=262144'
WARN_CFLAGS_FOR_BUILD='-W -Wall -Wstrict-prototypes -Wmissing-prototypes -Wshadow -Wstack-usage=262144'
WARN_WRITE_STRINGS='-Wwrite-strings'
XGETTEXT='/usr/bin/xgettext'
ac_ct_CC=''
ac_ct_DUMPBIN=''
am__EXEEXT_FALSE=''
am__EXEEXT_TRUE='#'
am__fastdepCC_FALSE='#'
am__fastdepCC_TRUE=''
am__include='include'
am__isrc=''
am__leading_dot='.'
am__nodep='_no'
am__quote=''
am__tar='$${TAR-tar} chof - "$$tardir"'
am__untar='$${TAR-tar} xf -'
archdefs=' -DARCH_riscv'
bfdincludedir='$(includedir)'
bfdlibdir='$(libdir)'
bindir='${exec_prefix}/bin'
build='x86_64-pc-linux-gnu'
build_alias='x86_64-pc-linux-gnu'
build_cpu='x86_64'
build_os='linux-gnu'
build_vendor='pc'
cgendir='$(srcdir)/../cgen'
datadir='${datarootdir}'
datarootdir='${prefix}/share'
docdir='${datarootdir}/doc/${PACKAGE_TARNAME}'
dvidir='${docdir}'
exec_prefix='${prefix}'
host='riscv64-buildroot-linux-musl'
host_alias='riscv64-buildroot-linux-musl'
host_cpu='riscv64'
host_noncanonical='riscv64-buildroot-linux-musl'
host_os='linux-musl'
host_vendor='buildroot'
htmldir='${docdir}'
includedir='${prefix}/include'
infodir='${datarootdir}/info'
install_sh='${SHELL} /home/stu/binutils-2.39/install-sh'
libdir='${exec_prefix}/lib'
libexecdir='${exec_prefix}/libexec'
localedir='${datarootdir}/locale'
localstatedir='${prefix}/var'
mandir='${datarootdir}/man'
mkdir_p='$(MKDIR_P)'
oldincludedir='/usr/include'
pdfdir='${docdir}'
prefix='/home/stu/binutils-2.39/target'
program_transform_name='s,y,y,'
psdir='${docdir}'
sbindir='${exec_prefix}/sbin'
sharedstatedir='${prefix}/com'
sysconfdir='${prefix}/etc'
target='riscv64-buildroot-linux-musl'
target_alias='riscv64-buildroot-linux-musl'
target_cpu='riscv64'
target_noncanonical='riscv64-buildroot-linux-musl'
target_os='linux-musl'
target_vendor='buildroot'

## ----------- ##
## confdefs.h. ##
## ----------- ##

/* confdefs.h */
#define PACKAGE_NAME "opcodes"
#define PACKAGE_TARNAME "opcodes"
#define PACKAGE_VERSION "2.39"
#define PACKAGE_STRING "opcodes 2.39"
#define PACKAGE_BUGREPORT ""
#define PACKAGE_URL ""
#define PACKAGE "opcodes"
#define VERSION "2.39"
#define STDC_HEADERS 1
#define HAVE_SYS_TYPES_H 1
#define HAVE_SYS_STAT_H 1
#define HAVE_STDLIB_H 1
#define HAVE_STRING_H 1
#define HAVE_MEMORY_H 1
#define HAVE_STRINGS_H 1
#define HAVE_INTTYPES_H 1
#define HAVE_STDINT_H 1
#define HAVE_UNISTD_H 1
#define __EXTENSIONS__ 1
#define _ALL_SOURCE 1
#define _GNU_SOURCE 1
#define _POSIX_PTHREAD_SEMANTICS 1
#define _TANDEM_SOURCE 1
#define HAVE_DLFCN_H 1
#define LT_OBJDIR ".libs/"
#define ENABLE_NLS 1
#define SIZEOF_VOID_P 8
#define HAVE_DECL_BASENAME 1
#define HAVE_DECL_STPCPY 1
#define HAVE_SIGSETJMP 1

configure: exit 0
