This file contains any messages produced by compilers while
running configure, to aid debugging if configure makes a mistake.

It was created by libctf configure 1.2.0, which was
generated by GNU Autoconf 2.69.  Invocation command line was

  $ /home/stu/binutils-2.39/libctf/configure --srcdir=.././libctf --cache-file=./config.cache --with-gnu-as --with-gnu-ld --prefix=/home/stu/binutils-2.39/target --program-transform-name=s,y,y, --disable-option-checking --build=x86_64-pc-linux-gnu --host=riscv64-buildroot-linux-musl --target=riscv64-buildroot-linux-musl

## --------- ##
## Platform. ##
## --------- ##

hostname = gwins7-ubuntu
uname -m = x86_64
uname -r = 5.4.0-124-generic
uname -s = Linux
uname -v = #140-Ubuntu SMP Thu Aug 4 02:23:37 UTC 2022

/usr/bin/uname -p = x86_64
/bin/uname -X     = unknown

/bin/arch              = x86_64
/usr/bin/arch -k       = unknown
/usr/convex/getsysinfo = unknown
/usr/bin/hostinfo      = unknown
/bin/machine           = unknown
/usr/bin/oslevel       = unknown
/bin/universe          = unknown

PATH: /opt/riscv64-linux/bin
PATH: /usr/local/sbin
PATH: /usr/local/bin
PATH: /usr/sbin
PATH: /usr/bin
PATH: /sbin
PATH: /bin
PATH: /usr/games
PATH: /usr/local/games
PATH: /snap/bin
PATH: /home/stu/kendryte-toolchain/bin
PATH: /home/stu/riscv64--musl--bleeding-edge-2020.08-1/bin
PATH: /opt/qemu/bin
PATH: /home/stu/musl_gcc_x86/bin
PATH: /home/stu/good_gdb/bin


## ----------- ##
## Core tests. ##
## ----------- ##

configure:2226: creating cache ./config.cache
configure:2343: checking build system type
configure:2357: result: x86_64-pc-linux-gnu
configure:2377: checking host system type
configure:2390: result: riscv64-buildroot-linux-musl
configure:2410: checking target system type
configure:2423: result: riscv64-buildroot-linux-musl
configure:2460: checking for riscv64-buildroot-linux-musl-gcc
configure:2487: result: riscv64-buildroot-linux-musl-gcc
configure:2756: checking for C compiler version
configure:2765: riscv64-buildroot-linux-musl-gcc --version >&5
riscv64-buildroot-linux-musl-gcc.br_real (Buildroot 2020.08-14-ge5a2a90) 10.2.0
Copyright (C) 2020 Free Software Foundation, Inc.
This is free software; see the source for copying conditions.  There is NO
warranty; not even for MERCHANTABILITY or FITNESS FOR A PARTICULAR PURPOSE.

configure:2776: $? = 0
configure:2765: riscv64-buildroot-linux-musl-gcc -v >&5
Using built-in specs.
COLLECT_GCC=/home/stu/riscv64--musl--bleeding-edge-2020.08-1/bin/riscv64-buildroot-linux-musl-gcc.br_real
COLLECT_LTO_WRAPPER=/home/stu/riscv64--musl--bleeding-edge-2020.08-1/bin/../libexec/gcc/riscv64-buildroot-linux-musl/10.2.0/lto-wrapper
Target: riscv64-buildroot-linux-musl
Configured with: ./configure --prefix=/opt/riscv64--musl--bleeding-edge-2020.08-1 --sysconfdir=/opt/riscv64--musl--bleeding-edge-2020.08-1/etc --enable-static --target=riscv64-buildroot-linux-musl --with-sysroot=/opt/riscv64--musl--bleeding-edge-2020.08-1/riscv64-buildroot-linux-musl/sysroot --enable-__cxa_atexit --with-gnu-ld --disable-libssp --disable-multilib --disable-decimal-float --with-gmp=/opt/riscv64--musl--bleeding-edge-2020.08-1 --with-mpc=/opt/riscv64--musl--bleeding-edge-2020.08-1 --with-mpfr=/opt/riscv64--musl--bleeding-edge-2020.08-1 --with-pkgversion='Buildroot 2020.08-14-ge5a2a90' --with-bugurl=http://bugs.buildroot.net/ --without-zstd --disable-libmpx --disable-libquadmath --disable-libquadmath-support --disable-libsanitizer --enable-tls --enable-threads --without-isl --without-cloog --with-arch=rv64imafd --with-abi=lp64 --enable-languages=c,c++,fortran --with-build-time-tools=/opt/riscv64--musl--bleeding-edge-2020.08-1/riscv64-buildroot-linux-musl/bin --enable-shared --disable-libgomp
Thread model: posix
Supported LTO compression algorithms: zlib
gcc version 10.2.0 (Buildroot 2020.08-14-ge5a2a90) 
configure:2776: $? = 0
configure:2765: riscv64-buildroot-linux-musl-gcc -V >&5
riscv64-buildroot-linux-musl-gcc.br_real: error: unrecognized command-line option '-V'
riscv64-buildroot-linux-musl-gcc.br_real: fatal error: no input files
compilation terminated.
configure:2776: $? = 1
configure:2765: riscv64-buildroot-linux-musl-gcc -qversion >&5
riscv64-buildroot-linux-musl-gcc.br_real: error: unrecognized command-line option '-qversion'; did you mean '--version'?
riscv64-buildroot-linux-musl-gcc.br_real: fatal error: no input files
compilation terminated.
configure:2776: $? = 1
configure:2796: checking whether the C compiler works
configure:2818: riscv64-buildroot-linux-musl-gcc -static       -static conftest.c  >&5
configure:2822: $? = 0
configure:2870: result: yes
configure:2873: checking for C compiler default output file name
configure:2875: result: a.out
configure:2881: checking for suffix of executables
configure:2888: riscv64-buildroot-linux-musl-gcc -o conftest -static       -static conftest.c  >&5
configure:2892: $? = 0
configure:2914: result: 
configure:2936: checking whether we are cross compiling
configure:2974: result: yes
configure:2979: checking for suffix of object files
configure:3001: riscv64-buildroot-linux-musl-gcc -c -static      conftest.c >&5
configure:3005: $? = 0
configure:3026: result: o
configure:3030: checking whether we are using the GNU C compiler
configure:3049: riscv64-buildroot-linux-musl-gcc -c -static      conftest.c >&5
configure:3049: $? = 0
configure:3058: result: yes
configure:3067: checking whether riscv64-buildroot-linux-musl-gcc accepts -g
configure:3087: riscv64-buildroot-linux-musl-gcc -c -g  conftest.c >&5
configure:3087: $? = 0
configure:3128: result: yes
configure:3145: checking for riscv64-buildroot-linux-musl-gcc option to accept ISO C89
configure:3208: riscv64-buildroot-linux-musl-gcc  -c -static      conftest.c >&5
configure:3208: $? = 0
configure:3221: result: none needed
configure:3246: checking whether riscv64-buildroot-linux-musl-gcc understands -c and -o together
configure:3268: riscv64-buildroot-linux-musl-gcc -c conftest.c -o conftest2.o
configure:3271: $? = 0
configure:3268: riscv64-buildroot-linux-musl-gcc -c conftest.c -o conftest2.o
configure:3271: $? = 0
configure:3283: result: yes
configure:3306: checking how to run the C preprocessor
configure:3337: riscv64-buildroot-linux-musl-gcc -E  conftest.c
configure:3337: $? = 0
configure:3351: riscv64-buildroot-linux-musl-gcc -E  conftest.c
conftest.c:9:10: fatal error: ac_nonexistent.h: No such file or directory
    9 | #include <ac_nonexistent.h>
      |          ^~~~~~~~~~~~~~~~~~
compilation terminated.
configure:3351: $? = 1
configure: failed program was:
| /* confdefs.h */
| #define PACKAGE_NAME "libctf"
| #define PACKAGE_TARNAME "libctf"
| #define PACKAGE_VERSION "1.2.0"
| #define PACKAGE_STRING "libctf 1.2.0"
| #define PACKAGE_BUGREPORT ""
| #define PACKAGE_URL ""
| /* end confdefs.h.  */
| #include <ac_nonexistent.h>
configure:3376: result: riscv64-buildroot-linux-musl-gcc -E
configure:3396: riscv64-buildroot-linux-musl-gcc -E  conftest.c
configure:3396: $? = 0
configure:3410: riscv64-buildroot-linux-musl-gcc -E  conftest.c
conftest.c:9:10: fatal error: ac_nonexistent.h: No such file or directory
    9 | #include <ac_nonexistent.h>
      |          ^~~~~~~~~~~~~~~~~~
compilation terminated.
configure:3410: $? = 1
configure: failed program was:
| /* confdefs.h */
| #define PACKAGE_NAME "libctf"
| #define PACKAGE_TARNAME "libctf"
| #define PACKAGE_VERSION "1.2.0"
| #define PACKAGE_STRING "libctf 1.2.0"
| #define PACKAGE_BUGREPORT ""
| #define PACKAGE_URL ""
| /* end confdefs.h.  */
| #include <ac_nonexistent.h>
configure:3439: checking for grep that handles long lines and -e
configure:3497: result: /usr/bin/grep
configure:3502: checking for egrep
configure:3564: result: /usr/bin/grep -E
configure:3569: checking for ANSI C header files
configure:3589: riscv64-buildroot-linux-musl-gcc -c -static      conftest.c >&5
configure:3589: $? = 0
configure:3673: result: yes
configure:3686: checking for sys/types.h
configure:3686: riscv64-buildroot-linux-musl-gcc -c -static      conftest.c >&5
configure:3686: $? = 0
configure:3686: result: yes
configure:3686: checking for sys/stat.h
configure:3686: riscv64-buildroot-linux-musl-gcc -c -static      conftest.c >&5
configure:3686: $? = 0
configure:3686: result: yes
configure:3686: checking for stdlib.h
configure:3686: riscv64-buildroot-linux-musl-gcc -c -static      conftest.c >&5
configure:3686: $? = 0
configure:3686: result: yes
configure:3686: checking for string.h
configure:3686: riscv64-buildroot-linux-musl-gcc -c -static      conftest.c >&5
configure:3686: $? = 0
configure:3686: result: yes
configure:3686: checking for memory.h
configure:3686: riscv64-buildroot-linux-musl-gcc -c -static      conftest.c >&5
configure:3686: $? = 0
configure:3686: result: yes
configure:3686: checking for strings.h
configure:3686: riscv64-buildroot-linux-musl-gcc -c -static      conftest.c >&5
configure:3686: $? = 0
configure:3686: result: yes
configure:3686: checking for inttypes.h
configure:3686: riscv64-buildroot-linux-musl-gcc -c -static      conftest.c >&5
configure:3686: $? = 0
configure:3686: result: yes
configure:3686: checking for stdint.h
configure:3686: riscv64-buildroot-linux-musl-gcc -c -static      conftest.c >&5
configure:3686: $? = 0
configure:3686: result: yes
configure:3686: checking for unistd.h
configure:3686: riscv64-buildroot-linux-musl-gcc -c -static      conftest.c >&5
configure:3686: $? = 0
configure:3686: result: yes
configure:3699: checking minix/config.h usability
configure:3699: riscv64-buildroot-linux-musl-gcc -c -static      conftest.c >&5
conftest.c:52:10: fatal error: minix/config.h: No such file or directory
   52 | #include <minix/config.h>
      |          ^~~~~~~~~~~~~~~~
compilation terminated.
configure:3699: $? = 1
configure: failed program was:
| /* confdefs.h */
| #define PACKAGE_NAME "libctf"
| #define PACKAGE_TARNAME "libctf"
| #define PACKAGE_VERSION "1.2.0"
| #define PACKAGE_STRING "libctf 1.2.0"
| #define PACKAGE_BUGREPORT ""
| #define PACKAGE_URL ""
| #define STDC_HEADERS 1
| #define HAVE_SYS_TYPES_H 1
| #define HAVE_SYS_STAT_H 1
| #define HAVE_STDLIB_H 1
| #define HAVE_STRING_H 1
| #define HAVE_MEMORY_H 1
| #define HAVE_STRINGS_H 1
| #define HAVE_INTTYPES_H 1
| #define HAVE_STDINT_H 1
| #define HAVE_UNISTD_H 1
| /* end confdefs.h.  */
| #include <stdio.h>
| #ifdef HAVE_SYS_TYPES_H
| # include <sys/types.h>
| #endif
| #ifdef HAVE_SYS_STAT_H
| # include <sys/stat.h>
| #endif
| #ifdef STDC_HEADERS
| # include <stdlib.h>
| # include <stddef.h>
| #else
| # ifdef HAVE_STDLIB_H
| #  include <stdlib.h>
| # endif
| #endif
| #ifdef HAVE_STRING_H
| # if !defined STDC_HEADERS && defined HAVE_MEMORY_H
| #  include <memory.h>
| # endif
| # include <string.h>
| #endif
| #ifdef HAVE_STRINGS_H
| # include <strings.h>
| #endif
| #ifdef HAVE_INTTYPES_H
| # include <inttypes.h>
| #endif
| #ifdef HAVE_STDINT_H
| # include <stdint.h>
| #endif
| #ifdef HAVE_UNISTD_H
| # include <unistd.h>
| #endif
| #include <minix/config.h>
configure:3699: result: no
configure:3699: checking minix/config.h presence
configure:3699: riscv64-buildroot-linux-musl-gcc -E  conftest.c
conftest.c:19:10: fatal error: minix/config.h: No such file or directory
   19 | #include <minix/config.h>
      |          ^~~~~~~~~~~~~~~~
compilation terminated.
configure:3699: $? = 1
configure: failed program was:
| /* confdefs.h */
| #define PACKAGE_NAME "libctf"
| #define PACKAGE_TARNAME "libctf"
| #define PACKAGE_VERSION "1.2.0"
| #define PACKAGE_STRING "libctf 1.2.0"
| #define PACKAGE_BUGREPORT ""
| #define PACKAGE_URL ""
| #define STDC_HEADERS 1
| #define HAVE_SYS_TYPES_H 1
| #define HAVE_SYS_STAT_H 1
| #define HAVE_STDLIB_H 1
| #define HAVE_STRING_H 1
| #define HAVE_MEMORY_H 1
| #define HAVE_STRINGS_H 1
| #define HAVE_INTTYPES_H 1
| #define HAVE_STDINT_H 1
| #define HAVE_UNISTD_H 1
| /* end confdefs.h.  */
| #include <minix/config.h>
configure:3699: result: no
configure:3699: checking for minix/config.h
configure:3699: result: no
configure:3720: checking whether it is safe to define __EXTENSIONS__
configure:3738: riscv64-buildroot-linux-musl-gcc -c -static      conftest.c >&5
configure:3738: $? = 0
configure:3745: result: yes
configure:3775: checking for a BSD-compatible install
configure:3843: result: /usr/bin/install -c
configure:3854: checking whether build environment is sane
configure:3909: result: yes
configure:3963: checking for riscv64-buildroot-linux-musl-strip
configure:3979: found /home/stu/riscv64--musl--bleeding-edge-2020.08-1/bin/riscv64-buildroot-linux-musl-strip
configure:3990: result: riscv64-buildroot-linux-musl-strip
configure:4055: checking for a thread-safe mkdir -p
configure:4094: result: /usr/bin/mkdir -p
configure:4101: checking for gawk
configure:4128: result: gawk
configure:4139: checking whether make sets $(MAKE)
configure:4161: result: yes
configure:4191: checking for style of include used by make
configure:4219: result: GNU
configure:4253: checking whether make supports nested variables
configure:4270: result: yes
configure:4355: checking dependency style of riscv64-buildroot-linux-musl-gcc
configure:4466: result: gcc3
configure:4535: checking whether make supports nested variables
configure:4552: result: yes
configure:4565: checking whether make sets $(MAKE)
configure:4587: result: yes
configure:4604: checking for riscv64-buildroot-linux-musl-gcc
configure:4631: result: riscv64-buildroot-linux-musl-gcc
configure:4900: checking for C compiler version
configure:4909: riscv64-buildroot-linux-musl-gcc --version >&5
riscv64-buildroot-linux-musl-gcc.br_real (Buildroot 2020.08-14-ge5a2a90) 10.2.0
Copyright (C) 2020 Free Software Foundation, Inc.
This is free software; see the source for copying conditions.  There is NO
warranty; not even for MERCHANTABILITY or FITNESS FOR A PARTICULAR PURPOSE.

configure:4920: $? = 0
configure:4909: riscv64-buildroot-linux-musl-gcc -v >&5
Using built-in specs.
COLLECT_GCC=/home/stu/riscv64--musl--bleeding-edge-2020.08-1/bin/riscv64-buildroot-linux-musl-gcc.br_real
COLLECT_LTO_WRAPPER=/home/stu/riscv64--musl--bleeding-edge-2020.08-1/bin/../libexec/gcc/riscv64-buildroot-linux-musl/10.2.0/lto-wrapper
Target: riscv64-buildroot-linux-musl
Configured with: ./configure --prefix=/opt/riscv64--musl--bleeding-edge-2020.08-1 --sysconfdir=/opt/riscv64--musl--bleeding-edge-2020.08-1/etc --enable-static --target=riscv64-buildroot-linux-musl --with-sysroot=/opt/riscv64--musl--bleeding-edge-2020.08-1/riscv64-buildroot-linux-musl/sysroot --enable-__cxa_atexit --with-gnu-ld --disable-libssp --disable-multilib --disable-decimal-float --with-gmp=/opt/riscv64--musl--bleeding-edge-2020.08-1 --with-mpc=/opt/riscv64--musl--bleeding-edge-2020.08-1 --with-mpfr=/opt/riscv64--musl--bleeding-edge-2020.08-1 --with-pkgversion='Buildroot 2020.08-14-ge5a2a90' --with-bugurl=http://bugs.buildroot.net/ --without-zstd --disable-libmpx --disable-libquadmath --disable-libquadmath-support --disable-libsanitizer --enable-tls --enable-threads --without-isl --without-cloog --with-arch=rv64imafd --with-abi=lp64 --enable-languages=c,c++,fortran --with-build-time-tools=/opt/riscv64--musl--bleeding-edge-2020.08-1/riscv64-buildroot-linux-musl/bin --enable-shared --disable-libgomp
Thread model: posix
Supported LTO compression algorithms: zlib
gcc version 10.2.0 (Buildroot 2020.08-14-ge5a2a90) 
configure:4920: $? = 0
configure:4909: riscv64-buildroot-linux-musl-gcc -V >&5
riscv64-buildroot-linux-musl-gcc.br_real: error: unrecognized command-line option '-V'
riscv64-buildroot-linux-musl-gcc.br_real: fatal error: no input files
compilation terminated.
configure:4920: $? = 1
configure:4909: riscv64-buildroot-linux-musl-gcc -qversion >&5
riscv64-buildroot-linux-musl-gcc.br_real: error: unrecognized command-line option '-qversion'; did you mean '--version'?
riscv64-buildroot-linux-musl-gcc.br_real: fatal error: no input files
compilation terminated.
configure:4920: $? = 1
configure:4924: checking whether we are using the GNU C compiler
configure:4952: result: yes
configure:4961: checking whether riscv64-buildroot-linux-musl-gcc accepts -g
configure:5022: result: yes
configure:5039: checking for riscv64-buildroot-linux-musl-gcc option to accept ISO C89
configure:5115: result: none needed
configure:5140: checking whether riscv64-buildroot-linux-musl-gcc understands -c and -o together
configure:5177: result: yes
configure:5197: checking for riscv64-buildroot-linux-musl-ranlib
configure:5224: result: riscv64-buildroot-linux-musl-ranlib --plugin /home/stu/riscv64--musl--bleeding-edge-2020.08-1/bin/../libexec/gcc/riscv64-buildroot-linux-musl/10.2.0/liblto_plugin.so
configure:5291: checking for riscv64-buildroot-linux-musl-ar
configure:5318: result: riscv64-buildroot-linux-musl-ar --plugin /home/stu/riscv64--musl--bleeding-edge-2020.08-1/bin/../libexec/gcc/riscv64-buildroot-linux-musl/10.2.0/liblto_plugin.so
configure:5388: checking the archiver (riscv64-buildroot-linux-musl-ar --plugin /home/stu/riscv64--musl--bleeding-edge-2020.08-1/bin/../libexec/gcc/riscv64-buildroot-linux-musl/10.2.0/liblto_plugin.so) interface
configure:5404: riscv64-buildroot-linux-musl-gcc -c -static      conftest.c >&5
configure:5404: $? = 0
configure:5406: riscv64-buildroot-linux-musl-ar --plugin /home/stu/riscv64--musl--bleeding-edge-2020.08-1/bin/../libexec/gcc/riscv64-buildroot-linux-musl/10.2.0/liblto_plugin.so cru libconftest.a conftest.o >&5
configure:5409: $? = 0
configure:5408: result: ar
configure:5441: checking whether NLS is requested
configure:5447: result: yes
configure:5453: checking for catalogs to be installed
configure:5485: result: 
configure:5577: checking how to print strings
configure:5604: result: printf
configure:5625: checking for a sed that does not truncate output
configure:5689: result: /usr/bin/sed
configure:5707: checking for fgrep
configure:5769: result: /usr/bin/grep -F
configure:5804: checking for ld used by riscv64-buildroot-linux-musl-gcc
configure:5871: result: /home/stu/riscv64--musl--bleeding-edge-2020.08-1/bin/../lib/gcc/riscv64-buildroot-linux-musl/10.2.0/../../../../riscv64-buildroot-linux-musl/bin/ld
configure:5878: checking if the linker (/home/stu/riscv64--musl--bleeding-edge-2020.08-1/bin/../lib/gcc/riscv64-buildroot-linux-musl/10.2.0/../../../../riscv64-buildroot-linux-musl/bin/ld) is GNU ld
configure:5893: result: yes
configure:5905: checking for BSD- or MS-compatible name lister (nm)
configure:5961: result: /home/stu/riscv64--musl--bleeding-edge-2020.08-1/bin/riscv64-buildroot-linux-musl-nm
configure:6091: checking the name lister (/home/stu/riscv64--musl--bleeding-edge-2020.08-1/bin/riscv64-buildroot-linux-musl-nm) interface
configure:6098: riscv64-buildroot-linux-musl-gcc -c -static      conftest.c >&5
configure:6101: /home/stu/riscv64--musl--bleeding-edge-2020.08-1/bin/riscv64-buildroot-linux-musl-nm "conftest.o"
configure:6104: output
0000000000000000 B some_variable
configure:6105: result: BSD nm
configure:6108: checking whether ln -s works
configure:6112: result: yes
configure:6120: checking the maximum length of command line arguments
configure:6245: result: 1572864
configure:6262: checking whether the shell understands some XSI constructs
configure:6271: result: yes
configure:6275: checking whether the shell understands "+="
configure:6279: result: yes
configure:6314: checking for /home/stu/riscv64--musl--bleeding-edge-2020.08-1/bin/../lib/gcc/riscv64-buildroot-linux-musl/10.2.0/../../../../riscv64-buildroot-linux-musl/bin/ld option to reload object files
configure:6321: result: -r
configure:6350: checking for riscv64-buildroot-linux-musl-objdump
configure:6377: result: riscv64-buildroot-linux-musl-objdump
configure:6449: checking how to recognize dependent libraries
configure:6650: result: pass_all
configure:6683: checking for riscv64-buildroot-linux-musl-ar
configure:6710: result: riscv64-buildroot-linux-musl-ar --plugin /home/stu/riscv64--musl--bleeding-edge-2020.08-1/bin/../libexec/gcc/riscv64-buildroot-linux-musl/10.2.0/liblto_plugin.so
configure:6801: checking for riscv64-buildroot-linux-musl-strip
configure:6828: result: riscv64-buildroot-linux-musl-strip
configure:6900: checking for riscv64-buildroot-linux-musl-ranlib
configure:6927: result: riscv64-buildroot-linux-musl-ranlib --plugin /home/stu/riscv64--musl--bleeding-edge-2020.08-1/bin/../libexec/gcc/riscv64-buildroot-linux-musl/10.2.0/liblto_plugin.so
configure:7074: checking command to parse /home/stu/riscv64--musl--bleeding-edge-2020.08-1/bin/riscv64-buildroot-linux-musl-nm output from riscv64-buildroot-linux-musl-gcc object
configure:7192: riscv64-buildroot-linux-musl-gcc -c -static      conftest.c >&5
configure:7195: $? = 0
configure:7199: /home/stu/riscv64--musl--bleeding-edge-2020.08-1/bin/riscv64-buildroot-linux-musl-nm conftest.o \| sed -n -e 's/^.*[ ]\([ABCDGIRSTW][ABCDGIRSTW]*\)[ ][ ]*\([_A-Za-z][_A-Za-z0-9]*\)$/\1 \2 \2/p' \> conftest.nm
configure:7202: $? = 0
configure:7256: riscv64-buildroot-linux-musl-gcc -o conftest -static       -static conftest.c conftstm.o >&5
configure:7259: $? = 0
configure:7297: result: ok
configure:8145: checking for dlfcn.h
configure:8145: riscv64-buildroot-linux-musl-gcc -c -static      conftest.c >&5
configure:8145: $? = 0
configure:8145: result: yes
configure:8302: checking for objdir
configure:8317: result: .libs
configure:8588: checking if riscv64-buildroot-linux-musl-gcc supports -fno-rtti -fno-exceptions
configure:8606: riscv64-buildroot-linux-musl-gcc -c -static      -fno-rtti -fno-exceptions conftest.c >&5
cc1: warning: command-line option '-fno-rtti' is valid for C++/D/ObjC++ but not for C
configure:8610: $? = 0
configure:8623: result: no
configure:8643: checking for riscv64-buildroot-linux-musl-gcc option to produce PIC
configure:8929: result: -fPIC -DPIC
configure:8941: checking if riscv64-buildroot-linux-musl-gcc PIC flag -fPIC -DPIC works
configure:8959: riscv64-buildroot-linux-musl-gcc -c -static      -fPIC -DPIC -DPIC conftest.c >&5
configure:8963: $? = 0
configure:8976: result: yes
configure:9000: checking if riscv64-buildroot-linux-musl-gcc static flag -static works
configure:9028: result: yes
configure:9043: checking if riscv64-buildroot-linux-musl-gcc supports -c -o file.o
configure:9064: riscv64-buildroot-linux-musl-gcc -c -static      -o out/conftest2.o conftest.c >&5
configure:9068: $? = 0
configure:9090: result: yes
configure:9098: checking if riscv64-buildroot-linux-musl-gcc supports -c -o file.o
configure:9145: result: yes
configure:9178: checking whether the riscv64-buildroot-linux-musl-gcc linker (/home/stu/riscv64--musl--bleeding-edge-2020.08-1/bin/../lib/gcc/riscv64-buildroot-linux-musl/10.2.0/../../../../riscv64-buildroot-linux-musl/bin/ld) supports shared libraries
configure:10249: result: yes
configure:10494: checking dynamic linker characteristics
configure:10935: riscv64-buildroot-linux-musl-gcc -o conftest -static       -static -Wl,-rpath -Wl,/foo conftest.c  >&5
configure:10935: $? = 0
configure:11157: result: GNU/Linux ld.so
configure:11264: checking how to hardcode library paths into programs
configure:11289: result: immediate
configure:11829: checking whether stripping libraries is possible
configure:11834: result: yes
configure:11869: checking if libtool supports shared libraries
configure:11871: result: yes
configure:11874: checking whether to build shared libraries
configure:11895: result: no
configure:11898: checking whether to build static libraries
configure:11902: result: yes
configure:9101: checking for special C compiler options needed for large files
configure:9146: result: no
configure:9152: checking for _FILE_OFFSET_BITS value needed for large files
configure:9177: riscv64-buildroot-linux-musl-gcc -c -static      conftest.c >&5
configure:9177: $? = 0
configure:9209: result: no
configure:9300: checking for aclocal
configure:9327: result: ${SHELL} /home/stu/binutils-2.39/missing aclocal-1.15
configure:9343: checking for autoconf
configure:9370: result: ${SHELL} /home/stu/binutils-2.39/missing autoconf
configure:9386: checking for autoheader
configure:9413: result: ${SHELL} /home/stu/binutils-2.39/missing autoheader
configure:9447: checking whether riscv64-buildroot-linux-musl-gcc supports -W
configure:9464: riscv64-buildroot-linux-musl-gcc -c -W  conftest.c >&5
configure:9464: $? = 0
configure:9473: result: yes
configure:9447: checking whether riscv64-buildroot-linux-musl-gcc supports -Wall
configure:9464: riscv64-buildroot-linux-musl-gcc -c -Wall  conftest.c >&5
configure:9464: $? = 0
configure:9473: result: yes
configure:9447: checking whether riscv64-buildroot-linux-musl-gcc supports -Wnarrowing
configure:9464: riscv64-buildroot-linux-musl-gcc -c -Wnarrowing  conftest.c >&5
configure:9464: $? = 0
configure:9473: result: yes
configure:9447: checking whether riscv64-buildroot-linux-musl-gcc supports -Wwrite-strings
configure:9464: riscv64-buildroot-linux-musl-gcc -c -Wwrite-strings  conftest.c >&5
configure:9464: $? = 0
configure:9473: result: yes
configure:9447: checking whether riscv64-buildroot-linux-musl-gcc supports -Wmissing-format-attribute
configure:9464: riscv64-buildroot-linux-musl-gcc -c -Wmissing-format-attribute  conftest.c >&5
configure:9464: $? = 0
configure:9473: result: yes
configure:9505: checking whether riscv64-buildroot-linux-musl-gcc supports -Wstrict-prototypes
configure:9522: riscv64-buildroot-linux-musl-gcc -c -Wstrict-prototypes  conftest.c >&5
conftest.c:31:1: warning: function declaration isn't a prototype [-Wstrict-prototypes]
   31 | main ()
      | ^~~~
configure:9522: $? = 0
configure:9531: result: yes
configure:9505: checking whether riscv64-buildroot-linux-musl-gcc supports -Wmissing-prototypes
configure:9522: riscv64-buildroot-linux-musl-gcc -c -Wmissing-prototypes  conftest.c >&5
configure:9522: $? = 0
configure:9531: result: yes
configure:9505: checking whether riscv64-buildroot-linux-musl-gcc supports -Wold-style-definition
configure:9522: riscv64-buildroot-linux-musl-gcc -c -Wold-style-definition  conftest.c >&5
conftest.c: In function 'main':
conftest.c:31:1: warning: old-style function definition [-Wold-style-definition]
   31 | main ()
      | ^~~~
configure:9522: $? = 0
configure:9531: result: yes
configure:9555: checking whether riscv64-buildroot-linux-musl-gcc supports -pedantic -Wlong-long
configure:9573: riscv64-buildroot-linux-musl-gcc -c -pedantic -Wlong-long  conftest.c >&5
configure:9573: $? = 0
configure:9581: result: yes
configure:9625: checking whether to enable maintainer-specific portions of Makefiles
configure:9634: result: no
configure:9662: checking whether to install libbfd
configure:9675: result: yes
configure:9720: checking whether riscv64-buildroot-linux-musl-gcc supports -Wall
configure:9746: result: yes
configure:9767: checking for stdlib.h
configure:9767: result: yes
configure:9767: checking for unistd.h
configure:9767: result: yes
configure:9767: checking for sys/param.h
configure:9767: riscv64-buildroot-linux-musl-gcc -c -static      conftest.c >&5
configure:9767: $? = 0
configure:9767: result: yes
configure:9787: checking for getpagesize
configure:9787: riscv64-buildroot-linux-musl-gcc -o conftest -static       -static conftest.c  >&5
configure:9787: $? = 0
configure:9787: result: yes
configure:9796: checking for working mmap
configure:9953: result: no
configure:9963: checking for library containing dlsym
configure:9994: riscv64-buildroot-linux-musl-gcc -o conftest -static       -static conftest.c  >&5
configure:9994: $? = 0
configure:10011: result: none required
configure:10076: checking for ELF support in BFD
configure:10096: riscv64-buildroot-linux-musl-gcc -o conftest -I./../include -I../bfd -I./../bfd -static      -L../bfd -L../libiberty -L../zlib  -static conftest.c -lbfd -liberty -lz   >&5
configure:10096: $? = 0
configure:10104: result: yes
configure:10116: checking whether byte ordering is bigendian
configure:10131: riscv64-buildroot-linux-musl-gcc -c -static      conftest.c >&5
conftest.c:35:9: error: unknown type name 'not'
   35 |         not a universal capable compiler
      |         ^~~
conftest.c:35:15: error: expected '=', ',', ';', 'asm' or '__attribute__' before 'universal'
   35 |         not a universal capable compiler
      |               ^~~~~~~~~
conftest.c:35:15: error: unknown type name 'universal'
configure:10131: $? = 1
configure: failed program was:
| /* confdefs.h */
| #define PACKAGE_NAME "libctf"
| #define PACKAGE_TARNAME "libctf"
| #define PACKAGE_VERSION "1.2.0"
| #define PACKAGE_STRING "libctf 1.2.0"
| #define PACKAGE_BUGREPORT ""
| #define PACKAGE_URL ""
| #define STDC_HEADERS 1
| #define HAVE_SYS_TYPES_H 1
| #define HAVE_SYS_STAT_H 1
| #define HAVE_STDLIB_H 1
| #define HAVE_STRING_H 1
| #define HAVE_MEMORY_H 1
| #define HAVE_STRINGS_H 1
| #define HAVE_INTTYPES_H 1
| #define HAVE_STDINT_H 1
| #define HAVE_UNISTD_H 1
| #define __EXTENSIONS__ 1
| #define _ALL_SOURCE 1
| #define _GNU_SOURCE 1
| #define _POSIX_PTHREAD_SEMANTICS 1
| #define _TANDEM_SOURCE 1
| #define PACKAGE "libctf"
| #define VERSION "1.2.0"
| #define ENABLE_NLS 1
| #define HAVE_DLFCN_H 1
| #define LT_OBJDIR ".libs/"
| #define HAVE_STDLIB_H 1
| #define HAVE_UNISTD_H 1
| #define HAVE_SYS_PARAM_H 1
| #define HAVE_GETPAGESIZE 1
| #define HAVE_BFD_ELF 1
| /* end confdefs.h.  */
| #ifndef __APPLE_CC__
| 	       not a universal capable compiler
| 	     #endif
| 	     typedef int dummy;
| 
configure:10176: riscv64-buildroot-linux-musl-gcc -c -static      conftest.c >&5
configure:10176: $? = 0
configure:10194: riscv64-buildroot-linux-musl-gcc -c -static      conftest.c >&5
conftest.c: In function 'main':
conftest.c:41:4: error: unknown type name 'not'; did you mean 'ino_t'?
   41 |    not big endian
      |    ^~~
      |    ino_t
conftest.c:41:12: error: expected '=', ',', ';', 'asm' or '__attribute__' before 'endian'
   41 |    not big endian
      |            ^~~~~~
configure:10194: $? = 1
configure: failed program was:
| /* confdefs.h */
| #define PACKAGE_NAME "libctf"
| #define PACKAGE_TARNAME "libctf"
| #define PACKAGE_VERSION "1.2.0"
| #define PACKAGE_STRING "libctf 1.2.0"
| #define PACKAGE_BUGREPORT ""
| #define PACKAGE_URL ""
| #define STDC_HEADERS 1
| #define HAVE_SYS_TYPES_H 1
| #define HAVE_SYS_STAT_H 1
| #define HAVE_STDLIB_H 1
| #define HAVE_STRING_H 1
| #define HAVE_MEMORY_H 1
| #define HAVE_STRINGS_H 1
| #define HAVE_INTTYPES_H 1
| #define HAVE_STDINT_H 1
| #define HAVE_UNISTD_H 1
| #define __EXTENSIONS__ 1
| #define _ALL_SOURCE 1
| #define _GNU_SOURCE 1
| #define _POSIX_PTHREAD_SEMANTICS 1
| #define _TANDEM_SOURCE 1
| #define PACKAGE "libctf"
| #define VERSION "1.2.0"
| #define ENABLE_NLS 1
| #define HAVE_DLFCN_H 1
| #define LT_OBJDIR ".libs/"
| #define HAVE_STDLIB_H 1
| #define HAVE_UNISTD_H 1
| #define HAVE_SYS_PARAM_H 1
| #define HAVE_GETPAGESIZE 1
| #define HAVE_BFD_ELF 1
| /* end confdefs.h.  */
| #include <sys/types.h>
| 		#include <sys/param.h>
| 
| int
| main ()
| {
| #if BYTE_ORDER != BIG_ENDIAN
| 		 not big endian
| 		#endif
| 
|   ;
|   return 0;
| }
configure:10322: result: no
configure:10343: checking byteswap.h usability
configure:10343: riscv64-buildroot-linux-musl-gcc -c -static      conftest.c >&5
configure:10343: $? = 0
configure:10343: result: yes
configure:10343: checking byteswap.h presence
configure:10343: riscv64-buildroot-linux-musl-gcc -E  conftest.c
configure:10343: $? = 0
configure:10343: result: yes
configure:10343: checking for byteswap.h
configure:10343: result: yes
configure:10343: checking endian.h usability
configure:10343: riscv64-buildroot-linux-musl-gcc -c -static      conftest.c >&5
configure:10343: $? = 0
configure:10343: result: yes
configure:10343: checking endian.h presence
configure:10343: riscv64-buildroot-linux-musl-gcc -E  conftest.c
configure:10343: $? = 0
configure:10343: result: yes
configure:10343: checking for endian.h
configure:10343: result: yes
configure:10355: checking for pread
configure:10355: riscv64-buildroot-linux-musl-gcc -o conftest -static       -static conftest.c  >&5
configure:10355: $? = 0
configure:10355: result: yes
configure:10365: checking whether bswap_16 is declared
configure:10365: riscv64-buildroot-linux-musl-gcc -c -static      conftest.c >&5
configure:10365: $? = 0
configure:10365: result: yes
configure:10376: checking whether bswap_32 is declared
configure:10376: riscv64-buildroot-linux-musl-gcc -c -static      conftest.c >&5
configure:10376: $? = 0
configure:10376: result: yes
configure:10387: checking whether bswap_64 is declared
configure:10387: riscv64-buildroot-linux-musl-gcc -c -static      conftest.c >&5
configure:10387: $? = 0
configure:10387: result: yes
configure:10399: checking whether asprintf is declared
configure:10399: riscv64-buildroot-linux-musl-gcc -c -static      conftest.c >&5
configure:10399: $? = 0
configure:10399: result: yes
configure:10409: checking whether vasprintf is declared
configure:10409: riscv64-buildroot-linux-musl-gcc -c -static      conftest.c >&5
configure:10409: $? = 0
configure:10409: result: yes
configure:10419: checking whether stpcpy is declared
configure:10419: riscv64-buildroot-linux-musl-gcc -c -static      conftest.c >&5
configure:10419: $? = 0
configure:10419: result: yes
configure:10437: checking for qsort_r
configure:10437: riscv64-buildroot-linux-musl-gcc -o conftest -static       -static conftest.c  >&5
/home/stu/riscv64--musl--bleeding-edge-2020.08-1/bin/../lib/gcc/riscv64-buildroot-linux-musl/10.2.0/../../../../riscv64-buildroot-linux-musl/bin/ld: /tmp/ccBwwmqT.o: in function `main':
conftest.c:(.text+0x10): undefined reference to `qsort_r'
collect2: error: ld returned 1 exit status
configure:10437: $? = 1
configure: failed program was:
| /* confdefs.h */
| #define PACKAGE_NAME "libctf"
| #define PACKAGE_TARNAME "libctf"
| #define PACKAGE_VERSION "1.2.0"
| #define PACKAGE_STRING "libctf 1.2.0"
| #define PACKAGE_BUGREPORT ""
| #define PACKAGE_URL ""
| #define STDC_HEADERS 1
| #define HAVE_SYS_TYPES_H 1
| #define HAVE_SYS_STAT_H 1
| #define HAVE_STDLIB_H 1
| #define HAVE_STRING_H 1
| #define HAVE_MEMORY_H 1
| #define HAVE_STRINGS_H 1
| #define HAVE_INTTYPES_H 1
| #define HAVE_STDINT_H 1
| #define HAVE_UNISTD_H 1
| #define __EXTENSIONS__ 1
| #define _ALL_SOURCE 1
| #define _GNU_SOURCE 1
| #define _POSIX_PTHREAD_SEMANTICS 1
| #define _TANDEM_SOURCE 1
| #define PACKAGE "libctf"
| #define VERSION "1.2.0"
| #define ENABLE_NLS 1
| #define HAVE_DLFCN_H 1
| #define LT_OBJDIR ".libs/"
| #define HAVE_STDLIB_H 1
| #define HAVE_UNISTD_H 1
| #define HAVE_SYS_PARAM_H 1
| #define HAVE_GETPAGESIZE 1
| #define HAVE_BFD_ELF 1
| #define HAVE_BYTESWAP_H 1
| #define HAVE_ENDIAN_H 1
| #define HAVE_PREAD 1
| #define HAVE_DECL_BSWAP_16 1
| #define HAVE_DECL_BSWAP_32 1
| #define HAVE_DECL_BSWAP_64 1
| #define HAVE_DECL_ASPRINTF 1
| #define HAVE_DECL_VASPRINTF 1
| #define HAVE_DECL_STPCPY 1
| /* end confdefs.h.  */
| /* Define qsort_r to an innocuous variant, in case <limits.h> declares qsort_r.
|    For example, HP-UX 11i <limits.h> declares gettimeofday.  */
| #define qsort_r innocuous_qsort_r
| 
| /* System header to define __stub macros and hopefully few prototypes,
|     which can conflict with char qsort_r (); below.
|     Prefer <limits.h> to <assert.h> if __STDC__ is defined, since
|     <limits.h> exists even on freestanding compilers.  */
| 
| #ifdef __STDC__
| # include <limits.h>
| #else
| # include <assert.h>
| #endif
| 
| #undef qsort_r
| 
| /* Override any GCC internal prototype to avoid an error.
|    Use char because int might match the return type of a GCC
|    builtin and then its argument prototype would still apply.  */
| #ifdef __cplusplus
| extern "C"
| #endif
| char qsort_r ();
| /* The GNU C library defines this for functions which it implements
|     to always fail with ENOSYS.  Some functions are actually named
|     something starting with __ and the normal name is an alias.  */
| #if defined __stub_qsort_r || defined __stub___qsort_r
| choke me
| #endif
| 
| int
| main ()
| {
| return qsort_r ();
|   ;
|   return 0;
| }
configure:10437: result: no
configure:10533: checking for O_CLOEXEC
configure:10553: riscv64-buildroot-linux-musl-gcc -o conftest -static       -static conftest.c  >&5
configure:10553: $? = 0
configure:10561: result: yes
configure:10576: checking for makeinfo
configure:10603: result: makeinfo --split-size=5000000
configure:10681: checking for expect
configure:10714: result: no
configure:10719: checking for Tcl supporting try/catch
configure:10730: result: no
configure:10743: checking for linker versioning flags
configure:10758: riscv64-buildroot-linux-musl-gcc -o conftest -static     -fPIC   -static -shared -Wl,--version-script=conftest.ver conftest.c  >&5
/home/stu/riscv64--musl--bleeding-edge-2020.08-1/bin/../lib/gcc/riscv64-buildroot-linux-musl/10.2.0/../../../../riscv64-buildroot-linux-musl/bin/ld: /home/stu/riscv64--musl--bleeding-edge-2020.08-1/bin/../lib/gcc/riscv64-buildroot-linux-musl/10.2.0/crtbeginT.o: relocation R_RISCV_HI20 against `a local symbol' can not be used when making a shared object; recompile with -fPIC
collect2: fatal error: ld terminated with signal 11 [Segmentation fault], core dumped
compilation terminated.
configure:10758: $? = 1
configure: failed program was:
| /* confdefs.h */
| #define PACKAGE_NAME "libctf"
| #define PACKAGE_TARNAME "libctf"
| #define PACKAGE_VERSION "1.2.0"
| #define PACKAGE_STRING "libctf 1.2.0"
| #define PACKAGE_BUGREPORT ""
| #define PACKAGE_URL ""
| #define STDC_HEADERS 1
| #define HAVE_SYS_TYPES_H 1
| #define HAVE_SYS_STAT_H 1
| #define HAVE_STDLIB_H 1
| #define HAVE_STRING_H 1
| #define HAVE_MEMORY_H 1
| #define HAVE_STRINGS_H 1
| #define HAVE_INTTYPES_H 1
| #define HAVE_STDINT_H 1
| #define HAVE_UNISTD_H 1
| #define __EXTENSIONS__ 1
| #define _ALL_SOURCE 1
| #define _GNU_SOURCE 1
| #define _POSIX_PTHREAD_SEMANTICS 1
| #define _TANDEM_SOURCE 1
| #define PACKAGE "libctf"
| #define VERSION "1.2.0"
| #define ENABLE_NLS 1
| #define HAVE_DLFCN_H 1
| #define LT_OBJDIR ".libs/"
| #define HAVE_STDLIB_H 1
| #define HAVE_UNISTD_H 1
| #define HAVE_SYS_PARAM_H 1
| #define HAVE_GETPAGESIZE 1
| #define HAVE_BFD_ELF 1
| #define HAVE_BYTESWAP_H 1
| #define HAVE_ENDIAN_H 1
| #define HAVE_PREAD 1
| #define HAVE_DECL_BSWAP_16 1
| #define HAVE_DECL_BSWAP_32 1
| #define HAVE_DECL_BSWAP_64 1
| #define HAVE_DECL_ASPRINTF 1
| #define HAVE_DECL_VASPRINTF 1
| #define HAVE_DECL_STPCPY 1
| #define HAVE_O_CLOEXEC 1
| /* end confdefs.h.  */
| int ctf_foo (void) { return 0; }
| 				    int main (void) { return ctf_foo(); }
configure:10772: riscv64-buildroot-linux-musl-gcc -o conftest -static     -fPIC   -static -shared -Wl,-B,local -Wl,-z,gnu-version-script=conftest.ver conftest.c  >&5
/home/stu/riscv64--musl--bleeding-edge-2020.08-1/bin/../lib/gcc/riscv64-buildroot-linux-musl/10.2.0/../../../../riscv64-buildroot-linux-musl/bin/ld: unrecognized option '-B'
/home/stu/riscv64--musl--bleeding-edge-2020.08-1/bin/../lib/gcc/riscv64-buildroot-linux-musl/10.2.0/../../../../riscv64-buildroot-linux-musl/bin/ld: use the --help option for usage information
collect2: error: ld returned 1 exit status
configure:10772: $? = 1
configure: failed program was:
| /* confdefs.h */
| #define PACKAGE_NAME "libctf"
| #define PACKAGE_TARNAME "libctf"
| #define PACKAGE_VERSION "1.2.0"
| #define PACKAGE_STRING "libctf 1.2.0"
| #define PACKAGE_BUGREPORT ""
| #define PACKAGE_URL ""
| #define STDC_HEADERS 1
| #define HAVE_SYS_TYPES_H 1
| #define HAVE_SYS_STAT_H 1
| #define HAVE_STDLIB_H 1
| #define HAVE_STRING_H 1
| #define HAVE_MEMORY_H 1
| #define HAVE_STRINGS_H 1
| #define HAVE_INTTYPES_H 1
| #define HAVE_STDINT_H 1
| #define HAVE_UNISTD_H 1
| #define __EXTENSIONS__ 1
| #define _ALL_SOURCE 1
| #define _GNU_SOURCE 1
| #define _POSIX_PTHREAD_SEMANTICS 1
| #define _TANDEM_SOURCE 1
| #define PACKAGE "libctf"
| #define VERSION "1.2.0"
| #define ENABLE_NLS 1
| #define HAVE_DLFCN_H 1
| #define LT_OBJDIR ".libs/"
| #define HAVE_STDLIB_H 1
| #define HAVE_UNISTD_H 1
| #define HAVE_SYS_PARAM_H 1
| #define HAVE_GETPAGESIZE 1
| #define HAVE_BFD_ELF 1
| #define HAVE_BYTESWAP_H 1
| #define HAVE_ENDIAN_H 1
| #define HAVE_PREAD 1
| #define HAVE_DECL_BSWAP_16 1
| #define HAVE_DECL_BSWAP_32 1
| #define HAVE_DECL_BSWAP_64 1
| #define HAVE_DECL_ASPRINTF 1
| #define HAVE_DECL_VASPRINTF 1
| #define HAVE_DECL_STPCPY 1
| #define HAVE_O_CLOEXEC 1
| /* end confdefs.h.  */
| int ctf_foo (void) { return 0; }
| 				      int main (void) { return ctf_foo(); }
configure:10787: result: -export-symbols-regex ctf_.*
configure:10868: updating cache ./config.cache
configure:10912: checking that generated files are newer than configure
configure:10918: result: done
configure:10966: creating ./config.status

## ---------------------- ##
## Running config.status. ##
## ---------------------- ##

This file was extended by libctf config.status 1.2.0, which was
generated by GNU Autoconf 2.69.  Invocation command line was

  CONFIG_FILES    = 
  CONFIG_HEADERS  = 
  CONFIG_LINKS    = 
  CONFIG_COMMANDS = 
  $ ./config.status 

on gwins7-ubuntu

config.status:1132: creating Makefile
config.status:1132: creating config.h
config.status:1361: executing depfiles commands
config.status:1361: executing libtool commands

## ---------------- ##
## Cache variables. ##
## ---------------- ##

ac_cv_build=x86_64-pc-linux-gnu
ac_cv_c_bigendian=no
ac_cv_c_compiler_gnu=yes
ac_cv_env_CC_set=set
ac_cv_env_CC_value=riscv64-buildroot-linux-musl-gcc
ac_cv_env_CFLAGS_set=set
ac_cv_env_CFLAGS_value='-static    '
ac_cv_env_CPPFLAGS_set=
ac_cv_env_CPPFLAGS_value=
ac_cv_env_CPP_set=
ac_cv_env_CPP_value=
ac_cv_env_LDFLAGS_set=set
ac_cv_env_LDFLAGS_value=' -static'
ac_cv_env_LIBS_set=
ac_cv_env_LIBS_value=
ac_cv_env_build_alias_set=set
ac_cv_env_build_alias_value=x86_64-pc-linux-gnu
ac_cv_env_host_alias_set=set
ac_cv_env_host_alias_value=riscv64-buildroot-linux-musl
ac_cv_env_target_alias_set=set
ac_cv_env_target_alias_value=riscv64-buildroot-linux-musl
ac_cv_func_getpagesize=yes
ac_cv_func_mmap_fixed_mapped=no
ac_cv_func_pread=yes
ac_cv_func_qsort_r=no
ac_cv_have_decl_asprintf=yes
ac_cv_have_decl_bswap_16=yes
ac_cv_have_decl_bswap_32=yes
ac_cv_have_decl_bswap_64=yes
ac_cv_have_decl_stpcpy=yes
ac_cv_have_decl_vasprintf=yes
ac_cv_header_byteswap_h=yes
ac_cv_header_dlfcn_h=yes
ac_cv_header_endian_h=yes
ac_cv_header_inttypes_h=yes
ac_cv_header_memory_h=yes
ac_cv_header_minix_config_h=no
ac_cv_header_stdc=yes
ac_cv_header_stdint_h=yes
ac_cv_header_stdlib_h=yes
ac_cv_header_string_h=yes
ac_cv_header_strings_h=yes
ac_cv_header_sys_param_h=yes
ac_cv_header_sys_stat_h=yes
ac_cv_header_sys_types_h=yes
ac_cv_header_unistd_h=yes
ac_cv_host=riscv64-buildroot-linux-musl
ac_cv_libctf_bfd_elf=yes
ac_cv_libctf_macro_O_CLOEXEC=yes
ac_cv_libctf_qsort_r_signature=unknown
ac_cv_libctf_tcl_try=no
ac_cv_libctf_version_script='-export-symbols-regex ctf_.*'
ac_cv_objext=o
ac_cv_path_EGREP='/usr/bin/grep -E'
ac_cv_path_FGREP='/usr/bin/grep -F'
ac_cv_path_GREP=/usr/bin/grep
ac_cv_path_SED=/usr/bin/sed
ac_cv_path_mkdir=/usr/bin/mkdir
ac_cv_prog_ACLOCAL='${SHELL} /home/stu/binutils-2.39/missing aclocal-1.15'
ac_cv_prog_AR='riscv64-buildroot-linux-musl-ar --plugin /home/stu/riscv64--musl--bleeding-edge-2020.08-1/bin/../libexec/gcc/riscv64-buildroot-linux-musl/10.2.0/liblto_plugin.so'
ac_cv_prog_AUTOCONF='${SHELL} /home/stu/binutils-2.39/missing autoconf'
ac_cv_prog_AUTOHEADER='${SHELL} /home/stu/binutils-2.39/missing autoheader'
ac_cv_prog_AWK=gawk
ac_cv_prog_CC=riscv64-buildroot-linux-musl-gcc
ac_cv_prog_CPP='riscv64-buildroot-linux-musl-gcc -E'
ac_cv_prog_MAKEINFO='makeinfo --split-size=5000000'
ac_cv_prog_OBJDUMP=riscv64-buildroot-linux-musl-objdump
ac_cv_prog_RANLIB='riscv64-buildroot-linux-musl-ranlib --plugin /home/stu/riscv64--musl--bleeding-edge-2020.08-1/bin/../libexec/gcc/riscv64-buildroot-linux-musl/10.2.0/liblto_plugin.so'
ac_cv_prog_STRIP=riscv64-buildroot-linux-musl-strip
ac_cv_prog_cc_c89=
ac_cv_prog_cc_g=yes
ac_cv_prog_make_make_set=yes
ac_cv_safe_to_define___extensions__=yes
ac_cv_search_dlsym='none required'
ac_cv_sys_file_offset_bits=no
ac_cv_sys_largefile_CC=no
ac_cv_target=riscv64-buildroot-linux-musl
acx_cv_prog_cc_pedantic__Wlong_long=yes
acx_cv_prog_cc_warning__W=yes
acx_cv_prog_cc_warning__Wall=yes
acx_cv_prog_cc_warning__Wmissing_format_attribute=yes
acx_cv_prog_cc_warning__Wmissing_prototypes=yes
acx_cv_prog_cc_warning__Wnarrowing=yes
acx_cv_prog_cc_warning__Wold_style_definition=yes
acx_cv_prog_cc_warning__Wstrict_prototypes=yes
acx_cv_prog_cc_warning__Wwrite_strings=yes
am_cv_CC_dependencies_compiler_type=gcc3
am_cv_ar_interface=ar
am_cv_make_support_nested_variables=yes
am_cv_prog_cc_c_o=yes
lt_cv_deplibs_check_method=pass_all
lt_cv_file_magic_cmd='$MAGIC_CMD'
lt_cv_file_magic_test_file=
lt_cv_ld_reload_flag=-r
lt_cv_nm_interface='BSD nm'
lt_cv_objdir=.libs
lt_cv_path_LD=/home/stu/riscv64--musl--bleeding-edge-2020.08-1/bin/../lib/gcc/riscv64-buildroot-linux-musl/10.2.0/../../../../riscv64-buildroot-linux-musl/bin/ld
lt_cv_path_NM=/home/stu/riscv64--musl--bleeding-edge-2020.08-1/bin/riscv64-buildroot-linux-musl-nm
lt_cv_prog_compiler_c_o=yes
lt_cv_prog_compiler_pic_works=yes
lt_cv_prog_compiler_rtti_exceptions=no
lt_cv_prog_compiler_static_works=yes
lt_cv_prog_gnu_ld=yes
lt_cv_shlibpath_overrides_runpath=no
lt_cv_sys_global_symbol_pipe='sed -n -e '\''s/^.*[	 ]\([ABCDGIRSTW][ABCDGIRSTW]*\)[	 ][	 ]*\([_A-Za-z][_A-Za-z0-9]*\)$/\1 \2 \2/p'\'''
lt_cv_sys_global_symbol_to_c_name_address='sed -n -e '\''s/^: \([^ ]*\) $/  {\"\1\", (void *) 0},/p'\'' -e '\''s/^[ABCDGIRSTW]* \([^ ]*\) \([^ ]*\)$/  {"\2", (void *) \&\2},/p'\'''
lt_cv_sys_global_symbol_to_c_name_address_lib_prefix='sed -n -e '\''s/^: \([^ ]*\) $/  {\"\1\", (void *) 0},/p'\'' -e '\''s/^[ABCDGIRSTW]* \([^ ]*\) \(lib[^ ]*\)$/  {"\2", (void *) \&\2},/p'\'' -e '\''s/^[ABCDGIRSTW]* \([^ ]*\) \([^ ]*\)$/  {"lib\2", (void *) \&\2},/p'\'''
lt_cv_sys_global_symbol_to_cdecl='sed -n -e '\''s/^T .* \(.*\)$/extern int \1();/p'\'' -e '\''s/^[ABCDGIRSTW]* .* \(.*\)$/extern char \1;/p'\'''
lt_cv_sys_max_cmd_len=1572864

## ----------------- ##
## Output variables. ##
## ----------------- ##

ACLOCAL='${SHELL} /home/stu/binutils-2.39/missing aclocal-1.15'
AMDEPBACKSLASH='\'
AMDEP_FALSE='#'
AMDEP_TRUE=''
AMTAR='$${TAR-tar}'
AM_BACKSLASH='\'
AM_DEFAULT_V='$(AM_DEFAULT_VERBOSITY)'
AM_DEFAULT_VERBOSITY='0'
AM_V='$(V)'
AR='riscv64-buildroot-linux-musl-ar --plugin /home/stu/riscv64--musl--bleeding-edge-2020.08-1/bin/../libexec/gcc/riscv64-buildroot-linux-musl/10.2.0/liblto_plugin.so --plugin /home/stu/riscv64--musl--bleeding-edge-2020.08-1/bin/../libexec/gcc/riscv64-buildroot-linux-musl/10.2.0/liblto_plugin.so'
AUTOCONF='${SHELL} /home/stu/binutils-2.39/missing autoconf'
AUTOHEADER='${SHELL} /home/stu/binutils-2.39/missing autoheader'
AUTOMAKE='${SHELL} /home/stu/binutils-2.39/missing automake-1.15'
AWK='gawk'
BUILD_INFO_FALSE='#'
BUILD_INFO_TRUE=''
CATALOGS=''
CATOBJEXT='.gmo'
CC='riscv64-buildroot-linux-musl-gcc'
CCDEPMODE='depmode=gcc3'
CFLAGS='-static    '
CPP='riscv64-buildroot-linux-musl-gcc -E'
CPPFLAGS=''
CTF_LIBADD='-L/home/stu/binutils-2.39/libctf/../libiberty -liberty '
CYGPATH_W='echo'
DATADIRNAME='share'
DEFS='-DHAVE_CONFIG_H'
DEPDIR='.deps'
DSYMUTIL='@DSYMUTIL@'
DUMPBIN=''
ECHO_C=''
ECHO_N='-n'
ECHO_T=''
EGREP='/usr/bin/grep -E'
ENABLE_LIBCTF_HASH_DEBUGGING_FALSE=''
ENABLE_LIBCTF_HASH_DEBUGGING_TRUE='#'
EXEEXT=''
EXPECT=''
FGREP='/usr/bin/grep -F'
GENCAT='gencat'
GMSGFMT='/usr/bin/msgfmt'
GREP='/usr/bin/grep'
INCINTL=''
INSTALL_DATA='/usr/bin/install -c -m 644'
INSTALL_LIBBFD_FALSE='#'
INSTALL_LIBBFD_TRUE=''
INSTALL_PROGRAM='/usr/bin/install -c'
INSTALL_SCRIPT='/usr/bin/install -c'
INSTALL_STRIP_PROGRAM='$(install_sh) -c -s'
INSTOBJEXT='.mo'
LD='/home/stu/riscv64--musl--bleeding-edge-2020.08-1/bin/../lib/gcc/riscv64-buildroot-linux-musl/10.2.0/../../../../riscv64-buildroot-linux-musl/bin/ld'
LDFLAGS=' -static'
LIBINTL=''
LIBINTL_DEP=''
LIBOBJS=''
LIBS=''
LIBTOOL='$(SHELL) $(top_builddir)/libtool'
LIPO=''
LN_S='ln -s'
LTLIBOBJS=''
MAINT='#'
MAINTAINER_MODE_FALSE=''
MAINTAINER_MODE_TRUE='#'
MAKEINFO='makeinfo --split-size=5000000'
MKDIR_P='/usr/bin/mkdir -p'
NEED_CTF_QSORT_R_FALSE='#'
NEED_CTF_QSORT_R_TRUE=''
NM='/home/stu/riscv64--musl--bleeding-edge-2020.08-1/bin/riscv64-buildroot-linux-musl-nm'
NMEDIT=''
OBJDUMP='riscv64-buildroot-linux-musl-objdump'
OBJEXT='o'
OTOOL64=''
OTOOL='@OTOOL@'
PACKAGE='libctf'
PACKAGE_BUGREPORT=''
PACKAGE_NAME='libctf'
PACKAGE_STRING='libctf 1.2.0'
PACKAGE_TARNAME='libctf'
PACKAGE_URL=''
PACKAGE_VERSION='1.2.0'
PATH_SEPARATOR=':'
POSUB='po'
RANLIB='riscv64-buildroot-linux-musl-ranlib --plugin /home/stu/riscv64--musl--bleeding-edge-2020.08-1/bin/../libexec/gcc/riscv64-buildroot-linux-musl/10.2.0/liblto_plugin.so --plugin /home/stu/riscv64--musl--bleeding-edge-2020.08-1/bin/../libexec/gcc/riscv64-buildroot-linux-musl/10.2.0/liblto_plugin.so'
SED='/usr/bin/sed'
SET_MAKE=''
SHARED_LDFLAGS=''
SHELL='/bin/bash'
STRIP='riscv64-buildroot-linux-musl-strip'
TCL_TRY_FALSE=''
TCL_TRY_TRUE='#'
USE_NLS='yes'
VERSION='1.2.0'
VERSION_FLAGS='-export-symbols-regex ctf_.*'
VERSION_FLAGS_NOBFD='-export-symbols-regex ctf_.*'
WARN_PEDANTIC='-pedantic -Wno-long-long'
WERROR=''
XGETTEXT='/usr/bin/xgettext'
ac_ct_AR=''
ac_ct_CC=''
ac_ct_DUMPBIN=''
ac_libctf_warn_cflags='-Wall'
am__EXEEXT_FALSE=''
am__EXEEXT_TRUE='#'
am__fastdepCC_FALSE='#'
am__fastdepCC_TRUE=''
am__include='include'
am__isrc=''
am__leading_dot='.'
am__nodep='_no'
am__quote=''
am__tar='$${TAR-tar} chof - "$$tardir"'
am__untar='$${TAR-tar} xf -'
bfdincludedir='$(includedir)'
bfdlibdir='$(libdir)'
bindir='${exec_prefix}/bin'
build='x86_64-pc-linux-gnu'
build_alias='x86_64-pc-linux-gnu'
build_cpu='x86_64'
build_os='linux-gnu'
build_vendor='pc'
c_warn='-Wstrict-prototypes -Wmissing-prototypes -Wold-style-definition'
datadir='${datarootdir}'
datarootdir='${prefix}/share'
docdir='${datarootdir}/doc/${PACKAGE_TARNAME}'
dvidir='${docdir}'
exec_prefix='${prefix}'
host='riscv64-buildroot-linux-musl'
host_alias='riscv64-buildroot-linux-musl'
host_cpu='riscv64'
host_noncanonical='riscv64-buildroot-linux-musl'
host_os='linux-musl'
host_vendor='buildroot'
htmldir='${docdir}'
includedir='${prefix}/include'
infodir='${datarootdir}/info'
install_sh='${SHELL} /home/stu/binutils-2.39/install-sh'
libdir='${exec_prefix}/lib'
libexecdir='${exec_prefix}/libexec'
localedir='${datarootdir}/locale'
localstatedir='${prefix}/var'
mandir='${datarootdir}/man'
mkdir_p='$(MKDIR_P)'
oldincludedir='/usr/include'
pdfdir='${docdir}'
prefix='/home/stu/binutils-2.39/target'
program_transform_name='s,y,y,'
psdir='${docdir}'
sbindir='${exec_prefix}/sbin'
sharedstatedir='${prefix}/com'
sysconfdir='${prefix}/etc'
target='riscv64-buildroot-linux-musl'
target_alias='riscv64-buildroot-linux-musl'
target_cpu='riscv64'
target_noncanonical='riscv64-buildroot-linux-musl'
target_os='linux-musl'
target_vendor='buildroot'
warn='-W -Wall -Wno-narrowing -Wwrite-strings -Wmissing-format-attribute'
zlibdir='-L$(top_builddir)/../zlib'
zlibinc='-I$(top_srcdir)/../zlib'

## ----------- ##
## confdefs.h. ##
## ----------- ##

/* confdefs.h */
#define PACKAGE_NAME "libctf"
#define PACKAGE_TARNAME "libctf"
#define PACKAGE_VERSION "1.2.0"
#define PACKAGE_STRING "libctf 1.2.0"
#define PACKAGE_BUGREPORT ""
#define PACKAGE_URL ""
#define STDC_HEADERS 1
#define HAVE_SYS_TYPES_H 1
#define HAVE_SYS_STAT_H 1
#define HAVE_STDLIB_H 1
#define HAVE_STRING_H 1
#define HAVE_MEMORY_H 1
#define HAVE_STRINGS_H 1
#define HAVE_INTTYPES_H 1
#define HAVE_STDINT_H 1
#define HAVE_UNISTD_H 1
#define __EXTENSIONS__ 1
#define _ALL_SOURCE 1
#define _GNU_SOURCE 1
#define _POSIX_PTHREAD_SEMANTICS 1
#define _TANDEM_SOURCE 1
#define PACKAGE "libctf"
#define VERSION "1.2.0"
#define ENABLE_NLS 1
#define HAVE_DLFCN_H 1
#define LT_OBJDIR ".libs/"
#define HAVE_STDLIB_H 1
#define HAVE_UNISTD_H 1
#define HAVE_SYS_PARAM_H 1
#define HAVE_GETPAGESIZE 1
#define HAVE_BFD_ELF 1
#define HAVE_BYTESWAP_H 1
#define HAVE_ENDIAN_H 1
#define HAVE_PREAD 1
#define HAVE_DECL_BSWAP_16 1
#define HAVE_DECL_BSWAP_32 1
#define HAVE_DECL_BSWAP_64 1
#define HAVE_DECL_ASPRINTF 1
#define HAVE_DECL_VASPRINTF 1
#define HAVE_DECL_STPCPY 1
#define HAVE_O_CLOEXEC 1

configure: exit 0
