This file contains any messages produced by compilers while
running configure, to aid debugging if configure makes a mistake.

It was created by configure, which was
generated by GNU Autoconf 2.69.  Invocation command line was

  $ ./configure --host=riscv64-buildroot-linux-musl --prefix=/home/stu/binutils-2.39/target

## --------- ##
## Platform. ##
## --------- ##

hostname = gwins7-ubuntu
uname -m = x86_64
uname -r = 5.4.0-124-generic
uname -s = Linux
uname -v = #140-Ubuntu SMP Thu Aug 4 02:23:37 UTC 2022

/usr/bin/uname -p = x86_64
/bin/uname -X     = unknown

/bin/arch              = x86_64
/usr/bin/arch -k       = unknown
/usr/convex/getsysinfo = unknown
/usr/bin/hostinfo      = unknown
/bin/machine           = unknown
/usr/bin/oslevel       = unknown
/bin/universe          = unknown

PATH: /opt/riscv64-linux/bin
PATH: /usr/local/sbin
PATH: /usr/local/bin
PATH: /usr/sbin
PATH: /usr/bin
PATH: /sbin
PATH: /bin
PATH: /usr/games
PATH: /usr/local/games
PATH: /snap/bin
PATH: /home/stu/kendryte-toolchain/bin
PATH: /home/stu/riscv64--musl--bleeding-edge-2020.08-1/bin
PATH: /opt/qemu/bin
PATH: /home/stu/musl_gcc_x86/bin
PATH: /home/stu/good_gdb/bin


## ----------- ##
## Core tests. ##
## ----------- ##

configure:2351: checking build system type
configure:2365: result: x86_64-pc-linux-gnu
configure:2412: checking host system type
configure:2425: result: riscv64-buildroot-linux-musl
configure:2445: checking target system type
configure:2458: result: riscv64-buildroot-linux-musl
configure:2512: checking for a BSD-compatible install
configure:2580: result: /usr/bin/install -c
configure:2591: checking whether ln works
configure:2613: result: yes
configure:2617: checking whether ln -s works
configure:2621: result: yes
configure:2628: checking for a sed that does not truncate output
configure:2692: result: /usr/bin/sed
configure:2701: checking for gawk
configure:2717: found /usr/bin/gawk
configure:2728: result: gawk
configure:4040: checking for riscv64-buildroot-linux-musl-gcc
configure:4056: found /home/stu/riscv64--musl--bleeding-edge-2020.08-1/bin/riscv64-buildroot-linux-musl-gcc
configure:4067: result: riscv64-buildroot-linux-musl-gcc
configure:4336: checking for C compiler version
configure:4345: riscv64-buildroot-linux-musl-gcc --version >&5
riscv64-buildroot-linux-musl-gcc.br_real (Buildroot 2020.08-14-ge5a2a90) 10.2.0
Copyright (C) 2020 Free Software Foundation, Inc.
This is free software; see the source for copying conditions.  There is NO
warranty; not even for MERCHANTABILITY or FITNESS FOR A PARTICULAR PURPOSE.

configure:4356: $? = 0
configure:4345: riscv64-buildroot-linux-musl-gcc -v >&5
Using built-in specs.
COLLECT_GCC=/home/stu/riscv64--musl--bleeding-edge-2020.08-1/bin/riscv64-buildroot-linux-musl-gcc.br_real
COLLECT_LTO_WRAPPER=/home/stu/riscv64--musl--bleeding-edge-2020.08-1/bin/../libexec/gcc/riscv64-buildroot-linux-musl/10.2.0/lto-wrapper
Target: riscv64-buildroot-linux-musl
Configured with: ./configure --prefix=/opt/riscv64--musl--bleeding-edge-2020.08-1 --sysconfdir=/opt/riscv64--musl--bleeding-edge-2020.08-1/etc --enable-static --target=riscv64-buildroot-linux-musl --with-sysroot=/opt/riscv64--musl--bleeding-edge-2020.08-1/riscv64-buildroot-linux-musl/sysroot --enable-__cxa_atexit --with-gnu-ld --disable-libssp --disable-multilib --disable-decimal-float --with-gmp=/opt/riscv64--musl--bleeding-edge-2020.08-1 --with-mpc=/opt/riscv64--musl--bleeding-edge-2020.08-1 --with-mpfr=/opt/riscv64--musl--bleeding-edge-2020.08-1 --with-pkgversion='Buildroot 2020.08-14-ge5a2a90' --with-bugurl=http://bugs.buildroot.net/ --without-zstd --disable-libmpx --disable-libquadmath --disable-libquadmath-support --disable-libsanitizer --enable-tls --enable-threads --without-isl --without-cloog --with-arch=rv64imafd --with-abi=lp64 --enable-languages=c,c++,fortran --with-build-time-tools=/opt/riscv64--musl--bleeding-edge-2020.08-1/riscv64-buildroot-linux-musl/bin --enable-shared --disable-libgomp
Thread model: posix
Supported LTO compression algorithms: zlib
gcc version 10.2.0 (Buildroot 2020.08-14-ge5a2a90) 
configure:4356: $? = 0
configure:4345: riscv64-buildroot-linux-musl-gcc -V >&5
riscv64-buildroot-linux-musl-gcc.br_real: error: unrecognized command-line option '-V'
riscv64-buildroot-linux-musl-gcc.br_real: fatal error: no input files
compilation terminated.
configure:4356: $? = 1
configure:4345: riscv64-buildroot-linux-musl-gcc -qversion >&5
riscv64-buildroot-linux-musl-gcc.br_real: error: unrecognized command-line option '-qversion'; did you mean '--version'?
riscv64-buildroot-linux-musl-gcc.br_real: fatal error: no input files
compilation terminated.
configure:4356: $? = 1
configure:4376: checking whether the C compiler works
configure:4398: riscv64-buildroot-linux-musl-gcc    conftest.c  >&5
configure:4402: $? = 0
configure:4450: result: yes
configure:4453: checking for C compiler default output file name
configure:4455: result: a.out
configure:4461: checking for suffix of executables
configure:4468: riscv64-buildroot-linux-musl-gcc -o conftest    conftest.c  >&5
configure:4472: $? = 0
configure:4494: result: 
configure:4516: checking whether we are cross compiling
configure:4524: riscv64-buildroot-linux-musl-gcc -o conftest    conftest.c  >&5
configure:4528: $? = 0
configure:4535: ./conftest
./configure: line 4537: ./conftest: cannot execute binary file: Exec format error
configure:4539: $? = 126
configure:4527: result: yes
configure:4532: checking for suffix of object files
configure:4554: riscv64-buildroot-linux-musl-gcc -c   conftest.c >&5
configure:4558: $? = 0
configure:4579: result: o
configure:4583: checking whether we are using the GNU C compiler
configure:4602: riscv64-buildroot-linux-musl-gcc -c   conftest.c >&5
configure:4602: $? = 0
configure:4611: result: yes
configure:4620: checking whether riscv64-buildroot-linux-musl-gcc accepts -g
configure:4640: riscv64-buildroot-linux-musl-gcc -c -g  conftest.c >&5
configure:4640: $? = 0
configure:4681: result: yes
configure:4698: checking for riscv64-buildroot-linux-musl-gcc option to accept ISO C89
configure:4761: riscv64-buildroot-linux-musl-gcc  -c -g -O2  conftest.c >&5
configure:4761: $? = 0
configure:4774: result: none needed
configure:4794: checking for riscv64-buildroot-linux-musl-gcc option to accept ISO C99
configure:4943: riscv64-buildroot-linux-musl-gcc  -c -g -O2  conftest.c >&5
configure:4943: $? = 0
configure:4956: result: none needed
configure:4985: checking for riscv64-buildroot-linux-musl-g++
configure:5001: found /home/stu/riscv64--musl--bleeding-edge-2020.08-1/bin/riscv64-buildroot-linux-musl-g++
configure:5012: result: riscv64-buildroot-linux-musl-g++
configure:5083: checking for C++ compiler version
configure:5092: riscv64-buildroot-linux-musl-g++ --version >&5
riscv64-buildroot-linux-musl-g++.br_real (Buildroot 2020.08-14-ge5a2a90) 10.2.0
Copyright (C) 2020 Free Software Foundation, Inc.
This is free software; see the source for copying conditions.  There is NO
warranty; not even for MERCHANTABILITY or FITNESS FOR A PARTICULAR PURPOSE.

configure:5103: $? = 0
configure:5092: riscv64-buildroot-linux-musl-g++ -v >&5
Using built-in specs.
COLLECT_GCC=/home/stu/riscv64--musl--bleeding-edge-2020.08-1/bin/riscv64-buildroot-linux-musl-g++.br_real
COLLECT_LTO_WRAPPER=/home/stu/riscv64--musl--bleeding-edge-2020.08-1/bin/../libexec/gcc/riscv64-buildroot-linux-musl/10.2.0/lto-wrapper
Target: riscv64-buildroot-linux-musl
Configured with: ./configure --prefix=/opt/riscv64--musl--bleeding-edge-2020.08-1 --sysconfdir=/opt/riscv64--musl--bleeding-edge-2020.08-1/etc --enable-static --target=riscv64-buildroot-linux-musl --with-sysroot=/opt/riscv64--musl--bleeding-edge-2020.08-1/riscv64-buildroot-linux-musl/sysroot --enable-__cxa_atexit --with-gnu-ld --disable-libssp --disable-multilib --disable-decimal-float --with-gmp=/opt/riscv64--musl--bleeding-edge-2020.08-1 --with-mpc=/opt/riscv64--musl--bleeding-edge-2020.08-1 --with-mpfr=/opt/riscv64--musl--bleeding-edge-2020.08-1 --with-pkgversion='Buildroot 2020.08-14-ge5a2a90' --with-bugurl=http://bugs.buildroot.net/ --without-zstd --disable-libmpx --disable-libquadmath --disable-libquadmath-support --disable-libsanitizer --enable-tls --enable-threads --without-isl --without-cloog --with-arch=rv64imafd --with-abi=lp64 --enable-languages=c,c++,fortran --with-build-time-tools=/opt/riscv64--musl--bleeding-edge-2020.08-1/riscv64-buildroot-linux-musl/bin --enable-shared --disable-libgomp
Thread model: posix
Supported LTO compression algorithms: zlib
gcc version 10.2.0 (Buildroot 2020.08-14-ge5a2a90) 
configure:5103: $? = 0
configure:5092: riscv64-buildroot-linux-musl-g++ -V >&5
riscv64-buildroot-linux-musl-g++.br_real: error: unrecognized command-line option '-V'
riscv64-buildroot-linux-musl-g++.br_real: fatal error: no input files
compilation terminated.
configure:5103: $? = 1
configure:5092: riscv64-buildroot-linux-musl-g++ -qversion >&5
riscv64-buildroot-linux-musl-g++.br_real: error: unrecognized command-line option '-qversion'; did you mean '--version'?
riscv64-buildroot-linux-musl-g++.br_real: fatal error: no input files
compilation terminated.
configure:5103: $? = 1
configure:5107: checking whether we are using the GNU C++ compiler
configure:5126: riscv64-buildroot-linux-musl-g++ -c   conftest.cpp >&5
configure:5126: $? = 0
configure:5135: result: yes
configure:5144: checking whether riscv64-buildroot-linux-musl-g++ accepts -g
configure:5164: riscv64-buildroot-linux-musl-g++ -c -g  conftest.cpp >&5
configure:5164: $? = 0
configure:5205: result: yes
configure:5254: checking whether g++ accepts -static-libstdc++ -static-libgcc
configure:5271: riscv64-buildroot-linux-musl-g++ -o conftest -g -O2   -static-libstdc++ -static-libgcc conftest.cpp  >&5
configure:5271: $? = 0
configure:5272: result: yes
configure:5296: checking for riscv64-buildroot-linux-musl-gnatbind
configure:5326: result: no
configure:5336: checking for gnatbind
configure:5366: result: no
configure:5388: checking for riscv64-buildroot-linux-musl-gnatmake
configure:5418: result: no
configure:5428: checking for gnatmake
configure:5458: result: no
configure:5477: checking whether compiler driver understands Ada
configure:5500: result: no
configure:5509: checking how to compare bootstrapped objects
configure:5534: result: cmp --ignore-initial=16 $$f1 $$f2
configure:5679: checking for objdir
configure:5694: result: .libs
configure:6259: checking for isl 0.15 or later
configure:6272: riscv64-buildroot-linux-musl-gcc -o conftest -g -O2      -lisl -lmpc -lmpfr -lgmp conftest.c  -lisl -lgmp >&5
conftest.c:10:10: fatal error: isl/schedule.h: No such file or directory
   10 | #include <isl/schedule.h>
      |          ^~~~~~~~~~~~~~~~
compilation terminated.
configure:6272: $? = 1
configure: failed program was:
| /* confdefs.h */
| #define PACKAGE_NAME ""
| #define PACKAGE_TARNAME ""
| #define PACKAGE_VERSION ""
| #define PACKAGE_STRING ""
| #define PACKAGE_BUGREPORT ""
| #define PACKAGE_URL ""
| #define LT_OBJDIR ".libs/"
| /* end confdefs.h.  */
| #include <isl/schedule.h>
| int
| main ()
| {
| isl_options_set_schedule_serialize_sccs (NULL, 0);
|   ;
|   return 0;
| }
configure:6279: result: no
configure:6283: result: required isl version is 0.15 or later
configure:7390: checking for default BUILD_CONFIG
configure:7422: result: 
configure:7427: checking for --enable-vtable-verify
configure:7440: result: no
configure:8061: checking for bison
configure:8077: found /usr/bin/bison
configure:8088: result: bison -y
configure:8108: checking for bison
configure:8124: found /usr/bin/bison
configure:8135: result: bison
configure:8155: checking for gm4
configure:8185: result: no
configure:8155: checking for gnum4
configure:8185: result: no
configure:8155: checking for m4
configure:8171: found /usr/bin/m4
configure:8182: result: m4
configure:8202: checking for flex
configure:8218: found /usr/bin/flex
configure:8229: result: flex
configure:8250: checking for flex
configure:8266: found /usr/bin/flex
configure:8277: result: flex
configure:8297: checking for makeinfo
configure:8313: found /usr/bin/makeinfo
configure:8324: result: makeinfo
configure:8358: checking for expect
configure:8388: result: no
configure:8407: checking for runtest
configure:8437: result: no
configure:8513: checking for riscv64-buildroot-linux-musl-ar
configure:8529: found /home/stu/riscv64--musl--bleeding-edge-2020.08-1/bin/riscv64-buildroot-linux-musl-ar
configure:8540: result: riscv64-buildroot-linux-musl-ar
configure:8654: checking for riscv64-buildroot-linux-musl-as
configure:8670: found /home/stu/riscv64--musl--bleeding-edge-2020.08-1/bin/riscv64-buildroot-linux-musl-as
configure:8681: result: riscv64-buildroot-linux-musl-as
configure:8795: checking for riscv64-buildroot-linux-musl-dlltool
configure:8825: result: no
configure:8894: checking for ld
configure:8921: result: /home/stu/riscv64--musl--bleeding-edge-2020.08-1/bin/../lib/gcc/riscv64-buildroot-linux-musl/10.2.0/../../../../riscv64-buildroot-linux-musl/bin/ld
configure:8936: checking for riscv64-buildroot-linux-musl-ld
configure:8963: result: /home/stu/riscv64--musl--bleeding-edge-2020.08-1/bin/../lib/gcc/riscv64-buildroot-linux-musl/10.2.0/../../../../riscv64-buildroot-linux-musl/bin/ld
configure:9077: checking for riscv64-buildroot-linux-musl-lipo
configure:9107: result: no
configure:9218: checking for riscv64-buildroot-linux-musl-nm
configure:9234: found /home/stu/riscv64--musl--bleeding-edge-2020.08-1/bin/riscv64-buildroot-linux-musl-nm
configure:9245: result: riscv64-buildroot-linux-musl-nm
configure:9359: checking for riscv64-buildroot-linux-musl-ranlib
configure:9375: found /home/stu/riscv64--musl--bleeding-edge-2020.08-1/bin/riscv64-buildroot-linux-musl-ranlib
configure:9386: result: riscv64-buildroot-linux-musl-ranlib
configure:9495: checking for riscv64-buildroot-linux-musl-strip
configure:9511: found /home/stu/riscv64--musl--bleeding-edge-2020.08-1/bin/riscv64-buildroot-linux-musl-strip
configure:9522: result: riscv64-buildroot-linux-musl-strip
configure:9631: checking for riscv64-buildroot-linux-musl-windres
configure:9661: result: no
configure:9772: checking for riscv64-buildroot-linux-musl-windmc
configure:9802: result: no
configure:9913: checking for riscv64-buildroot-linux-musl-objcopy
configure:9929: found /home/stu/riscv64--musl--bleeding-edge-2020.08-1/bin/riscv64-buildroot-linux-musl-objcopy
configure:9940: result: riscv64-buildroot-linux-musl-objcopy
configure:10054: checking for riscv64-buildroot-linux-musl-objdump
configure:10070: found /home/stu/riscv64--musl--bleeding-edge-2020.08-1/bin/riscv64-buildroot-linux-musl-objdump
configure:10081: result: riscv64-buildroot-linux-musl-objdump
configure:10195: checking for riscv64-buildroot-linux-musl-readelf
configure:10211: found /home/stu/riscv64--musl--bleeding-edge-2020.08-1/bin/riscv64-buildroot-linux-musl-readelf
configure:10222: result: riscv64-buildroot-linux-musl-readelf
configure:10288: checking for -plugin option
configure:10306: checking for riscv64-buildroot-linux-musl-ar
configure:10333: result: riscv64-buildroot-linux-musl-ar
configure:10408: result: --plugin /home/stu/riscv64--musl--bleeding-edge-2020.08-1/bin/../libexec/gcc/riscv64-buildroot-linux-musl/10.2.0/liblto_plugin.so
configure:14257: checking where to find the target ar
configure:14267: result: pre-installed
configure:14299: checking where to find the target as
configure:14309: result: pre-installed
configure:14341: checking where to find the target cc
configure:14351: result: pre-installed
configure:14383: checking where to find the target c++
configure:14393: result: pre-installed
configure:14428: checking where to find the target c++ for libstdc++
configure:14438: result: pre-installed
configure:14473: checking where to find the target dlltool
configure:14483: result: pre-installed
configure:14515: checking where to find the target gcc
configure:14525: result: pre-installed
configure:14557: checking where to find the target gfortran
configure:14567: result: pre-installed
configure:14602: checking where to find the target gccgo
configure:14612: result: pre-installed
configure:14647: checking where to find the target ld
configure:14657: result: pre-installed
configure:14689: checking where to find the target lipo
configure:14699: result: pre-installed
configure:14720: checking where to find the target nm
configure:14730: result: pre-installed
configure:14762: checking where to find the target objcopy
configure:14772: result: pre-installed
configure:14804: checking where to find the target objdump
configure:14814: result: pre-installed
configure:14846: checking where to find the target ranlib
configure:14856: result: pre-installed
configure:14888: checking where to find the target readelf
configure:14898: result: pre-installed
configure:14930: checking where to find the target strip
configure:14940: result: pre-installed
configure:14972: checking where to find the target windres
configure:14982: result: pre-installed
configure:15014: checking where to find the target windmc
configure:15024: result: pre-installed
configure:15084: checking whether to enable maintainer-specific portions of Makefiles
configure:15093: result: no
configure:15328: creating ./config.status

## ---------------------- ##
## Running config.status. ##
## ---------------------- ##

This file was extended by config.status, which was
generated by GNU Autoconf 2.69.  Invocation command line was

  CONFIG_FILES    = 
  CONFIG_HEADERS  = 
  CONFIG_LINKS    = 
  CONFIG_COMMANDS = 
  $ ./config.status 

on gwins7-ubuntu

config.status:975: creating Makefile

## ---------------- ##
## Cache variables. ##
## ---------------- ##

ac_cv_build=x86_64-pc-linux-gnu
ac_cv_c_compiler_gnu=yes
ac_cv_cxx_compiler_gnu=yes
ac_cv_env_AR_FOR_TARGET_set=
ac_cv_env_AR_FOR_TARGET_value=
ac_cv_env_AR_set=
ac_cv_env_AR_value=
ac_cv_env_AS_FOR_TARGET_set=
ac_cv_env_AS_FOR_TARGET_value=
ac_cv_env_AS_set=
ac_cv_env_AS_value=
ac_cv_env_CCC_set=
ac_cv_env_CCC_value=
ac_cv_env_CC_FOR_TARGET_set=
ac_cv_env_CC_FOR_TARGET_value=
ac_cv_env_CC_set=
ac_cv_env_CC_value=
ac_cv_env_CFLAGS_set=
ac_cv_env_CFLAGS_value=
ac_cv_env_CPPFLAGS_set=
ac_cv_env_CPPFLAGS_value=
ac_cv_env_CXXFLAGS_set=
ac_cv_env_CXXFLAGS_value=
ac_cv_env_CXX_FOR_TARGET_set=
ac_cv_env_CXX_FOR_TARGET_value=
ac_cv_env_CXX_set=
ac_cv_env_CXX_value=
ac_cv_env_DLLTOOL_FOR_TARGET_set=
ac_cv_env_DLLTOOL_FOR_TARGET_value=
ac_cv_env_DLLTOOL_set=
ac_cv_env_DLLTOOL_value=
ac_cv_env_GCC_FOR_TARGET_set=
ac_cv_env_GCC_FOR_TARGET_value=
ac_cv_env_GFORTRAN_FOR_TARGET_set=
ac_cv_env_GFORTRAN_FOR_TARGET_value=
ac_cv_env_GOC_FOR_TARGET_set=
ac_cv_env_GOC_FOR_TARGET_value=
ac_cv_env_LDFLAGS_set=
ac_cv_env_LDFLAGS_value=
ac_cv_env_LD_FOR_TARGET_set=
ac_cv_env_LD_FOR_TARGET_value=
ac_cv_env_LD_set=
ac_cv_env_LD_value=
ac_cv_env_LIBS_set=
ac_cv_env_LIBS_value=
ac_cv_env_LIPO_FOR_TARGET_set=
ac_cv_env_LIPO_FOR_TARGET_value=
ac_cv_env_LIPO_set=
ac_cv_env_LIPO_value=
ac_cv_env_NM_FOR_TARGET_set=
ac_cv_env_NM_FOR_TARGET_value=
ac_cv_env_NM_set=
ac_cv_env_NM_value=
ac_cv_env_OBJCOPY_FOR_TARGET_set=
ac_cv_env_OBJCOPY_FOR_TARGET_value=
ac_cv_env_OBJCOPY_set=
ac_cv_env_OBJCOPY_value=
ac_cv_env_OBJDUMP_FOR_TARGET_set=
ac_cv_env_OBJDUMP_FOR_TARGET_value=
ac_cv_env_OBJDUMP_set=
ac_cv_env_OBJDUMP_value=
ac_cv_env_RANLIB_FOR_TARGET_set=
ac_cv_env_RANLIB_FOR_TARGET_value=
ac_cv_env_RANLIB_set=
ac_cv_env_RANLIB_value=
ac_cv_env_READELF_FOR_TARGET_set=
ac_cv_env_READELF_FOR_TARGET_value=
ac_cv_env_READELF_set=
ac_cv_env_READELF_value=
ac_cv_env_STRIP_FOR_TARGET_set=
ac_cv_env_STRIP_FOR_TARGET_value=
ac_cv_env_STRIP_set=
ac_cv_env_STRIP_value=
ac_cv_env_WINDMC_FOR_TARGET_set=
ac_cv_env_WINDMC_FOR_TARGET_value=
ac_cv_env_WINDMC_set=
ac_cv_env_WINDMC_value=
ac_cv_env_WINDRES_FOR_TARGET_set=
ac_cv_env_WINDRES_FOR_TARGET_value=
ac_cv_env_WINDRES_set=
ac_cv_env_WINDRES_value=
ac_cv_env_build_alias_set=
ac_cv_env_build_alias_value=
ac_cv_env_build_configargs_set=
ac_cv_env_build_configargs_value=
ac_cv_env_host_alias_set=set
ac_cv_env_host_alias_value=riscv64-buildroot-linux-musl
ac_cv_env_host_configargs_set=
ac_cv_env_host_configargs_value=
ac_cv_env_target_alias_set=
ac_cv_env_target_alias_value=
ac_cv_env_target_configargs_set=
ac_cv_env_target_configargs_value=
ac_cv_host=riscv64-buildroot-linux-musl
ac_cv_objext=o
ac_cv_path_SED=/usr/bin/sed
ac_cv_path_install='/usr/bin/install -c'
ac_cv_prog_AR=riscv64-buildroot-linux-musl-ar
ac_cv_prog_AS=riscv64-buildroot-linux-musl-as
ac_cv_prog_AWK=gawk
ac_cv_prog_BISON=bison
ac_cv_prog_CC=riscv64-buildroot-linux-musl-gcc
ac_cv_prog_CXX=riscv64-buildroot-linux-musl-g++
ac_cv_prog_FLEX=flex
ac_cv_prog_LD=/home/stu/riscv64--musl--bleeding-edge-2020.08-1/bin/../lib/gcc/riscv64-buildroot-linux-musl/10.2.0/../../../../riscv64-buildroot-linux-musl/bin/ld
ac_cv_prog_LEX=flex
ac_cv_prog_M4=m4
ac_cv_prog_MAKEINFO=makeinfo
ac_cv_prog_NM=riscv64-buildroot-linux-musl-nm
ac_cv_prog_OBJCOPY=riscv64-buildroot-linux-musl-objcopy
ac_cv_prog_OBJDUMP=riscv64-buildroot-linux-musl-objdump
ac_cv_prog_RANLIB=riscv64-buildroot-linux-musl-ranlib
ac_cv_prog_READELF=riscv64-buildroot-linux-musl-readelf
ac_cv_prog_STRIP=riscv64-buildroot-linux-musl-strip
ac_cv_prog_YACC='bison -y'
ac_cv_prog_cc_c89=
ac_cv_prog_cc_c99=
ac_cv_prog_cc_g=yes
ac_cv_prog_cxx_g=yes
ac_cv_target=riscv64-buildroot-linux-musl
acx_cv_cc_gcc_supports_ada=no
acx_cv_prog_LN=ln
gcc_cv_isl=no
gcc_cv_prog_cmp_skip='cmp --ignore-initial=16 $$f1 $$f2'
gcc_cv_tool_dirs=
gcc_cv_tool_prefix=/home/stu/binutils-2.39/target
lt_cv_objdir=.libs

## ----------------- ##
## Output variables. ##
## ----------------- ##

AR='riscv64-buildroot-linux-musl-ar'
AR_FOR_BUILD='ar'
AR_FOR_TARGET='ar'
AR_PLUGIN_OPTION='--plugin /home/stu/riscv64--musl--bleeding-edge-2020.08-1/bin/../libexec/gcc/riscv64-buildroot-linux-musl/10.2.0/liblto_plugin.so'
AS='riscv64-buildroot-linux-musl-as'
AS_FOR_BUILD='as'
AS_FOR_TARGET='as'
AWK='gawk'
BISON='bison'
BUILD_CONFIG=''
CC='riscv64-buildroot-linux-musl-gcc'
CC_FOR_BUILD='gcc'
CC_FOR_TARGET='cc'
CFLAGS='-g -O2'
CFLAGS_FOR_BUILD=''
CFLAGS_FOR_TARGET='-g -O2'
COMPILER_AS_FOR_TARGET='$(AS_FOR_TARGET)'
COMPILER_LD_FOR_TARGET='$(LD_FOR_TARGET)'
COMPILER_NM_FOR_TARGET='$(NM_FOR_TARGET)'
CONFIGURE_GDB_TK=''
CPPFLAGS=''
CXX='riscv64-buildroot-linux-musl-g++'
CXXFLAGS='-g -O2'
CXXFLAGS_FOR_BUILD=''
CXXFLAGS_FOR_TARGET='-g -O2'
CXX_FOR_BUILD='g++'
CXX_FOR_TARGET='c++'
DEBUG_PREFIX_CFLAGS_FOR_TARGET=''
DEFS='-DPACKAGE_NAME=\"\" -DPACKAGE_TARNAME=\"\" -DPACKAGE_VERSION=\"\" -DPACKAGE_STRING=\"\" -DPACKAGE_BUGREPORT=\"\" -DPACKAGE_URL=\"\" -DLT_OBJDIR=\".libs/\"'
DLLTOOL='riscv64-buildroot-linux-musl-dlltool'
DLLTOOL_FOR_BUILD='dlltool'
DLLTOOL_FOR_TARGET='dlltool'
ECHO_C=''
ECHO_N='-n'
ECHO_T=''
EXEEXT=''
EXPECT='expect'
FLAGS_FOR_TARGET=' -L$$r/$(HOST_SUBDIR)/ld'
FLEX='flex'
GCC_FOR_TARGET='cc'
GCC_SHLIB_SUBDIR=''
GDB_TK=''
GFORTRAN_FOR_BUILD='gfortran'
GFORTRAN_FOR_TARGET='gfortran'
GNATBIND='no'
GNATMAKE='no'
GOC_FOR_BUILD='gccgo'
GOC_FOR_TARGET='gccgo'
INSTALL_DATA='${INSTALL} -m 644'
INSTALL_GDB_TK=''
INSTALL_PROGRAM='${INSTALL}'
INSTALL_SCRIPT='${INSTALL}'
LD='/home/stu/riscv64--musl--bleeding-edge-2020.08-1/bin/../lib/gcc/riscv64-buildroot-linux-musl/10.2.0/../../../../riscv64-buildroot-linux-musl/bin/ld'
LDFLAGS=''
LDFLAGS_FOR_BUILD=''
LDFLAGS_FOR_TARGET=''
LD_FOR_BUILD='ld'
LD_FOR_TARGET='ld'
LEX='flex'
LIBOBJS=''
LIBS=''
LIPO='riscv64-buildroot-linux-musl-lipo'
LIPO_FOR_TARGET='lipo'
LN='ln'
LN_S='ln -s'
LTLIBOBJS=''
M4='m4'
MAINT='#'
MAINTAINER_MODE_FALSE=''
MAINTAINER_MODE_TRUE='#'
MAKEINFO='makeinfo'
NM='riscv64-buildroot-linux-musl-nm'
NM_FOR_BUILD='nm'
NM_FOR_TARGET='nm'
OBJCOPY='riscv64-buildroot-linux-musl-objcopy'
OBJCOPY_FOR_TARGET='objcopy'
OBJDUMP='riscv64-buildroot-linux-musl-objdump'
OBJDUMP_FOR_TARGET='objdump'
OBJEXT='o'
PACKAGE_BUGREPORT=''
PACKAGE_NAME=''
PACKAGE_STRING=''
PACKAGE_TARNAME=''
PACKAGE_URL=''
PACKAGE_VERSION=''
PATH_SEPARATOR=':'
PGO_BUILD_GEN_CFLAGS=''
PGO_BUILD_LTO_CFLAGS=''
PGO_BUILD_USE_CFLAGS=''
PKG_CONFIG_PATH=''
RANLIB='riscv64-buildroot-linux-musl-ranlib'
RANLIB_FOR_BUILD='ranlib'
RANLIB_FOR_TARGET='ranlib'
RANLIB_PLUGIN_OPTION='--plugin /home/stu/riscv64--musl--bleeding-edge-2020.08-1/bin/../libexec/gcc/riscv64-buildroot-linux-musl/10.2.0/liblto_plugin.so'
RAW_CXX_FOR_TARGET='c++'
READELF='riscv64-buildroot-linux-musl-readelf'
READELF_FOR_TARGET='readelf'
RPATH_ENVVAR='LD_LIBRARY_PATH'
RUNTEST='runtest'
SED='/usr/bin/sed'
SHELL='/bin/bash'
STRIP='riscv64-buildroot-linux-musl-strip'
STRIP_FOR_TARGET='strip'
SYSROOT_CFLAGS_FOR_TARGET=''
TOPLEVEL_CONFIGURE_ARGUMENTS='./configure --host=riscv64-buildroot-linux-musl --prefix=/home/stu/binutils-2.39/target'
WINDMC='riscv64-buildroot-linux-musl-windmc'
WINDMC_FOR_BUILD='windmc'
WINDMC_FOR_TARGET='windmc'
WINDRES='riscv64-buildroot-linux-musl-windres'
WINDRES_FOR_BUILD='windres'
WINDRES_FOR_TARGET='windres'
YACC='bison -y'
ac_ct_CC=''
ac_ct_CXX=''
bindir='${exec_prefix}/bin'
build='x86_64-pc-linux-gnu'
build_alias=''
build_configargs=' --cache-file=./config.cache '\''--prefix=/home/stu/binutils-2.39/target'\'' --program-transform-name='\''s,y,y,'\'' --disable-option-checking'
build_configdirs=' libiberty'
build_cpu='x86_64'
build_libsubdir='build-x86_64-pc-linux-gnu'
build_noncanonical='x86_64-pc-linux-gnu'
build_os='linux-gnu'
build_subdir='build-x86_64-pc-linux-gnu'
build_tooldir='${exec_prefix}/riscv64-buildroot-linux-musl'
build_vendor='pc'
compare_exclusions='gcc/cc*-checksum$(objext) | gcc/ada/*tools/*'
configdirs=' intl libiberty opcodes bfd zlib libctf binutils gas ld gprof etc'
datadir='${datarootdir}'
datarootdir='${prefix}/share'
do_compare='cmp --ignore-initial=16 $$f1 $$f2'
docdir='${datarootdir}/doc/${PACKAGE}'
dvidir='${docdir}'
exec_prefix='${prefix}'
extra_host_libiberty_configure_flags=''
extra_host_zlib_configure_flags=''
extra_isl_gmp_configure_flags=''
extra_liboffloadmic_configure_flags=''
extra_linker_plugin_configure_flags=''
extra_linker_plugin_flags=''
extra_mpc_gmp_configure_flags=''
extra_mpc_mpfr_configure_flags=''
extra_mpfr_configure_flags=''
get_gcc_base_ver='cat'
gmpinc=''
gmplibs='-lmpc -lmpfr -lgmp'
host='riscv64-buildroot-linux-musl'
host_alias='riscv64-buildroot-linux-musl'
host_configargs=' --cache-file=./config.cache  --with-gnu-as --with-gnu-ld '\''--prefix=/home/stu/binutils-2.39/target'\'' --program-transform-name='\''s,y,y,'\'' --disable-option-checking'
host_cpu='riscv64'
host_noncanonical='riscv64-buildroot-linux-musl'
host_os='linux-musl'
host_shared='no'
host_subdir='.'
host_vendor='buildroot'
htmldir='${docdir}'
includedir='${prefix}/include'
infodir='${datarootdir}/info'
islinc=''
isllibs=''
libdir='${exec_prefix}/lib'
libexecdir='${exec_prefix}/libexec'
localedir='${datarootdir}/locale'
localstatedir='${prefix}/var'
mandir='${datarootdir}/man'
oldincludedir='/usr/include'
pdfdir='${docdir}'
poststage1_ldflags='-static-libstdc++ -static-libgcc'
poststage1_libs=''
prefix='/home/stu/binutils-2.39/target'
program_transform_name='s,y,y,'
psdir='${docdir}'
sbindir='${exec_prefix}/sbin'
sharedstatedir='${prefix}/com'
stage1_cflags='-g'
stage1_checking='--enable-checking=yes,types'
stage1_languages=',c,'
stage1_ldflags=''
stage1_libs=''
stage2_werror_flag=''
sysconfdir='${prefix}/etc'
target='riscv64-buildroot-linux-musl'
target_alias=''
target_configargs='--cache-file=./config.cache --enable-multilib   '\''--prefix=/home/stu/binutils-2.39/target'\'' --program-transform-name='\''s,y,y,'\'' --disable-option-checking'
target_configdirs=''
target_cpu='riscv64'
target_noncanonical='riscv64-buildroot-linux-musl'
target_os='linux-musl'
target_subdir='riscv64-buildroot-linux-musl'
target_vendor='buildroot'
tooldir='${exec_prefix}/riscv64-buildroot-linux-musl'

## ------------------- ##
## File substitutions. ##
## ------------------- ##

alphaieee_frag='/dev/null'
host_makefile_frag='/dev/null'
ospace_frag='/dev/null'
serialization_dependencies='serdep.tmp'
target_makefile_frag='./config/mt-gnu'

## ----------- ##
## confdefs.h. ##
## ----------- ##

/* confdefs.h */
#define PACKAGE_NAME ""
#define PACKAGE_TARNAME ""
#define PACKAGE_VERSION ""
#define PACKAGE_STRING ""
#define PACKAGE_BUGREPORT ""
#define PACKAGE_URL ""
#define LT_OBJDIR ".libs/"

configure: exit 0
